Flow report for SIN_GNT
Fri Nov 24 18:30:42 2017
Quartus II Version 9.1 Build 304 01/25/2010 Service Pack 1 SJ Web Edition


---------------------
; Table of Contents ;
---------------------
  1. Legal Notice
  2. Flow Summary
  3. Flow Settings
  4. Flow Non-Default Global Settings
  5. Flow Elapsed Time
  6. Flow OS Summary
  7. Flow Log



----------------
; Legal Notice ;
----------------
Copyright (C) 1991-2010 Altera Corporation
Your use of Altera Corporation's design tools, logic functions 
and other software and tools, and its AMPP partner logic 
functions, and any output files from any of the foregoing 
(including device programming or simulation files), and any 
associated documentation or information are expressly subject 
to the terms and conditions of the Altera Program License 
Subscription Agreement, Altera MegaCore Function License 
Agreement, or other applicable license agreement, including, 
without limitation, that your use is for the sole purpose of 
programming logic devices manufactured by Altera and sold by 
Altera or its authorized distributors.  Please refer to the 
applicable agreement for further details.



+-----------------------------------------------------------------------------------+
; Flow Summary                                                                      ;
+------------------------------------+----------------------------------------------+
; Flow Status                        ; Successful - Fri Nov 24 18:30:40 2017        ;
; Quartus II Version                 ; 9.1 Build 304 01/25/2010 SP 1 SJ Web Edition ;
; Revision Name                      ; SIN_GNT                                      ;
; Top-level Entity Name              ; SIN_GNT                                      ;
; Family                             ; Cyclone III                                  ;
; Device                             ; EP3C10E144C8                                 ;
; Timing Models                      ; Final                                        ;
; Met timing requirements            ; N/A                                          ;
; Total logic elements               ; 784 / 10,320 ( 8 % )                         ;
;     Total combinational functions  ; 521 / 10,320 ( 5 % )                         ;
;     Dedicated logic registers      ; 622 / 10,320 ( 6 % )                         ;
; Total registers                    ; 622                                          ;
; Total pins                         ; 20 / 95 ( 21 % )                             ;
; Total virtual pins                 ; 0                                            ;
; Total memory bits                  ; 62,464 / 423,936 ( 15 % )                    ;
; Embedded Multiplier 9-bit elements ; 0 / 46 ( 0 % )                               ;
; Total PLLs                         ; 0 / 2 ( 0 % )                                ;
+------------------------------------+----------------------------------------------+


+-----------------------------------------+
; Flow Settings                           ;
+-------------------+---------------------+
; Option            ; Setting             ;
+-------------------+---------------------+
; Start date & time ; 11/24/2017 18:30:19 ;
; Main task         ; Compilation         ;
; Revision Name     ; SIN_GNT             ;
+-------------------+---------------------+


+--------------------------------------------------------------------------------------------------------------------------------------------------------------------------------+
; Flow Non-Default Global Settings                                                                                                                                               ;
+------------------------------------+--------------------------------------------------------------------------------------------+---------------+-------------+----------------+
; Assignment Name                    ; Value                                                                                      ; Default Value ; Entity Name ; Section Id     ;
+------------------------------------+--------------------------------------------------------------------------------------------+---------------+-------------+----------------+
; COMPILER_SIGNATURE_ID              ; 141448460555219.151151941904328                                                            ; --            ; --          ; --             ;
; ENABLE_SIGNALTAP                   ; On                                                                                         ; --            ; --          ; --             ;
; IP_TOOL_NAME                       ; ROM: 1-PORT                                                                                ; --            ; --          ; --             ;
; IP_TOOL_NAME                       ; LPM_COUNTER                                                                                ; --            ; --          ; --             ;
; IP_TOOL_NAME                       ; LPM_COUNTER                                                                                ; --            ; --          ; --             ;
; IP_TOOL_VERSION                    ; 9.1                                                                                        ; --            ; --          ; --             ;
; IP_TOOL_VERSION                    ; 9.1                                                                                        ; --            ; --          ; --             ;
; IP_TOOL_VERSION                    ; 9.1                                                                                        ; --            ; --          ; --             ;
; MAX_CORE_JUNCTION_TEMP             ; 85                                                                                         ; --            ; --          ; --             ;
; MIN_CORE_JUNCTION_TEMP             ; 0                                                                                          ; --            ; --          ; --             ;
; MISC_FILE                          ; ROM78.bsf                                                                                  ; --            ; --          ; --             ;
; MISC_FILE                          ; ROM78_bb.v                                                                                 ; --            ; --          ; --             ;
; MISC_FILE                          ; CNT4B.bsf                                                                                  ; --            ; --          ; --             ;
; MISC_FILE                          ; CNT4B_bb.v                                                                                 ; --            ; --          ; --             ;
; MISC_FILE                          ; CNT7B.bsf                                                                                  ; --            ; --          ; --             ;
; MISC_FILE                          ; CNT7B_bb.v                                                                                 ; --            ; --          ; --             ;
; MISC_FILE                          ; D:/Documents/Desktop/EDA/EDA实验/EDA实验三/SIN_GNT.dpf                                     ; --            ; --          ; --             ;
; NOMINAL_CORE_SUPPLY_VOLTAGE        ; 1.2V                                                                                       ; --            ; --          ; --             ;
; PARTITION_COLOR                    ; 16764057                                                                                   ; --            ; --          ; Top            ;
; PARTITION_NETLIST_TYPE             ; SOURCE                                                                                     ; --            ; --          ; Top            ;
; SLD_NODE_CREATOR_ID                ; 110                                                                                        ; --            ; --          ; SIN            ;
; SLD_NODE_ENTITY_NAME               ; sld_signaltap                                                                              ; --            ; --          ; SIN            ;
; SLD_NODE_PARAMETER_ASSIGNMENT      ; SLD_DATA_BITS=15                                                                           ; --            ; --          ; SIN            ;
; SLD_NODE_PARAMETER_ASSIGNMENT      ; SLD_TRIGGER_BITS=15                                                                        ; --            ; --          ; SIN            ;
; SLD_NODE_PARAMETER_ASSIGNMENT      ; SLD_NODE_INFO=805334528                                                                    ; --            ; --          ; SIN            ;
; SLD_NODE_PARAMETER_ASSIGNMENT      ; SLD_POWER_UP_TRIGGER=0                                                                     ; --            ; --          ; SIN            ;
; SLD_NODE_PARAMETER_ASSIGNMENT      ; SLD_STORAGE_QUALIFIER_INVERSION_MASK_LENGTH=0                                              ; --            ; --          ; SIN            ;
; SLD_NODE_PARAMETER_ASSIGNMENT      ; SLD_SEGMENT_SIZE=4096                                                                      ; --            ; --          ; SIN            ;
; SLD_NODE_PARAMETER_ASSIGNMENT      ; SLD_ATTRIBUTE_MEM_MODE=OFF                                                                 ; --            ; --          ; SIN            ;
; SLD_NODE_PARAMETER_ASSIGNMENT      ; SLD_NODE_CRC_LOWORD=45197                                                                  ; --            ; --          ; SIN            ;
; SLD_NODE_PARAMETER_ASSIGNMENT      ; SLD_TRIGGER_LEVEL=1                                                                        ; --            ; --          ; SIN            ;
; SLD_NODE_PARAMETER_ASSIGNMENT      ; SLD_SAMPLE_DEPTH=4096                                                                      ; --            ; --          ; SIN            ;
; SLD_NODE_PARAMETER_ASSIGNMENT      ; SLD_TRIGGER_IN_ENABLED=1                                                                   ; --            ; --          ; SIN            ;
; SLD_NODE_PARAMETER_ASSIGNMENT      ; SLD_ADVANCED_TRIGGER_ENTITY=basic,1,                                                       ; --            ; --          ; SIN            ;
; SLD_NODE_PARAMETER_ASSIGNMENT      ; SLD_TRIGGER_LEVEL_PIPELINE=1                                                               ; --            ; --          ; SIN            ;
; SLD_NODE_PARAMETER_ASSIGNMENT      ; SLD_ENABLE_ADVANCED_TRIGGER=0                                                              ; --            ; --          ; SIN            ;
; SLD_NODE_PARAMETER_ASSIGNMENT      ; SLD_INVERSION_MASK=00000000000000000000000000000000000000000000000000000000000000000000000 ; --            ; --          ; SIN            ;
; SLD_NODE_PARAMETER_ASSIGNMENT      ; SLD_INVERSION_MASK_LENGTH=71                                                               ; --            ; --          ; SIN            ;
; SLD_NODE_PARAMETER_ASSIGNMENT      ; SLD_STATE_FLOW_USE_GENERATED=0                                                             ; --            ; --          ; SIN            ;
; SLD_NODE_PARAMETER_ASSIGNMENT      ; SLD_STATE_BITS=11                                                                          ; --            ; --          ; SIN            ;
; SLD_NODE_PARAMETER_ASSIGNMENT      ; SLD_BUFFER_FULL_STOP=1                                                                     ; --            ; --          ; SIN            ;
; SLD_NODE_PARAMETER_ASSIGNMENT      ; SLD_CURRENT_RESOURCE_WIDTH=1                                                               ; --            ; --          ; SIN            ;
; SLD_NODE_PARAMETER_ASSIGNMENT      ; SLD_NODE_CRC_HIWORD=32469                                                                  ; --            ; --          ; SIN            ;
; USE_GENERATED_PHYSICAL_CONSTRAINTS ; Off                                                                                        ; --            ; --          ; eda_blast_fpga ;
; USE_SIGNALTAP_FILE                 ; stp1.stp                                                                                   ; --            ; --          ; --             ;
+------------------------------------+--------------------------------------------------------------------------------------------+---------------+-------------+----------------+


+-------------------------------------------------------------------------------------------------------------------------------+
; Flow Elapsed Time                                                                                                             ;
+---------------------------+--------------+-------------------------+---------------------+------------------------------------+
; Module Name               ; Elapsed Time ; Average Processors Used ; Peak Virtual Memory ; Total CPU Time (on all processors) ;
+---------------------------+--------------+-------------------------+---------------------+------------------------------------+
; Analysis & Synthesis      ; 00:00:09     ; 1.0                     ; 283 MB              ; 00:00:08                           ;
; Fitter                    ; 00:00:07     ; 1.0                     ; 312 MB              ; 00:00:06                           ;
; TimeQuest Timing Analyzer ; 00:00:04     ; 1.0                     ; 250 MB              ; 00:00:03                           ;
; Assembler                 ; 00:00:02     ; 1.0                     ; 239 MB              ; 00:00:01                           ;
; Total                     ; 00:00:20     ; --                      ; --                  ; 00:00:17                           ;
+---------------------------+--------------+-------------------------+---------------------+------------------------------------+


+--------------------------------------------------------------------------------------------+
; Flow OS Summary                                                                            ;
+---------------------------+------------------+---------------+------------+----------------+
; Module Name               ; Machine Hostname ; OS Name       ; OS Version ; Processor type ;
+---------------------------+------------------+---------------+------------+----------------+
; Analysis & Synthesis      ; DESKTOP-1D0KGCK  ; Windows Vista ; 6.2        ; x86_64         ;
; Fitter                    ; DESKTOP-1D0KGCK  ; Windows Vista ; 6.2        ; x86_64         ;
; Assembler                 ; DESKTOP-1D0KGCK  ; Windows Vista ; 6.2        ; x86_64         ;
; TimeQuest Timing Analyzer ; DESKTOP-1D0KGCK  ; Windows Vista ; 6.2        ; x86_64         ;
+---------------------------+------------------+---------------+------------+----------------+


------------
; Flow Log ;
------------
quartus_map --read_settings_files=on --write_settings_files=off SIN_GNT -c SIN_GNT
quartus_fit --read_settings_files=off --write_settings_files=off SIN_GNT -c SIN_GNT
quartus_asm --read_settings_files=off --write_settings_files=off SIN_GNT -c SIN_GNT
quartus_sta SIN_GNT -c SIN_GNT



