Classic Timing Analyzer report for 6-4
Fri Dec 08 19:02:00 2017
Quartus II Version 9.1 Build 304 01/25/2010 Service Pack 1 SJ Web Edition


---------------------
; Table of Contents ;
---------------------
  1. Legal Notice
  2. Timing Analyzer Summary
  3. Timing Analyzer Settings
  4. Clock Settings Summary
  5. Parallel Compilation
  6. Clock Setup: 'FIN'
  7. Clock Setup: 'CLKK'
  8. tco
  9. tpd
 10. Timing Analyzer Messages



----------------
; Legal Notice ;
----------------
Copyright (C) 1991-2010 Altera Corporation
Your use of Altera Corporation's design tools, logic functions 
and other software and tools, and its AMPP partner logic 
functions, and any output files from any of the foregoing 
(including device programming or simulation files), and any 
associated documentation or information are expressly subject 
to the terms and conditions of the Altera Program License 
Subscription Agreement, Altera MegaCore Function License 
Agreement, or other applicable license agreement, including, 
without limitation, that your use is for the sole purpose of 
programming logic devices manufactured by Altera and sold by 
Altera or its authorized distributors.  Please refer to the 
applicable agreement for further details.



+---------------------------------------------------------------------------------------------------------------------------------------------------------------------------------------------------+
; Timing Analyzer Summary                                                                                                                                                                           ;
+------------------------------+-------+---------------+------------------------------------------------+-------------------------+--------------------------+------------+----------+--------------+
; Type                         ; Slack ; Required Time ; Actual Time                                    ; From                    ; To                       ; From Clock ; To Clock ; Failed Paths ;
+------------------------------+-------+---------------+------------------------------------------------+-------------------------+--------------------------+------------+----------+--------------+
; Worst-case tco               ; N/A   ; None          ; 7.457 ns                                       ; COUNTER32B:inst7|CQI[7] ; DOUT[7]                  ; FIN        ; --       ; 0            ;
; Worst-case tpd               ; N/A   ; None          ; 8.765 ns                                       ; CLKK                    ; RST_CNT                  ; --         ; --       ; 0            ;
; Clock Setup: 'FIN'           ; N/A   ; None          ; 425.53 MHz ( period = 2.350 ns )               ; COUNTER32B:inst7|CQI[0] ; COUNTER32B:inst7|CQI[31] ; FIN        ; FIN      ; 0            ;
; Clock Setup: 'CLKK'          ; N/A   ; None          ; Restricted to 500.00 MHz ( period = 2.000 ns ) ; FTCTRL:inst|Div2CLK     ; FTCTRL:inst|Div2CLK      ; CLKK       ; CLKK     ; 0            ;
; Total number of failed paths ;       ;               ;                                                ;                         ;                          ;            ;          ; 0            ;
+------------------------------+-------+---------------+------------------------------------------------+-------------------------+--------------------------+------------+----------+--------------+


+-----------------------------------------------------------------------------------------------------------------------------------------------------+
; Timing Analyzer Settings                                                                                                                            ;
+------------------------------------------------------------------------------------------------------+--------------------+------+----+-------------+
; Option                                                                                               ; Setting            ; From ; To ; Entity Name ;
+------------------------------------------------------------------------------------------------------+--------------------+------+----+-------------+
; Device Name                                                                                          ; EP2S15F484C3       ;      ;    ;             ;
; Timing Models                                                                                        ; Final              ;      ;    ;             ;
; Default hold multicycle                                                                              ; Same as Multicycle ;      ;    ;             ;
; Cut paths between unrelated clock domains                                                            ; On                 ;      ;    ;             ;
; Cut off read during write signal paths                                                               ; On                 ;      ;    ;             ;
; Cut off feedback from I/O pins                                                                       ; On                 ;      ;    ;             ;
; Report Combined Fast/Slow Timing                                                                     ; Off                ;      ;    ;             ;
; Ignore Clock Settings                                                                                ; Off                ;      ;    ;             ;
; Analyze latches as synchronous elements                                                              ; On                 ;      ;    ;             ;
; Enable Recovery/Removal analysis                                                                     ; Off                ;      ;    ;             ;
; Enable Clock Latency                                                                                 ; Off                ;      ;    ;             ;
; Use TimeQuest Timing Analyzer                                                                        ; Off                ;      ;    ;             ;
; Number of source nodes to report per destination node                                                ; 10                 ;      ;    ;             ;
; Number of destination nodes to report                                                                ; 10                 ;      ;    ;             ;
; Number of paths to report                                                                            ; 200                ;      ;    ;             ;
; Report Minimum Timing Checks                                                                         ; Off                ;      ;    ;             ;
; Use Fast Timing Models                                                                               ; Off                ;      ;    ;             ;
; Report IO Paths Separately                                                                           ; Off                ;      ;    ;             ;
; Perform Multicorner Analysis                                                                         ; On                 ;      ;    ;             ;
; Reports the worst-case path for each clock domain and analysis                                       ; Off                ;      ;    ;             ;
; Reports worst-case timing paths for each clock domain and analysis                                   ; Off                ;      ;    ;             ;
; Specifies the maximum number of worst-case timing paths to report for each clock domain and analysis ; 100                ;      ;    ;             ;
; Removes common clock path pessimism (CCPP) during slack computation                                  ; Off                ;      ;    ;             ;
; Output I/O Timing Endpoint                                                                           ; Near End           ;      ;    ;             ;
+------------------------------------------------------------------------------------------------------+--------------------+------+----+-------------+


+------------------------------------------------------------------------------------------------------------------------------------------------------------------------------------+
; Clock Settings Summary                                                                                                                                                             ;
+-----------------+--------------------+----------+------------------+---------------+--------------+----------+-----------------------+---------------------+--------+--------------+
; Clock Node Name ; Clock Setting Name ; Type     ; Fmax Requirement ; Early Latency ; Late Latency ; Based on ; Multiply Base Fmax by ; Divide Base Fmax by ; Offset ; Phase offset ;
+-----------------+--------------------+----------+------------------+---------------+--------------+----------+-----------------------+---------------------+--------+--------------+
; FIN             ;                    ; User Pin ; None             ; 0.000 ns      ; 0.000 ns     ; --       ; N/A                   ; N/A                 ; N/A    ;              ;
; CLKK            ;                    ; User Pin ; None             ; 0.000 ns      ; 0.000 ns     ; --       ; N/A                   ; N/A                 ; N/A    ;              ;
+-----------------+--------------------+----------+------------------+---------------+--------------+----------+-----------------------+---------------------+--------+--------------+


Parallel compilation was disabled, but you have multiple processors available. Enable parallel compilation to reduce compilation time.
+-------------------------------------+
; Parallel Compilation                ;
+----------------------------+--------+
; Processors                 ; Number ;
+----------------------------+--------+
; Number detected on machine ; 2      ;
; Maximum allowed            ; 1      ;
+----------------------------+--------+


+-----------------------------------------------------------------------------------------------------------------------------------------------------------------------------------------------------------------------------------------------------------------+
; Clock Setup: 'FIN'                                                                                                                                                                                                                                              ;
+-----------------------------------------+-----------------------------------------------------+--------------------------+--------------------------+------------+----------+-----------------------------+---------------------------+-------------------------+
; Slack                                   ; Actual fmax (period)                                ; From                     ; To                       ; From Clock ; To Clock ; Required Setup Relationship ; Required Longest P2P Time ; Actual Longest P2P Time ;
+-----------------------------------------+-----------------------------------------------------+--------------------------+--------------------------+------------+----------+-----------------------------+---------------------------+-------------------------+
; N/A                                     ; 425.53 MHz ( period = 2.350 ns )                    ; COUNTER32B:inst7|CQI[0]  ; COUNTER32B:inst7|CQI[31] ; FIN        ; FIN      ; None                        ; None                      ; 2.166 ns                ;
; N/A                                     ; 431.97 MHz ( period = 2.315 ns )                    ; COUNTER32B:inst7|CQI[0]  ; COUNTER32B:inst7|CQI[30] ; FIN        ; FIN      ; None                        ; None                      ; 2.131 ns                ;
; N/A                                     ; 438.60 MHz ( period = 2.280 ns )                    ; COUNTER32B:inst7|CQI[0]  ; COUNTER32B:inst7|CQI[29] ; FIN        ; FIN      ; None                        ; None                      ; 2.096 ns                ;
; N/A                                     ; 445.43 MHz ( period = 2.245 ns )                    ; COUNTER32B:inst7|CQI[0]  ; COUNTER32B:inst7|CQI[28] ; FIN        ; FIN      ; None                        ; None                      ; 2.061 ns                ;
; N/A                                     ; 452.49 MHz ( period = 2.210 ns )                    ; COUNTER32B:inst7|CQI[0]  ; COUNTER32B:inst7|CQI[27] ; FIN        ; FIN      ; None                        ; None                      ; 2.026 ns                ;
; N/A                                     ; 456.41 MHz ( period = 2.191 ns )                    ; COUNTER32B:inst7|CQI[1]  ; COUNTER32B:inst7|CQI[31] ; FIN        ; FIN      ; None                        ; None                      ; 2.006 ns                ;
; N/A                                     ; 459.77 MHz ( period = 2.175 ns )                    ; COUNTER32B:inst7|CQI[0]  ; COUNTER32B:inst7|CQI[26] ; FIN        ; FIN      ; None                        ; None                      ; 1.991 ns                ;
; N/A                                     ; 463.82 MHz ( period = 2.156 ns )                    ; COUNTER32B:inst7|CQI[1]  ; COUNTER32B:inst7|CQI[30] ; FIN        ; FIN      ; None                        ; None                      ; 1.971 ns                ;
; N/A                                     ; 463.82 MHz ( period = 2.156 ns )                    ; COUNTER32B:inst7|CQI[2]  ; COUNTER32B:inst7|CQI[31] ; FIN        ; FIN      ; None                        ; None                      ; 1.971 ns                ;
; N/A                                     ; 467.29 MHz ( period = 2.140 ns )                    ; COUNTER32B:inst7|CQI[0]  ; COUNTER32B:inst7|CQI[25] ; FIN        ; FIN      ; None                        ; None                      ; 1.956 ns                ;
; N/A                                     ; 471.48 MHz ( period = 2.121 ns )                    ; COUNTER32B:inst7|CQI[1]  ; COUNTER32B:inst7|CQI[29] ; FIN        ; FIN      ; None                        ; None                      ; 1.936 ns                ;
; N/A                                     ; 471.48 MHz ( period = 2.121 ns )                    ; COUNTER32B:inst7|CQI[2]  ; COUNTER32B:inst7|CQI[30] ; FIN        ; FIN      ; None                        ; None                      ; 1.936 ns                ;
; N/A                                     ; 471.48 MHz ( period = 2.121 ns )                    ; COUNTER32B:inst7|CQI[3]  ; COUNTER32B:inst7|CQI[31] ; FIN        ; FIN      ; None                        ; None                      ; 1.936 ns                ;
; N/A                                     ; 479.39 MHz ( period = 2.086 ns )                    ; COUNTER32B:inst7|CQI[1]  ; COUNTER32B:inst7|CQI[28] ; FIN        ; FIN      ; None                        ; None                      ; 1.901 ns                ;
; N/A                                     ; 479.39 MHz ( period = 2.086 ns )                    ; COUNTER32B:inst7|CQI[2]  ; COUNTER32B:inst7|CQI[29] ; FIN        ; FIN      ; None                        ; None                      ; 1.901 ns                ;
; N/A                                     ; 479.39 MHz ( period = 2.086 ns )                    ; COUNTER32B:inst7|CQI[3]  ; COUNTER32B:inst7|CQI[30] ; FIN        ; FIN      ; None                        ; None                      ; 1.901 ns                ;
; N/A                                     ; 479.39 MHz ( period = 2.086 ns )                    ; COUNTER32B:inst7|CQI[4]  ; COUNTER32B:inst7|CQI[31] ; FIN        ; FIN      ; None                        ; None                      ; 1.901 ns                ;
; N/A                                     ; 487.57 MHz ( period = 2.051 ns )                    ; COUNTER32B:inst7|CQI[1]  ; COUNTER32B:inst7|CQI[27] ; FIN        ; FIN      ; None                        ; None                      ; 1.866 ns                ;
; N/A                                     ; 487.57 MHz ( period = 2.051 ns )                    ; COUNTER32B:inst7|CQI[2]  ; COUNTER32B:inst7|CQI[28] ; FIN        ; FIN      ; None                        ; None                      ; 1.866 ns                ;
; N/A                                     ; 487.57 MHz ( period = 2.051 ns )                    ; COUNTER32B:inst7|CQI[3]  ; COUNTER32B:inst7|CQI[29] ; FIN        ; FIN      ; None                        ; None                      ; 1.866 ns                ;
; N/A                                     ; 487.57 MHz ( period = 2.051 ns )                    ; COUNTER32B:inst7|CQI[4]  ; COUNTER32B:inst7|CQI[30] ; FIN        ; FIN      ; None                        ; None                      ; 1.866 ns                ;
; N/A                                     ; 487.57 MHz ( period = 2.051 ns )                    ; COUNTER32B:inst7|CQI[5]  ; COUNTER32B:inst7|CQI[31] ; FIN        ; FIN      ; None                        ; None                      ; 1.866 ns                ;
; N/A                                     ; 496.03 MHz ( period = 2.016 ns )                    ; COUNTER32B:inst7|CQI[0]  ; COUNTER32B:inst7|CQI[24] ; FIN        ; FIN      ; None                        ; None                      ; 1.832 ns                ;
; N/A                                     ; 496.03 MHz ( period = 2.016 ns )                    ; COUNTER32B:inst7|CQI[1]  ; COUNTER32B:inst7|CQI[26] ; FIN        ; FIN      ; None                        ; None                      ; 1.831 ns                ;
; N/A                                     ; 496.03 MHz ( period = 2.016 ns )                    ; COUNTER32B:inst7|CQI[2]  ; COUNTER32B:inst7|CQI[27] ; FIN        ; FIN      ; None                        ; None                      ; 1.831 ns                ;
; N/A                                     ; 496.03 MHz ( period = 2.016 ns )                    ; COUNTER32B:inst7|CQI[3]  ; COUNTER32B:inst7|CQI[28] ; FIN        ; FIN      ; None                        ; None                      ; 1.831 ns                ;
; N/A                                     ; 496.03 MHz ( period = 2.016 ns )                    ; COUNTER32B:inst7|CQI[4]  ; COUNTER32B:inst7|CQI[29] ; FIN        ; FIN      ; None                        ; None                      ; 1.831 ns                ;
; N/A                                     ; 496.03 MHz ( period = 2.016 ns )                    ; COUNTER32B:inst7|CQI[5]  ; COUNTER32B:inst7|CQI[30] ; FIN        ; FIN      ; None                        ; None                      ; 1.831 ns                ;
; N/A                                     ; 496.03 MHz ( period = 2.016 ns )                    ; COUNTER32B:inst7|CQI[6]  ; COUNTER32B:inst7|CQI[31] ; FIN        ; FIN      ; None                        ; None                      ; 1.831 ns                ;
; N/A                                     ; Restricted to 500.00 MHz ( period = 2.000 ns )      ; COUNTER32B:inst7|CQI[0]  ; COUNTER32B:inst7|CQI[23] ; FIN        ; FIN      ; None                        ; None                      ; 1.797 ns                ;
; N/A                                     ; Restricted to 500.00 MHz ( period = 2.000 ns )      ; COUNTER32B:inst7|CQI[1]  ; COUNTER32B:inst7|CQI[25] ; FIN        ; FIN      ; None                        ; None                      ; 1.796 ns                ;
; N/A                                     ; Restricted to 500.00 MHz ( period = 2.000 ns )      ; COUNTER32B:inst7|CQI[2]  ; COUNTER32B:inst7|CQI[26] ; FIN        ; FIN      ; None                        ; None                      ; 1.796 ns                ;
; N/A                                     ; Restricted to 500.00 MHz ( period = 2.000 ns )      ; COUNTER32B:inst7|CQI[3]  ; COUNTER32B:inst7|CQI[27] ; FIN        ; FIN      ; None                        ; None                      ; 1.796 ns                ;
; N/A                                     ; Restricted to 500.00 MHz ( period = 2.000 ns )      ; COUNTER32B:inst7|CQI[4]  ; COUNTER32B:inst7|CQI[28] ; FIN        ; FIN      ; None                        ; None                      ; 1.796 ns                ;
; N/A                                     ; Restricted to 500.00 MHz ( period = 2.000 ns )      ; COUNTER32B:inst7|CQI[5]  ; COUNTER32B:inst7|CQI[29] ; FIN        ; FIN      ; None                        ; None                      ; 1.796 ns                ;
; N/A                                     ; Restricted to 500.00 MHz ( period = 2.000 ns )      ; COUNTER32B:inst7|CQI[6]  ; COUNTER32B:inst7|CQI[30] ; FIN        ; FIN      ; None                        ; None                      ; 1.796 ns                ;
; N/A                                     ; Restricted to 500.00 MHz ( period = 2.000 ns )      ; COUNTER32B:inst7|CQI[7]  ; COUNTER32B:inst7|CQI[31] ; FIN        ; FIN      ; None                        ; None                      ; 1.796 ns                ;
; N/A                                     ; Restricted to 500.00 MHz ( period = 2.000 ns )      ; COUNTER32B:inst7|CQI[0]  ; COUNTER32B:inst7|CQI[22] ; FIN        ; FIN      ; None                        ; None                      ; 1.762 ns                ;
; N/A                                     ; Restricted to 500.00 MHz ( period = 2.000 ns )      ; COUNTER32B:inst7|CQI[2]  ; COUNTER32B:inst7|CQI[25] ; FIN        ; FIN      ; None                        ; None                      ; 1.761 ns                ;
; N/A                                     ; Restricted to 500.00 MHz ( period = 2.000 ns )      ; COUNTER32B:inst7|CQI[3]  ; COUNTER32B:inst7|CQI[26] ; FIN        ; FIN      ; None                        ; None                      ; 1.761 ns                ;
; N/A                                     ; Restricted to 500.00 MHz ( period = 2.000 ns )      ; COUNTER32B:inst7|CQI[4]  ; COUNTER32B:inst7|CQI[27] ; FIN        ; FIN      ; None                        ; None                      ; 1.761 ns                ;
; N/A                                     ; Restricted to 500.00 MHz ( period = 2.000 ns )      ; COUNTER32B:inst7|CQI[5]  ; COUNTER32B:inst7|CQI[28] ; FIN        ; FIN      ; None                        ; None                      ; 1.761 ns                ;
; N/A                                     ; Restricted to 500.00 MHz ( period = 2.000 ns )      ; COUNTER32B:inst7|CQI[6]  ; COUNTER32B:inst7|CQI[29] ; FIN        ; FIN      ; None                        ; None                      ; 1.761 ns                ;
; N/A                                     ; Restricted to 500.00 MHz ( period = 2.000 ns )      ; COUNTER32B:inst7|CQI[7]  ; COUNTER32B:inst7|CQI[30] ; FIN        ; FIN      ; None                        ; None                      ; 1.761 ns                ;
; N/A                                     ; Restricted to 500.00 MHz ( period = 2.000 ns )      ; COUNTER32B:inst7|CQI[8]  ; COUNTER32B:inst7|CQI[31] ; FIN        ; FIN      ; None                        ; None                      ; 1.739 ns                ;
; N/A                                     ; Restricted to 500.00 MHz ( period = 2.000 ns )      ; COUNTER32B:inst7|CQI[0]  ; COUNTER32B:inst7|CQI[21] ; FIN        ; FIN      ; None                        ; None                      ; 1.727 ns                ;
; N/A                                     ; Restricted to 500.00 MHz ( period = 2.000 ns )      ; COUNTER32B:inst7|CQI[3]  ; COUNTER32B:inst7|CQI[25] ; FIN        ; FIN      ; None                        ; None                      ; 1.726 ns                ;
; N/A                                     ; Restricted to 500.00 MHz ( period = 2.000 ns )      ; COUNTER32B:inst7|CQI[4]  ; COUNTER32B:inst7|CQI[26] ; FIN        ; FIN      ; None                        ; None                      ; 1.726 ns                ;
; N/A                                     ; Restricted to 500.00 MHz ( period = 2.000 ns )      ; COUNTER32B:inst7|CQI[5]  ; COUNTER32B:inst7|CQI[27] ; FIN        ; FIN      ; None                        ; None                      ; 1.726 ns                ;
; N/A                                     ; Restricted to 500.00 MHz ( period = 2.000 ns )      ; COUNTER32B:inst7|CQI[6]  ; COUNTER32B:inst7|CQI[28] ; FIN        ; FIN      ; None                        ; None                      ; 1.726 ns                ;
; N/A                                     ; Restricted to 500.00 MHz ( period = 2.000 ns )      ; COUNTER32B:inst7|CQI[7]  ; COUNTER32B:inst7|CQI[29] ; FIN        ; FIN      ; None                        ; None                      ; 1.726 ns                ;
; N/A                                     ; Restricted to 500.00 MHz ( period = 2.000 ns )      ; COUNTER32B:inst7|CQI[8]  ; COUNTER32B:inst7|CQI[30] ; FIN        ; FIN      ; None                        ; None                      ; 1.704 ns                ;
; N/A                                     ; Restricted to 500.00 MHz ( period = 2.000 ns )      ; COUNTER32B:inst7|CQI[0]  ; COUNTER32B:inst7|CQI[20] ; FIN        ; FIN      ; None                        ; None                      ; 1.692 ns                ;
; N/A                                     ; Restricted to 500.00 MHz ( period = 2.000 ns )      ; COUNTER32B:inst7|CQI[4]  ; COUNTER32B:inst7|CQI[25] ; FIN        ; FIN      ; None                        ; None                      ; 1.691 ns                ;
; N/A                                     ; Restricted to 500.00 MHz ( period = 2.000 ns )      ; COUNTER32B:inst7|CQI[5]  ; COUNTER32B:inst7|CQI[26] ; FIN        ; FIN      ; None                        ; None                      ; 1.691 ns                ;
; N/A                                     ; Restricted to 500.00 MHz ( period = 2.000 ns )      ; COUNTER32B:inst7|CQI[6]  ; COUNTER32B:inst7|CQI[27] ; FIN        ; FIN      ; None                        ; None                      ; 1.691 ns                ;
; N/A                                     ; Restricted to 500.00 MHz ( period = 2.000 ns )      ; COUNTER32B:inst7|CQI[7]  ; COUNTER32B:inst7|CQI[28] ; FIN        ; FIN      ; None                        ; None                      ; 1.691 ns                ;
; N/A                                     ; Restricted to 500.00 MHz ( period = 2.000 ns )      ; COUNTER32B:inst7|CQI[1]  ; COUNTER32B:inst7|CQI[24] ; FIN        ; FIN      ; None                        ; None                      ; 1.672 ns                ;
; N/A                                     ; Restricted to 500.00 MHz ( period = 2.000 ns )      ; COUNTER32B:inst7|CQI[8]  ; COUNTER32B:inst7|CQI[29] ; FIN        ; FIN      ; None                        ; None                      ; 1.669 ns                ;
; N/A                                     ; Restricted to 500.00 MHz ( period = 2.000 ns )      ; COUNTER32B:inst7|CQI[0]  ; COUNTER32B:inst7|CQI[19] ; FIN        ; FIN      ; None                        ; None                      ; 1.657 ns                ;
; N/A                                     ; Restricted to 500.00 MHz ( period = 2.000 ns )      ; COUNTER32B:inst7|CQI[5]  ; COUNTER32B:inst7|CQI[25] ; FIN        ; FIN      ; None                        ; None                      ; 1.656 ns                ;
; N/A                                     ; Restricted to 500.00 MHz ( period = 2.000 ns )      ; COUNTER32B:inst7|CQI[6]  ; COUNTER32B:inst7|CQI[26] ; FIN        ; FIN      ; None                        ; None                      ; 1.656 ns                ;
; N/A                                     ; Restricted to 500.00 MHz ( period = 2.000 ns )      ; COUNTER32B:inst7|CQI[7]  ; COUNTER32B:inst7|CQI[27] ; FIN        ; FIN      ; None                        ; None                      ; 1.656 ns                ;
; N/A                                     ; Restricted to 500.00 MHz ( period = 2.000 ns )      ; COUNTER32B:inst7|CQI[1]  ; COUNTER32B:inst7|CQI[23] ; FIN        ; FIN      ; None                        ; None                      ; 1.637 ns                ;
; N/A                                     ; Restricted to 500.00 MHz ( period = 2.000 ns )      ; COUNTER32B:inst7|CQI[2]  ; COUNTER32B:inst7|CQI[24] ; FIN        ; FIN      ; None                        ; None                      ; 1.637 ns                ;
; N/A                                     ; Restricted to 500.00 MHz ( period = 2.000 ns )      ; COUNTER32B:inst7|CQI[9]  ; COUNTER32B:inst7|CQI[31] ; FIN        ; FIN      ; None                        ; None                      ; 1.637 ns                ;
; N/A                                     ; Restricted to 500.00 MHz ( period = 2.000 ns )      ; COUNTER32B:inst7|CQI[8]  ; COUNTER32B:inst7|CQI[28] ; FIN        ; FIN      ; None                        ; None                      ; 1.634 ns                ;
; N/A                                     ; Restricted to 500.00 MHz ( period = 2.000 ns )      ; COUNTER32B:inst7|CQI[0]  ; COUNTER32B:inst7|CQI[18] ; FIN        ; FIN      ; None                        ; None                      ; 1.622 ns                ;
; N/A                                     ; Restricted to 500.00 MHz ( period = 2.000 ns )      ; COUNTER32B:inst7|CQI[6]  ; COUNTER32B:inst7|CQI[25] ; FIN        ; FIN      ; None                        ; None                      ; 1.621 ns                ;
; N/A                                     ; Restricted to 500.00 MHz ( period = 2.000 ns )      ; COUNTER32B:inst7|CQI[7]  ; COUNTER32B:inst7|CQI[26] ; FIN        ; FIN      ; None                        ; None                      ; 1.621 ns                ;
; N/A                                     ; Restricted to 500.00 MHz ( period = 2.000 ns )      ; COUNTER32B:inst7|CQI[1]  ; COUNTER32B:inst7|CQI[22] ; FIN        ; FIN      ; None                        ; None                      ; 1.602 ns                ;
; N/A                                     ; Restricted to 500.00 MHz ( period = 2.000 ns )      ; COUNTER32B:inst7|CQI[2]  ; COUNTER32B:inst7|CQI[23] ; FIN        ; FIN      ; None                        ; None                      ; 1.602 ns                ;
; N/A                                     ; Restricted to 500.00 MHz ( period = 2.000 ns )      ; COUNTER32B:inst7|CQI[3]  ; COUNTER32B:inst7|CQI[24] ; FIN        ; FIN      ; None                        ; None                      ; 1.602 ns                ;
; N/A                                     ; Restricted to 500.00 MHz ( period = 2.000 ns )      ; COUNTER32B:inst7|CQI[9]  ; COUNTER32B:inst7|CQI[30] ; FIN        ; FIN      ; None                        ; None                      ; 1.602 ns                ;
; N/A                                     ; Restricted to 500.00 MHz ( period = 2.000 ns )      ; COUNTER32B:inst7|CQI[10] ; COUNTER32B:inst7|CQI[31] ; FIN        ; FIN      ; None                        ; None                      ; 1.602 ns                ;
; N/A                                     ; Restricted to 500.00 MHz ( period = 2.000 ns )      ; COUNTER32B:inst7|CQI[8]  ; COUNTER32B:inst7|CQI[27] ; FIN        ; FIN      ; None                        ; None                      ; 1.599 ns                ;
; N/A                                     ; Restricted to 500.00 MHz ( period = 2.000 ns )      ; COUNTER32B:inst7|CQI[0]  ; COUNTER32B:inst7|CQI[17] ; FIN        ; FIN      ; None                        ; None                      ; 1.587 ns                ;
; N/A                                     ; Restricted to 500.00 MHz ( period = 2.000 ns )      ; COUNTER32B:inst7|CQI[7]  ; COUNTER32B:inst7|CQI[25] ; FIN        ; FIN      ; None                        ; None                      ; 1.586 ns                ;
; N/A                                     ; Restricted to 500.00 MHz ( period = 2.000 ns )      ; COUNTER32B:inst7|CQI[1]  ; COUNTER32B:inst7|CQI[21] ; FIN        ; FIN      ; None                        ; None                      ; 1.567 ns                ;
; N/A                                     ; Restricted to 500.00 MHz ( period = 2.000 ns )      ; COUNTER32B:inst7|CQI[2]  ; COUNTER32B:inst7|CQI[22] ; FIN        ; FIN      ; None                        ; None                      ; 1.567 ns                ;
; N/A                                     ; Restricted to 500.00 MHz ( period = 2.000 ns )      ; COUNTER32B:inst7|CQI[3]  ; COUNTER32B:inst7|CQI[23] ; FIN        ; FIN      ; None                        ; None                      ; 1.567 ns                ;
; N/A                                     ; Restricted to 500.00 MHz ( period = 2.000 ns )      ; COUNTER32B:inst7|CQI[4]  ; COUNTER32B:inst7|CQI[24] ; FIN        ; FIN      ; None                        ; None                      ; 1.567 ns                ;
; N/A                                     ; Restricted to 500.00 MHz ( period = 2.000 ns )      ; COUNTER32B:inst7|CQI[9]  ; COUNTER32B:inst7|CQI[29] ; FIN        ; FIN      ; None                        ; None                      ; 1.567 ns                ;
; N/A                                     ; Restricted to 500.00 MHz ( period = 2.000 ns )      ; COUNTER32B:inst7|CQI[10] ; COUNTER32B:inst7|CQI[30] ; FIN        ; FIN      ; None                        ; None                      ; 1.567 ns                ;
; N/A                                     ; Restricted to 500.00 MHz ( period = 2.000 ns )      ; COUNTER32B:inst7|CQI[11] ; COUNTER32B:inst7|CQI[31] ; FIN        ; FIN      ; None                        ; None                      ; 1.567 ns                ;
; N/A                                     ; Restricted to 500.00 MHz ( period = 2.000 ns )      ; COUNTER32B:inst7|CQI[8]  ; COUNTER32B:inst7|CQI[26] ; FIN        ; FIN      ; None                        ; None                      ; 1.564 ns                ;
; N/A                                     ; Restricted to 500.00 MHz ( period = 2.000 ns )      ; COUNTER32B:inst7|CQI[1]  ; COUNTER32B:inst7|CQI[20] ; FIN        ; FIN      ; None                        ; None                      ; 1.532 ns                ;
; N/A                                     ; Restricted to 500.00 MHz ( period = 2.000 ns )      ; COUNTER32B:inst7|CQI[2]  ; COUNTER32B:inst7|CQI[21] ; FIN        ; FIN      ; None                        ; None                      ; 1.532 ns                ;
; N/A                                     ; Restricted to 500.00 MHz ( period = 2.000 ns )      ; COUNTER32B:inst7|CQI[3]  ; COUNTER32B:inst7|CQI[22] ; FIN        ; FIN      ; None                        ; None                      ; 1.532 ns                ;
; N/A                                     ; Restricted to 500.00 MHz ( period = 2.000 ns )      ; COUNTER32B:inst7|CQI[4]  ; COUNTER32B:inst7|CQI[23] ; FIN        ; FIN      ; None                        ; None                      ; 1.532 ns                ;
; N/A                                     ; Restricted to 500.00 MHz ( period = 2.000 ns )      ; COUNTER32B:inst7|CQI[5]  ; COUNTER32B:inst7|CQI[24] ; FIN        ; FIN      ; None                        ; None                      ; 1.532 ns                ;
; N/A                                     ; Restricted to 500.00 MHz ( period = 2.000 ns )      ; COUNTER32B:inst7|CQI[9]  ; COUNTER32B:inst7|CQI[28] ; FIN        ; FIN      ; None                        ; None                      ; 1.532 ns                ;
; N/A                                     ; Restricted to 500.00 MHz ( period = 2.000 ns )      ; COUNTER32B:inst7|CQI[10] ; COUNTER32B:inst7|CQI[29] ; FIN        ; FIN      ; None                        ; None                      ; 1.532 ns                ;
; N/A                                     ; Restricted to 500.00 MHz ( period = 2.000 ns )      ; COUNTER32B:inst7|CQI[11] ; COUNTER32B:inst7|CQI[30] ; FIN        ; FIN      ; None                        ; None                      ; 1.532 ns                ;
; N/A                                     ; Restricted to 500.00 MHz ( period = 2.000 ns )      ; COUNTER32B:inst7|CQI[12] ; COUNTER32B:inst7|CQI[31] ; FIN        ; FIN      ; None                        ; None                      ; 1.532 ns                ;
; N/A                                     ; Restricted to 500.00 MHz ( period = 2.000 ns )      ; COUNTER32B:inst7|CQI[8]  ; COUNTER32B:inst7|CQI[25] ; FIN        ; FIN      ; None                        ; None                      ; 1.529 ns                ;
; N/A                                     ; Restricted to 500.00 MHz ( period = 2.000 ns )      ; COUNTER32B:inst7|CQI[1]  ; COUNTER32B:inst7|CQI[19] ; FIN        ; FIN      ; None                        ; None                      ; 1.497 ns                ;
; N/A                                     ; Restricted to 500.00 MHz ( period = 2.000 ns )      ; COUNTER32B:inst7|CQI[2]  ; COUNTER32B:inst7|CQI[20] ; FIN        ; FIN      ; None                        ; None                      ; 1.497 ns                ;
; N/A                                     ; Restricted to 500.00 MHz ( period = 2.000 ns )      ; COUNTER32B:inst7|CQI[3]  ; COUNTER32B:inst7|CQI[21] ; FIN        ; FIN      ; None                        ; None                      ; 1.497 ns                ;
; N/A                                     ; Restricted to 500.00 MHz ( period = 2.000 ns )      ; COUNTER32B:inst7|CQI[4]  ; COUNTER32B:inst7|CQI[22] ; FIN        ; FIN      ; None                        ; None                      ; 1.497 ns                ;
; N/A                                     ; Restricted to 500.00 MHz ( period = 2.000 ns )      ; COUNTER32B:inst7|CQI[5]  ; COUNTER32B:inst7|CQI[23] ; FIN        ; FIN      ; None                        ; None                      ; 1.497 ns                ;
; N/A                                     ; Restricted to 500.00 MHz ( period = 2.000 ns )      ; COUNTER32B:inst7|CQI[6]  ; COUNTER32B:inst7|CQI[24] ; FIN        ; FIN      ; None                        ; None                      ; 1.497 ns                ;
; N/A                                     ; Restricted to 500.00 MHz ( period = 2.000 ns )      ; COUNTER32B:inst7|CQI[9]  ; COUNTER32B:inst7|CQI[27] ; FIN        ; FIN      ; None                        ; None                      ; 1.497 ns                ;
; N/A                                     ; Restricted to 500.00 MHz ( period = 2.000 ns )      ; COUNTER32B:inst7|CQI[10] ; COUNTER32B:inst7|CQI[28] ; FIN        ; FIN      ; None                        ; None                      ; 1.497 ns                ;
; N/A                                     ; Restricted to 500.00 MHz ( period = 2.000 ns )      ; COUNTER32B:inst7|CQI[11] ; COUNTER32B:inst7|CQI[29] ; FIN        ; FIN      ; None                        ; None                      ; 1.497 ns                ;
; N/A                                     ; Restricted to 500.00 MHz ( period = 2.000 ns )      ; COUNTER32B:inst7|CQI[12] ; COUNTER32B:inst7|CQI[30] ; FIN        ; FIN      ; None                        ; None                      ; 1.497 ns                ;
; N/A                                     ; Restricted to 500.00 MHz ( period = 2.000 ns )      ; COUNTER32B:inst7|CQI[13] ; COUNTER32B:inst7|CQI[31] ; FIN        ; FIN      ; None                        ; None                      ; 1.497 ns                ;
; N/A                                     ; Restricted to 500.00 MHz ( period = 2.000 ns )      ; COUNTER32B:inst7|CQI[1]  ; COUNTER32B:inst7|CQI[18] ; FIN        ; FIN      ; None                        ; None                      ; 1.462 ns                ;
; N/A                                     ; Restricted to 500.00 MHz ( period = 2.000 ns )      ; COUNTER32B:inst7|CQI[2]  ; COUNTER32B:inst7|CQI[19] ; FIN        ; FIN      ; None                        ; None                      ; 1.462 ns                ;
; N/A                                     ; Restricted to 500.00 MHz ( period = 2.000 ns )      ; COUNTER32B:inst7|CQI[3]  ; COUNTER32B:inst7|CQI[20] ; FIN        ; FIN      ; None                        ; None                      ; 1.462 ns                ;
; N/A                                     ; Restricted to 500.00 MHz ( period = 2.000 ns )      ; COUNTER32B:inst7|CQI[4]  ; COUNTER32B:inst7|CQI[21] ; FIN        ; FIN      ; None                        ; None                      ; 1.462 ns                ;
; N/A                                     ; Restricted to 500.00 MHz ( period = 2.000 ns )      ; COUNTER32B:inst7|CQI[5]  ; COUNTER32B:inst7|CQI[22] ; FIN        ; FIN      ; None                        ; None                      ; 1.462 ns                ;
; N/A                                     ; Restricted to 500.00 MHz ( period = 2.000 ns )      ; COUNTER32B:inst7|CQI[6]  ; COUNTER32B:inst7|CQI[23] ; FIN        ; FIN      ; None                        ; None                      ; 1.462 ns                ;
; N/A                                     ; Restricted to 500.00 MHz ( period = 2.000 ns )      ; COUNTER32B:inst7|CQI[7]  ; COUNTER32B:inst7|CQI[24] ; FIN        ; FIN      ; None                        ; None                      ; 1.462 ns                ;
; N/A                                     ; Restricted to 500.00 MHz ( period = 2.000 ns )      ; COUNTER32B:inst7|CQI[9]  ; COUNTER32B:inst7|CQI[26] ; FIN        ; FIN      ; None                        ; None                      ; 1.462 ns                ;
; N/A                                     ; Restricted to 500.00 MHz ( period = 2.000 ns )      ; COUNTER32B:inst7|CQI[10] ; COUNTER32B:inst7|CQI[27] ; FIN        ; FIN      ; None                        ; None                      ; 1.462 ns                ;
; N/A                                     ; Restricted to 500.00 MHz ( period = 2.000 ns )      ; COUNTER32B:inst7|CQI[11] ; COUNTER32B:inst7|CQI[28] ; FIN        ; FIN      ; None                        ; None                      ; 1.462 ns                ;
; N/A                                     ; Restricted to 500.00 MHz ( period = 2.000 ns )      ; COUNTER32B:inst7|CQI[12] ; COUNTER32B:inst7|CQI[29] ; FIN        ; FIN      ; None                        ; None                      ; 1.462 ns                ;
; N/A                                     ; Restricted to 500.00 MHz ( period = 2.000 ns )      ; COUNTER32B:inst7|CQI[13] ; COUNTER32B:inst7|CQI[30] ; FIN        ; FIN      ; None                        ; None                      ; 1.462 ns                ;
; N/A                                     ; Restricted to 500.00 MHz ( period = 2.000 ns )      ; COUNTER32B:inst7|CQI[14] ; COUNTER32B:inst7|CQI[31] ; FIN        ; FIN      ; None                        ; None                      ; 1.462 ns                ;
; N/A                                     ; Restricted to 500.00 MHz ( period = 2.000 ns )      ; COUNTER32B:inst7|CQI[1]  ; COUNTER32B:inst7|CQI[17] ; FIN        ; FIN      ; None                        ; None                      ; 1.427 ns                ;
; N/A                                     ; Restricted to 500.00 MHz ( period = 2.000 ns )      ; COUNTER32B:inst7|CQI[2]  ; COUNTER32B:inst7|CQI[18] ; FIN        ; FIN      ; None                        ; None                      ; 1.427 ns                ;
; N/A                                     ; Restricted to 500.00 MHz ( period = 2.000 ns )      ; COUNTER32B:inst7|CQI[3]  ; COUNTER32B:inst7|CQI[19] ; FIN        ; FIN      ; None                        ; None                      ; 1.427 ns                ;
; N/A                                     ; Restricted to 500.00 MHz ( period = 2.000 ns )      ; COUNTER32B:inst7|CQI[4]  ; COUNTER32B:inst7|CQI[20] ; FIN        ; FIN      ; None                        ; None                      ; 1.427 ns                ;
; N/A                                     ; Restricted to 500.00 MHz ( period = 2.000 ns )      ; COUNTER32B:inst7|CQI[5]  ; COUNTER32B:inst7|CQI[21] ; FIN        ; FIN      ; None                        ; None                      ; 1.427 ns                ;
; N/A                                     ; Restricted to 500.00 MHz ( period = 2.000 ns )      ; COUNTER32B:inst7|CQI[6]  ; COUNTER32B:inst7|CQI[22] ; FIN        ; FIN      ; None                        ; None                      ; 1.427 ns                ;
; N/A                                     ; Restricted to 500.00 MHz ( period = 2.000 ns )      ; COUNTER32B:inst7|CQI[7]  ; COUNTER32B:inst7|CQI[23] ; FIN        ; FIN      ; None                        ; None                      ; 1.427 ns                ;
; N/A                                     ; Restricted to 500.00 MHz ( period = 2.000 ns )      ; COUNTER32B:inst7|CQI[9]  ; COUNTER32B:inst7|CQI[25] ; FIN        ; FIN      ; None                        ; None                      ; 1.427 ns                ;
; N/A                                     ; Restricted to 500.00 MHz ( period = 2.000 ns )      ; COUNTER32B:inst7|CQI[10] ; COUNTER32B:inst7|CQI[26] ; FIN        ; FIN      ; None                        ; None                      ; 1.427 ns                ;
; N/A                                     ; Restricted to 500.00 MHz ( period = 2.000 ns )      ; COUNTER32B:inst7|CQI[11] ; COUNTER32B:inst7|CQI[27] ; FIN        ; FIN      ; None                        ; None                      ; 1.427 ns                ;
; N/A                                     ; Restricted to 500.00 MHz ( period = 2.000 ns )      ; COUNTER32B:inst7|CQI[12] ; COUNTER32B:inst7|CQI[28] ; FIN        ; FIN      ; None                        ; None                      ; 1.427 ns                ;
; N/A                                     ; Restricted to 500.00 MHz ( period = 2.000 ns )      ; COUNTER32B:inst7|CQI[13] ; COUNTER32B:inst7|CQI[29] ; FIN        ; FIN      ; None                        ; None                      ; 1.427 ns                ;
; N/A                                     ; Restricted to 500.00 MHz ( period = 2.000 ns )      ; COUNTER32B:inst7|CQI[14] ; COUNTER32B:inst7|CQI[30] ; FIN        ; FIN      ; None                        ; None                      ; 1.427 ns                ;
; N/A                                     ; Restricted to 500.00 MHz ( period = 2.000 ns )      ; COUNTER32B:inst7|CQI[15] ; COUNTER32B:inst7|CQI[31] ; FIN        ; FIN      ; None                        ; None                      ; 1.427 ns                ;
; N/A                                     ; Restricted to 500.00 MHz ( period = 2.000 ns )      ; COUNTER32B:inst7|CQI[0]  ; COUNTER32B:inst7|CQI[16] ; FIN        ; FIN      ; None                        ; None                      ; 1.419 ns                ;
; N/A                                     ; Restricted to 500.00 MHz ( period = 2.000 ns )      ; COUNTER32B:inst7|CQI[8]  ; COUNTER32B:inst7|CQI[24] ; FIN        ; FIN      ; None                        ; None                      ; 1.405 ns                ;
; N/A                                     ; Restricted to 500.00 MHz ( period = 2.000 ns )      ; COUNTER32B:inst7|CQI[2]  ; COUNTER32B:inst7|CQI[17] ; FIN        ; FIN      ; None                        ; None                      ; 1.392 ns                ;
; N/A                                     ; Restricted to 500.00 MHz ( period = 2.000 ns )      ; COUNTER32B:inst7|CQI[3]  ; COUNTER32B:inst7|CQI[18] ; FIN        ; FIN      ; None                        ; None                      ; 1.392 ns                ;
; N/A                                     ; Restricted to 500.00 MHz ( period = 2.000 ns )      ; COUNTER32B:inst7|CQI[4]  ; COUNTER32B:inst7|CQI[19] ; FIN        ; FIN      ; None                        ; None                      ; 1.392 ns                ;
; N/A                                     ; Restricted to 500.00 MHz ( period = 2.000 ns )      ; COUNTER32B:inst7|CQI[5]  ; COUNTER32B:inst7|CQI[20] ; FIN        ; FIN      ; None                        ; None                      ; 1.392 ns                ;
; N/A                                     ; Restricted to 500.00 MHz ( period = 2.000 ns )      ; COUNTER32B:inst7|CQI[6]  ; COUNTER32B:inst7|CQI[21] ; FIN        ; FIN      ; None                        ; None                      ; 1.392 ns                ;
; N/A                                     ; Restricted to 500.00 MHz ( period = 2.000 ns )      ; COUNTER32B:inst7|CQI[7]  ; COUNTER32B:inst7|CQI[22] ; FIN        ; FIN      ; None                        ; None                      ; 1.392 ns                ;
; N/A                                     ; Restricted to 500.00 MHz ( period = 2.000 ns )      ; COUNTER32B:inst7|CQI[10] ; COUNTER32B:inst7|CQI[25] ; FIN        ; FIN      ; None                        ; None                      ; 1.392 ns                ;
; N/A                                     ; Restricted to 500.00 MHz ( period = 2.000 ns )      ; COUNTER32B:inst7|CQI[11] ; COUNTER32B:inst7|CQI[26] ; FIN        ; FIN      ; None                        ; None                      ; 1.392 ns                ;
; N/A                                     ; Restricted to 500.00 MHz ( period = 2.000 ns )      ; COUNTER32B:inst7|CQI[12] ; COUNTER32B:inst7|CQI[27] ; FIN        ; FIN      ; None                        ; None                      ; 1.392 ns                ;
; N/A                                     ; Restricted to 500.00 MHz ( period = 2.000 ns )      ; COUNTER32B:inst7|CQI[13] ; COUNTER32B:inst7|CQI[28] ; FIN        ; FIN      ; None                        ; None                      ; 1.392 ns                ;
; N/A                                     ; Restricted to 500.00 MHz ( period = 2.000 ns )      ; COUNTER32B:inst7|CQI[14] ; COUNTER32B:inst7|CQI[29] ; FIN        ; FIN      ; None                        ; None                      ; 1.392 ns                ;
; N/A                                     ; Restricted to 500.00 MHz ( period = 2.000 ns )      ; COUNTER32B:inst7|CQI[15] ; COUNTER32B:inst7|CQI[30] ; FIN        ; FIN      ; None                        ; None                      ; 1.392 ns                ;
; N/A                                     ; Restricted to 500.00 MHz ( period = 2.000 ns )      ; COUNTER32B:inst7|CQI[0]  ; COUNTER32B:inst7|CQI[15] ; FIN        ; FIN      ; None                        ; None                      ; 1.384 ns                ;
; N/A                                     ; Restricted to 500.00 MHz ( period = 2.000 ns )      ; COUNTER32B:inst7|CQI[16] ; COUNTER32B:inst7|CQI[31] ; FIN        ; FIN      ; None                        ; None                      ; 1.382 ns                ;
; N/A                                     ; Restricted to 500.00 MHz ( period = 2.000 ns )      ; COUNTER32B:inst7|CQI[8]  ; COUNTER32B:inst7|CQI[23] ; FIN        ; FIN      ; None                        ; None                      ; 1.370 ns                ;
; N/A                                     ; Restricted to 500.00 MHz ( period = 2.000 ns )      ; COUNTER32B:inst7|CQI[3]  ; COUNTER32B:inst7|CQI[17] ; FIN        ; FIN      ; None                        ; None                      ; 1.357 ns                ;
; N/A                                     ; Restricted to 500.00 MHz ( period = 2.000 ns )      ; COUNTER32B:inst7|CQI[4]  ; COUNTER32B:inst7|CQI[18] ; FIN        ; FIN      ; None                        ; None                      ; 1.357 ns                ;
; N/A                                     ; Restricted to 500.00 MHz ( period = 2.000 ns )      ; COUNTER32B:inst7|CQI[5]  ; COUNTER32B:inst7|CQI[19] ; FIN        ; FIN      ; None                        ; None                      ; 1.357 ns                ;
; N/A                                     ; Restricted to 500.00 MHz ( period = 2.000 ns )      ; COUNTER32B:inst7|CQI[6]  ; COUNTER32B:inst7|CQI[20] ; FIN        ; FIN      ; None                        ; None                      ; 1.357 ns                ;
; N/A                                     ; Restricted to 500.00 MHz ( period = 2.000 ns )      ; COUNTER32B:inst7|CQI[7]  ; COUNTER32B:inst7|CQI[21] ; FIN        ; FIN      ; None                        ; None                      ; 1.357 ns                ;
; N/A                                     ; Restricted to 500.00 MHz ( period = 2.000 ns )      ; COUNTER32B:inst7|CQI[11] ; COUNTER32B:inst7|CQI[25] ; FIN        ; FIN      ; None                        ; None                      ; 1.357 ns                ;
; N/A                                     ; Restricted to 500.00 MHz ( period = 2.000 ns )      ; COUNTER32B:inst7|CQI[12] ; COUNTER32B:inst7|CQI[26] ; FIN        ; FIN      ; None                        ; None                      ; 1.357 ns                ;
; N/A                                     ; Restricted to 500.00 MHz ( period = 2.000 ns )      ; COUNTER32B:inst7|CQI[13] ; COUNTER32B:inst7|CQI[27] ; FIN        ; FIN      ; None                        ; None                      ; 1.357 ns                ;
; N/A                                     ; Restricted to 500.00 MHz ( period = 2.000 ns )      ; COUNTER32B:inst7|CQI[14] ; COUNTER32B:inst7|CQI[28] ; FIN        ; FIN      ; None                        ; None                      ; 1.357 ns                ;
; N/A                                     ; Restricted to 500.00 MHz ( period = 2.000 ns )      ; COUNTER32B:inst7|CQI[15] ; COUNTER32B:inst7|CQI[29] ; FIN        ; FIN      ; None                        ; None                      ; 1.357 ns                ;
; N/A                                     ; Restricted to 500.00 MHz ( period = 2.000 ns )      ; COUNTER32B:inst7|CQI[0]  ; COUNTER32B:inst7|CQI[14] ; FIN        ; FIN      ; None                        ; None                      ; 1.349 ns                ;
; N/A                                     ; Restricted to 500.00 MHz ( period = 2.000 ns )      ; COUNTER32B:inst7|CQI[16] ; COUNTER32B:inst7|CQI[30] ; FIN        ; FIN      ; None                        ; None                      ; 1.347 ns                ;
; N/A                                     ; Restricted to 500.00 MHz ( period = 2.000 ns )      ; COUNTER32B:inst7|CQI[8]  ; COUNTER32B:inst7|CQI[22] ; FIN        ; FIN      ; None                        ; None                      ; 1.335 ns                ;
; N/A                                     ; Restricted to 500.00 MHz ( period = 2.000 ns )      ; COUNTER32B:inst7|CQI[4]  ; COUNTER32B:inst7|CQI[17] ; FIN        ; FIN      ; None                        ; None                      ; 1.322 ns                ;
; N/A                                     ; Restricted to 500.00 MHz ( period = 2.000 ns )      ; COUNTER32B:inst7|CQI[5]  ; COUNTER32B:inst7|CQI[18] ; FIN        ; FIN      ; None                        ; None                      ; 1.322 ns                ;
; N/A                                     ; Restricted to 500.00 MHz ( period = 2.000 ns )      ; COUNTER32B:inst7|CQI[6]  ; COUNTER32B:inst7|CQI[19] ; FIN        ; FIN      ; None                        ; None                      ; 1.322 ns                ;
; N/A                                     ; Restricted to 500.00 MHz ( period = 2.000 ns )      ; COUNTER32B:inst7|CQI[7]  ; COUNTER32B:inst7|CQI[20] ; FIN        ; FIN      ; None                        ; None                      ; 1.322 ns                ;
; N/A                                     ; Restricted to 500.00 MHz ( period = 2.000 ns )      ; COUNTER32B:inst7|CQI[12] ; COUNTER32B:inst7|CQI[25] ; FIN        ; FIN      ; None                        ; None                      ; 1.322 ns                ;
; N/A                                     ; Restricted to 500.00 MHz ( period = 2.000 ns )      ; COUNTER32B:inst7|CQI[13] ; COUNTER32B:inst7|CQI[26] ; FIN        ; FIN      ; None                        ; None                      ; 1.322 ns                ;
; N/A                                     ; Restricted to 500.00 MHz ( period = 2.000 ns )      ; COUNTER32B:inst7|CQI[14] ; COUNTER32B:inst7|CQI[27] ; FIN        ; FIN      ; None                        ; None                      ; 1.322 ns                ;
; N/A                                     ; Restricted to 500.00 MHz ( period = 2.000 ns )      ; COUNTER32B:inst7|CQI[15] ; COUNTER32B:inst7|CQI[28] ; FIN        ; FIN      ; None                        ; None                      ; 1.322 ns                ;
; N/A                                     ; Restricted to 500.00 MHz ( period = 2.000 ns )      ; COUNTER32B:inst7|CQI[0]  ; COUNTER32B:inst7|CQI[13] ; FIN        ; FIN      ; None                        ; None                      ; 1.314 ns                ;
; N/A                                     ; Restricted to 500.00 MHz ( period = 2.000 ns )      ; COUNTER32B:inst7|CQI[16] ; COUNTER32B:inst7|CQI[29] ; FIN        ; FIN      ; None                        ; None                      ; 1.312 ns                ;
; N/A                                     ; Restricted to 500.00 MHz ( period = 2.000 ns )      ; COUNTER32B:inst7|CQI[9]  ; COUNTER32B:inst7|CQI[24] ; FIN        ; FIN      ; None                        ; None                      ; 1.303 ns                ;
; N/A                                     ; Restricted to 500.00 MHz ( period = 2.000 ns )      ; COUNTER32B:inst7|CQI[8]  ; COUNTER32B:inst7|CQI[21] ; FIN        ; FIN      ; None                        ; None                      ; 1.300 ns                ;
; N/A                                     ; Restricted to 500.00 MHz ( period = 2.000 ns )      ; COUNTER32B:inst7|CQI[5]  ; COUNTER32B:inst7|CQI[17] ; FIN        ; FIN      ; None                        ; None                      ; 1.287 ns                ;
; N/A                                     ; Restricted to 500.00 MHz ( period = 2.000 ns )      ; COUNTER32B:inst7|CQI[6]  ; COUNTER32B:inst7|CQI[18] ; FIN        ; FIN      ; None                        ; None                      ; 1.287 ns                ;
; N/A                                     ; Restricted to 500.00 MHz ( period = 2.000 ns )      ; COUNTER32B:inst7|CQI[7]  ; COUNTER32B:inst7|CQI[19] ; FIN        ; FIN      ; None                        ; None                      ; 1.287 ns                ;
; N/A                                     ; Restricted to 500.00 MHz ( period = 2.000 ns )      ; COUNTER32B:inst7|CQI[13] ; COUNTER32B:inst7|CQI[25] ; FIN        ; FIN      ; None                        ; None                      ; 1.287 ns                ;
; N/A                                     ; Restricted to 500.00 MHz ( period = 2.000 ns )      ; COUNTER32B:inst7|CQI[14] ; COUNTER32B:inst7|CQI[26] ; FIN        ; FIN      ; None                        ; None                      ; 1.287 ns                ;
; N/A                                     ; Restricted to 500.00 MHz ( period = 2.000 ns )      ; COUNTER32B:inst7|CQI[15] ; COUNTER32B:inst7|CQI[27] ; FIN        ; FIN      ; None                        ; None                      ; 1.287 ns                ;
; N/A                                     ; Restricted to 500.00 MHz ( period = 2.000 ns )      ; COUNTER32B:inst7|CQI[0]  ; COUNTER32B:inst7|CQI[12] ; FIN        ; FIN      ; None                        ; None                      ; 1.279 ns                ;
; N/A                                     ; Restricted to 500.00 MHz ( period = 2.000 ns )      ; COUNTER32B:inst7|CQI[16] ; COUNTER32B:inst7|CQI[28] ; FIN        ; FIN      ; None                        ; None                      ; 1.277 ns                ;
; N/A                                     ; Restricted to 500.00 MHz ( period = 2.000 ns )      ; COUNTER32B:inst7|CQI[9]  ; COUNTER32B:inst7|CQI[23] ; FIN        ; FIN      ; None                        ; None                      ; 1.268 ns                ;
; N/A                                     ; Restricted to 500.00 MHz ( period = 2.000 ns )      ; COUNTER32B:inst7|CQI[10] ; COUNTER32B:inst7|CQI[24] ; FIN        ; FIN      ; None                        ; None                      ; 1.268 ns                ;
; N/A                                     ; Restricted to 500.00 MHz ( period = 2.000 ns )      ; COUNTER32B:inst7|CQI[8]  ; COUNTER32B:inst7|CQI[20] ; FIN        ; FIN      ; None                        ; None                      ; 1.265 ns                ;
; N/A                                     ; Restricted to 500.00 MHz ( period = 2.000 ns )      ; COUNTER32B:inst7|CQI[1]  ; COUNTER32B:inst7|CQI[16] ; FIN        ; FIN      ; None                        ; None                      ; 1.259 ns                ;
; N/A                                     ; Restricted to 500.00 MHz ( period = 2.000 ns )      ; COUNTER32B:inst7|CQI[6]  ; COUNTER32B:inst7|CQI[17] ; FIN        ; FIN      ; None                        ; None                      ; 1.252 ns                ;
; N/A                                     ; Restricted to 500.00 MHz ( period = 2.000 ns )      ; COUNTER32B:inst7|CQI[7]  ; COUNTER32B:inst7|CQI[18] ; FIN        ; FIN      ; None                        ; None                      ; 1.252 ns                ;
; N/A                                     ; Restricted to 500.00 MHz ( period = 2.000 ns )      ; COUNTER32B:inst7|CQI[14] ; COUNTER32B:inst7|CQI[25] ; FIN        ; FIN      ; None                        ; None                      ; 1.252 ns                ;
; N/A                                     ; Restricted to 500.00 MHz ( period = 2.000 ns )      ; COUNTER32B:inst7|CQI[15] ; COUNTER32B:inst7|CQI[26] ; FIN        ; FIN      ; None                        ; None                      ; 1.252 ns                ;
; N/A                                     ; Restricted to 500.00 MHz ( period = 2.000 ns )      ; COUNTER32B:inst7|CQI[0]  ; COUNTER32B:inst7|CQI[11] ; FIN        ; FIN      ; None                        ; None                      ; 1.244 ns                ;
; N/A                                     ; Restricted to 500.00 MHz ( period = 2.000 ns )      ; COUNTER32B:inst7|CQI[16] ; COUNTER32B:inst7|CQI[27] ; FIN        ; FIN      ; None                        ; None                      ; 1.242 ns                ;
; N/A                                     ; Restricted to 500.00 MHz ( period = 2.000 ns )      ; COUNTER32B:inst7|CQI[9]  ; COUNTER32B:inst7|CQI[22] ; FIN        ; FIN      ; None                        ; None                      ; 1.233 ns                ;
; N/A                                     ; Restricted to 500.00 MHz ( period = 2.000 ns )      ; COUNTER32B:inst7|CQI[10] ; COUNTER32B:inst7|CQI[23] ; FIN        ; FIN      ; None                        ; None                      ; 1.233 ns                ;
; N/A                                     ; Restricted to 500.00 MHz ( period = 2.000 ns )      ; COUNTER32B:inst7|CQI[11] ; COUNTER32B:inst7|CQI[24] ; FIN        ; FIN      ; None                        ; None                      ; 1.233 ns                ;
; N/A                                     ; Restricted to 500.00 MHz ( period = 2.000 ns )      ; COUNTER32B:inst7|CQI[8]  ; COUNTER32B:inst7|CQI[19] ; FIN        ; FIN      ; None                        ; None                      ; 1.230 ns                ;
; N/A                                     ; Restricted to 500.00 MHz ( period = 2.000 ns )      ; COUNTER32B:inst7|CQI[1]  ; COUNTER32B:inst7|CQI[15] ; FIN        ; FIN      ; None                        ; None                      ; 1.224 ns                ;
; N/A                                     ; Restricted to 500.00 MHz ( period = 2.000 ns )      ; COUNTER32B:inst7|CQI[2]  ; COUNTER32B:inst7|CQI[16] ; FIN        ; FIN      ; None                        ; None                      ; 1.224 ns                ;
; Timing analysis restricted to 200 rows. ; To change the limit use Settings (Assignments menu) ;                          ;                          ;            ;          ;                             ;                           ;                         ;
+-----------------------------------------+-----------------------------------------------------+--------------------------+--------------------------+------------+----------+-----------------------------+---------------------------+-------------------------+


+----------------------------------------------------------------------------------------------------------------------------------------------------------------------------------------------------------------+
; Clock Setup: 'CLKK'                                                                                                                                                                                            ;
+-------+------------------------------------------------+---------------------+---------------------+------------+----------+-----------------------------+---------------------------+-------------------------+
; Slack ; Actual fmax (period)                           ; From                ; To                  ; From Clock ; To Clock ; Required Setup Relationship ; Required Longest P2P Time ; Actual Longest P2P Time ;
+-------+------------------------------------------------+---------------------+---------------------+------------+----------+-----------------------------+---------------------------+-------------------------+
; N/A   ; Restricted to 500.00 MHz ( period = 2.000 ns ) ; FTCTRL:inst|Div2CLK ; FTCTRL:inst|Div2CLK ; CLKK       ; CLKK     ; None                        ; None                      ; 0.488 ns                ;
+-------+------------------------------------------------+---------------------+---------------------+------------+----------+-----------------------------+---------------------------+-------------------------+


+--------------------------------------------------------------------------------------+
; tco                                                                                  ;
+-------+--------------+------------+--------------------------+----------+------------+
; Slack ; Required tco ; Actual tco ; From                     ; To       ; From Clock ;
+-------+--------------+------------+--------------------------+----------+------------+
; N/A   ; None         ; 7.457 ns   ; COUNTER32B:inst7|CQI[7]  ; DOUT[7]  ; FIN        ;
; N/A   ; None         ; 7.165 ns   ; COUNTER32B:inst7|CQI[17] ; DOUT[17] ; FIN        ;
; N/A   ; None         ; 6.975 ns   ; COUNTER32B:inst7|CQI[12] ; DOUT[12] ; FIN        ;
; N/A   ; None         ; 6.714 ns   ; COUNTER32B:inst7|CQI[26] ; DOUT[26] ; FIN        ;
; N/A   ; None         ; 6.451 ns   ; FTCTRL:inst|Div2CLK      ; RST_CNT  ; CLKK       ;
; N/A   ; None         ; 6.443 ns   ; COUNTER32B:inst7|CQI[16] ; DOUT[16] ; FIN        ;
; N/A   ; None         ; 5.991 ns   ; COUNTER32B:inst7|CQI[20] ; DOUT[20] ; FIN        ;
; N/A   ; None         ; 5.840 ns   ; COUNTER32B:inst7|CQI[0]  ; DOUT[0]  ; FIN        ;
; N/A   ; None         ; 5.809 ns   ; COUNTER32B:inst7|CQI[14] ; DOUT[14] ; FIN        ;
; N/A   ; None         ; 5.806 ns   ; COUNTER32B:inst7|CQI[13] ; DOUT[13] ; FIN        ;
; N/A   ; None         ; 5.799 ns   ; COUNTER32B:inst7|CQI[11] ; DOUT[11] ; FIN        ;
; N/A   ; None         ; 5.709 ns   ; COUNTER32B:inst7|CQI[30] ; DOUT[30] ; FIN        ;
; N/A   ; None         ; 5.500 ns   ; COUNTER32B:inst7|CQI[27] ; DOUT[27] ; FIN        ;
; N/A   ; None         ; 5.497 ns   ; COUNTER32B:inst7|CQI[25] ; DOUT[25] ; FIN        ;
; N/A   ; None         ; 5.459 ns   ; COUNTER32B:inst7|CQI[23] ; DOUT[23] ; FIN        ;
; N/A   ; None         ; 5.435 ns   ; COUNTER32B:inst7|CQI[10] ; DOUT[10] ; FIN        ;
; N/A   ; None         ; 5.423 ns   ; COUNTER32B:inst7|CQI[3]  ; DOUT[3]  ; FIN        ;
; N/A   ; None         ; 5.304 ns   ; COUNTER32B:inst7|CQI[29] ; DOUT[29] ; FIN        ;
; N/A   ; None         ; 5.298 ns   ; COUNTER32B:inst7|CQI[19] ; DOUT[19] ; FIN        ;
; N/A   ; None         ; 5.292 ns   ; FTCTRL:inst|Div2CLK      ; LOAD     ; CLKK       ;
; N/A   ; None         ; 5.282 ns   ; COUNTER32B:inst7|CQI[21] ; DOUT[21] ; FIN        ;
; N/A   ; None         ; 5.282 ns   ; COUNTER32B:inst7|CQI[22] ; DOUT[22] ; FIN        ;
; N/A   ; None         ; 5.275 ns   ; COUNTER32B:inst7|CQI[31] ; DOUT[31] ; FIN        ;
; N/A   ; None         ; 5.263 ns   ; COUNTER32B:inst7|CQI[8]  ; DOUT[8]  ; FIN        ;
; N/A   ; None         ; 5.255 ns   ; COUNTER32B:inst7|CQI[4]  ; DOUT[4]  ; FIN        ;
; N/A   ; None         ; 5.230 ns   ; COUNTER32B:inst7|CQI[2]  ; DOUT[2]  ; FIN        ;
; N/A   ; None         ; 5.206 ns   ; COUNTER32B:inst7|CQI[5]  ; DOUT[5]  ; FIN        ;
; N/A   ; None         ; 5.196 ns   ; COUNTER32B:inst7|CQI[28] ; DOUT[28] ; FIN        ;
; N/A   ; None         ; 5.152 ns   ; COUNTER32B:inst7|CQI[1]  ; DOUT[1]  ; FIN        ;
; N/A   ; None         ; 5.141 ns   ; COUNTER32B:inst7|CQI[18] ; DOUT[18] ; FIN        ;
; N/A   ; None         ; 5.141 ns   ; COUNTER32B:inst7|CQI[24] ; DOUT[24] ; FIN        ;
; N/A   ; None         ; 5.103 ns   ; COUNTER32B:inst7|CQI[6]  ; DOUT[6]  ; FIN        ;
; N/A   ; None         ; 5.076 ns   ; FTCTRL:inst|Div2CLK      ; CLK_EN   ; CLKK       ;
; N/A   ; None         ; 5.056 ns   ; COUNTER32B:inst7|CQI[9]  ; DOUT[9]  ; FIN        ;
; N/A   ; None         ; 5.051 ns   ; COUNTER32B:inst7|CQI[15] ; DOUT[15] ; FIN        ;
+-------+--------------+------------+--------------------------+----------+------------+


+--------------------------------------------------------------+
; tpd                                                          ;
+-------+-------------------+-----------------+------+---------+
; Slack ; Required P2P Time ; Actual P2P Time ; From ; To      ;
+-------+-------------------+-----------------+------+---------+
; N/A   ; None              ; 8.765 ns        ; CLKK ; RST_CNT ;
+-------+-------------------+-----------------+------+---------+


+--------------------------+
; Timing Analyzer Messages ;
+--------------------------+
Info: *******************************************************************
Info: Running Quartus II Classic Timing Analyzer
    Info: Version 9.1 Build 304 01/25/2010 Service Pack 1 SJ Web Edition
    Info: Processing started: Fri Dec 08 19:02:00 2017
Info: Command: quartus_tan --read_settings_files=off --write_settings_files=off 6-4 -c 6-4 --timing_analysis_only
Warning: Found pins functioning as undefined clocks and/or memory enables
    Info: Assuming node "FIN" is an undefined clock
    Info: Assuming node "CLKK" is an undefined clock
Info: Clock "FIN" has Internal fmax of 425.53 MHz between source register "COUNTER32B:inst7|CQI[0]" and destination register "COUNTER32B:inst7|CQI[31]" (period= 2.35 ns)
    Info: + Longest register to register delay is 2.166 ns
        Info: 1: + IC(0.000 ns) + CELL(0.000 ns) = 0.000 ns; Loc. = LCFF_X25_Y26_N21; Fanout = 4; REG Node = 'COUNTER32B:inst7|CQI[0]'
        Info: 2: + IC(0.309 ns) + CELL(0.309 ns) = 0.618 ns; Loc. = LCCOMB_X26_Y26_N0; Fanout = 2; COMB Node = 'COUNTER32B:inst7|Add0~2'
        Info: 3: + IC(0.000 ns) + CELL(0.035 ns) = 0.653 ns; Loc. = LCCOMB_X26_Y26_N2; Fanout = 2; COMB Node = 'COUNTER32B:inst7|Add0~6'
        Info: 4: + IC(0.000 ns) + CELL(0.035 ns) = 0.688 ns; Loc. = LCCOMB_X26_Y26_N4; Fanout = 2; COMB Node = 'COUNTER32B:inst7|Add0~10'
        Info: 5: + IC(0.000 ns) + CELL(0.035 ns) = 0.723 ns; Loc. = LCCOMB_X26_Y26_N6; Fanout = 2; COMB Node = 'COUNTER32B:inst7|Add0~14'
        Info: 6: + IC(0.000 ns) + CELL(0.035 ns) = 0.758 ns; Loc. = LCCOMB_X26_Y26_N8; Fanout = 2; COMB Node = 'COUNTER32B:inst7|Add0~18'
        Info: 7: + IC(0.000 ns) + CELL(0.035 ns) = 0.793 ns; Loc. = LCCOMB_X26_Y26_N10; Fanout = 2; COMB Node = 'COUNTER32B:inst7|Add0~22'
        Info: 8: + IC(0.000 ns) + CELL(0.035 ns) = 0.828 ns; Loc. = LCCOMB_X26_Y26_N12; Fanout = 2; COMB Node = 'COUNTER32B:inst7|Add0~26'
        Info: 9: + IC(0.000 ns) + CELL(0.124 ns) = 0.952 ns; Loc. = LCCOMB_X26_Y26_N14; Fanout = 2; COMB Node = 'COUNTER32B:inst7|Add0~30'
        Info: 10: + IC(0.000 ns) + CELL(0.035 ns) = 0.987 ns; Loc. = LCCOMB_X26_Y26_N16; Fanout = 2; COMB Node = 'COUNTER32B:inst7|Add0~34'
        Info: 11: + IC(0.000 ns) + CELL(0.035 ns) = 1.022 ns; Loc. = LCCOMB_X26_Y26_N18; Fanout = 2; COMB Node = 'COUNTER32B:inst7|Add0~38'
        Info: 12: + IC(0.000 ns) + CELL(0.035 ns) = 1.057 ns; Loc. = LCCOMB_X26_Y26_N20; Fanout = 2; COMB Node = 'COUNTER32B:inst7|Add0~42'
        Info: 13: + IC(0.000 ns) + CELL(0.035 ns) = 1.092 ns; Loc. = LCCOMB_X26_Y26_N22; Fanout = 2; COMB Node = 'COUNTER32B:inst7|Add0~46'
        Info: 14: + IC(0.000 ns) + CELL(0.035 ns) = 1.127 ns; Loc. = LCCOMB_X26_Y26_N24; Fanout = 2; COMB Node = 'COUNTER32B:inst7|Add0~50'
        Info: 15: + IC(0.000 ns) + CELL(0.035 ns) = 1.162 ns; Loc. = LCCOMB_X26_Y26_N26; Fanout = 2; COMB Node = 'COUNTER32B:inst7|Add0~54'
        Info: 16: + IC(0.000 ns) + CELL(0.035 ns) = 1.197 ns; Loc. = LCCOMB_X26_Y26_N28; Fanout = 2; COMB Node = 'COUNTER32B:inst7|Add0~58'
        Info: 17: + IC(0.000 ns) + CELL(0.168 ns) = 1.365 ns; Loc. = LCCOMB_X26_Y26_N30; Fanout = 2; COMB Node = 'COUNTER32B:inst7|Add0~62'
        Info: 18: + IC(0.000 ns) + CELL(0.035 ns) = 1.400 ns; Loc. = LCCOMB_X26_Y25_N0; Fanout = 2; COMB Node = 'COUNTER32B:inst7|Add0~66'
        Info: 19: + IC(0.000 ns) + CELL(0.035 ns) = 1.435 ns; Loc. = LCCOMB_X26_Y25_N2; Fanout = 2; COMB Node = 'COUNTER32B:inst7|Add0~70'
        Info: 20: + IC(0.000 ns) + CELL(0.035 ns) = 1.470 ns; Loc. = LCCOMB_X26_Y25_N4; Fanout = 2; COMB Node = 'COUNTER32B:inst7|Add0~74'
        Info: 21: + IC(0.000 ns) + CELL(0.035 ns) = 1.505 ns; Loc. = LCCOMB_X26_Y25_N6; Fanout = 2; COMB Node = 'COUNTER32B:inst7|Add0~78'
        Info: 22: + IC(0.000 ns) + CELL(0.035 ns) = 1.540 ns; Loc. = LCCOMB_X26_Y25_N8; Fanout = 2; COMB Node = 'COUNTER32B:inst7|Add0~82'
        Info: 23: + IC(0.000 ns) + CELL(0.035 ns) = 1.575 ns; Loc. = LCCOMB_X26_Y25_N10; Fanout = 2; COMB Node = 'COUNTER32B:inst7|Add0~86'
        Info: 24: + IC(0.000 ns) + CELL(0.035 ns) = 1.610 ns; Loc. = LCCOMB_X26_Y25_N12; Fanout = 2; COMB Node = 'COUNTER32B:inst7|Add0~90'
        Info: 25: + IC(0.000 ns) + CELL(0.124 ns) = 1.734 ns; Loc. = LCCOMB_X26_Y25_N14; Fanout = 2; COMB Node = 'COUNTER32B:inst7|Add0~94'
        Info: 26: + IC(0.000 ns) + CELL(0.035 ns) = 1.769 ns; Loc. = LCCOMB_X26_Y25_N16; Fanout = 2; COMB Node = 'COUNTER32B:inst7|Add0~98'
        Info: 27: + IC(0.000 ns) + CELL(0.035 ns) = 1.804 ns; Loc. = LCCOMB_X26_Y25_N18; Fanout = 2; COMB Node = 'COUNTER32B:inst7|Add0~102'
        Info: 28: + IC(0.000 ns) + CELL(0.035 ns) = 1.839 ns; Loc. = LCCOMB_X26_Y25_N20; Fanout = 2; COMB Node = 'COUNTER32B:inst7|Add0~106'
        Info: 29: + IC(0.000 ns) + CELL(0.035 ns) = 1.874 ns; Loc. = LCCOMB_X26_Y25_N22; Fanout = 2; COMB Node = 'COUNTER32B:inst7|Add0~110'
        Info: 30: + IC(0.000 ns) + CELL(0.035 ns) = 1.909 ns; Loc. = LCCOMB_X26_Y25_N24; Fanout = 2; COMB Node = 'COUNTER32B:inst7|Add0~114'
        Info: 31: + IC(0.000 ns) + CELL(0.035 ns) = 1.944 ns; Loc. = LCCOMB_X26_Y25_N26; Fanout = 1; COMB Node = 'COUNTER32B:inst7|Add0~118'
        Info: 32: + IC(0.000 ns) + CELL(0.125 ns) = 2.069 ns; Loc. = LCCOMB_X26_Y25_N28; Fanout = 1; COMB Node = 'COUNTER32B:inst7|Add0~121'
        Info: 33: + IC(0.000 ns) + CELL(0.097 ns) = 2.166 ns; Loc. = LCFF_X26_Y25_N29; Fanout = 2; REG Node = 'COUNTER32B:inst7|CQI[31]'
        Info: Total cell delay = 1.857 ns ( 85.73 % )
        Info: Total interconnect delay = 0.309 ns ( 14.27 % )
    Info: - Smallest clock skew is 0.000 ns
        Info: + Shortest clock path from clock "FIN" to destination register is 2.497 ns
            Info: 1: + IC(0.000 ns) + CELL(0.854 ns) = 0.854 ns; Loc. = PIN_N20; Fanout = 1; CLK Node = 'FIN'
            Info: 2: + IC(0.343 ns) + CELL(0.000 ns) = 1.197 ns; Loc. = CLKCTRL_G3; Fanout = 32; COMB Node = 'FIN~clkctrl'
            Info: 3: + IC(0.682 ns) + CELL(0.618 ns) = 2.497 ns; Loc. = LCFF_X26_Y25_N29; Fanout = 2; REG Node = 'COUNTER32B:inst7|CQI[31]'
            Info: Total cell delay = 1.472 ns ( 58.95 % )
            Info: Total interconnect delay = 1.025 ns ( 41.05 % )
        Info: - Longest clock path from clock "FIN" to source register is 2.497 ns
            Info: 1: + IC(0.000 ns) + CELL(0.854 ns) = 0.854 ns; Loc. = PIN_N20; Fanout = 1; CLK Node = 'FIN'
            Info: 2: + IC(0.343 ns) + CELL(0.000 ns) = 1.197 ns; Loc. = CLKCTRL_G3; Fanout = 32; COMB Node = 'FIN~clkctrl'
            Info: 3: + IC(0.682 ns) + CELL(0.618 ns) = 2.497 ns; Loc. = LCFF_X25_Y26_N21; Fanout = 4; REG Node = 'COUNTER32B:inst7|CQI[0]'
            Info: Total cell delay = 1.472 ns ( 58.95 % )
            Info: Total interconnect delay = 1.025 ns ( 41.05 % )
    Info: + Micro clock to output delay of source is 0.094 ns
    Info: + Micro setup delay of destination is 0.090 ns
Info: Clock "CLKK" Internal fmax is restricted to 500.0 MHz between source register "FTCTRL:inst|Div2CLK" and destination register "FTCTRL:inst|Div2CLK"
    Info: fmax restricted to clock pin edge rate 2.0 ns. Expand message to see actual delay path.
        Info: + Longest register to register delay is 0.488 ns
            Info: 1: + IC(0.000 ns) + CELL(0.000 ns) = 0.000 ns; Loc. = LCFF_X25_Y26_N17; Fanout = 36; REG Node = 'FTCTRL:inst|Div2CLK'
            Info: 2: + IC(0.000 ns) + CELL(0.333 ns) = 0.333 ns; Loc. = LCCOMB_X25_Y26_N16; Fanout = 1; COMB Node = 'FTCTRL:inst|Div2CLK~0'
            Info: 3: + IC(0.000 ns) + CELL(0.155 ns) = 0.488 ns; Loc. = LCFF_X25_Y26_N17; Fanout = 36; REG Node = 'FTCTRL:inst|Div2CLK'
            Info: Total cell delay = 0.488 ns ( 100.00 % )
        Info: - Smallest clock skew is 0.000 ns
            Info: + Shortest clock path from clock "CLKK" to destination register is 2.250 ns
                Info: 1: + IC(0.000 ns) + CELL(0.772 ns) = 0.772 ns; Loc. = PIN_A10; Fanout = 2; CLK Node = 'CLKK'
                Info: 2: + IC(0.860 ns) + CELL(0.618 ns) = 2.250 ns; Loc. = LCFF_X25_Y26_N17; Fanout = 36; REG Node = 'FTCTRL:inst|Div2CLK'
                Info: Total cell delay = 1.390 ns ( 61.78 % )
                Info: Total interconnect delay = 0.860 ns ( 38.22 % )
            Info: - Longest clock path from clock "CLKK" to source register is 2.250 ns
                Info: 1: + IC(0.000 ns) + CELL(0.772 ns) = 0.772 ns; Loc. = PIN_A10; Fanout = 2; CLK Node = 'CLKK'
                Info: 2: + IC(0.860 ns) + CELL(0.618 ns) = 2.250 ns; Loc. = LCFF_X25_Y26_N17; Fanout = 36; REG Node = 'FTCTRL:inst|Div2CLK'
                Info: Total cell delay = 1.390 ns ( 61.78 % )
                Info: Total interconnect delay = 0.860 ns ( 38.22 % )
        Info: + Micro clock to output delay of source is 0.094 ns
        Info: + Micro setup delay of destination is 0.090 ns
Info: tco from clock "FIN" to destination pin "DOUT[7]" through register "COUNTER32B:inst7|CQI[7]" is 7.457 ns
    Info: + Longest clock path from clock "FIN" to source register is 2.498 ns
        Info: 1: + IC(0.000 ns) + CELL(0.854 ns) = 0.854 ns; Loc. = PIN_N20; Fanout = 1; CLK Node = 'FIN'
        Info: 2: + IC(0.343 ns) + CELL(0.000 ns) = 1.197 ns; Loc. = CLKCTRL_G3; Fanout = 32; COMB Node = 'FIN~clkctrl'
        Info: 3: + IC(0.683 ns) + CELL(0.618 ns) = 2.498 ns; Loc. = LCFF_X26_Y26_N13; Fanout = 3; REG Node = 'COUNTER32B:inst7|CQI[7]'
        Info: Total cell delay = 1.472 ns ( 58.93 % )
        Info: Total interconnect delay = 1.026 ns ( 41.07 % )
    Info: + Micro clock to output delay of source is 0.094 ns
    Info: + Longest register to pin delay is 4.865 ns
        Info: 1: + IC(0.000 ns) + CELL(0.000 ns) = 0.000 ns; Loc. = LCFF_X26_Y26_N13; Fanout = 3; REG Node = 'COUNTER32B:inst7|CQI[7]'
        Info: 2: + IC(2.867 ns) + CELL(1.998 ns) = 4.865 ns; Loc. = PIN_AA12; Fanout = 0; PIN Node = 'DOUT[7]'
        Info: Total cell delay = 1.998 ns ( 41.07 % )
        Info: Total interconnect delay = 2.867 ns ( 58.93 % )
Info: Longest tpd from source pin "CLKK" to destination pin "RST_CNT" is 8.765 ns
    Info: 1: + IC(0.000 ns) + CELL(0.772 ns) = 0.772 ns; Loc. = PIN_A10; Fanout = 2; CLK Node = 'CLKK'
    Info: 2: + IC(3.785 ns) + CELL(0.366 ns) = 4.923 ns; Loc. = LCCOMB_X25_Y26_N18; Fanout = 2; COMB Node = 'FTCTRL:inst|RST_CNT'
    Info: 3: + IC(1.688 ns) + CELL(2.154 ns) = 8.765 ns; Loc. = PIN_E1; Fanout = 0; PIN Node = 'RST_CNT'
    Info: Total cell delay = 3.292 ns ( 37.56 % )
    Info: Total interconnect delay = 5.473 ns ( 62.44 % )
Info: Quartus II Classic Timing Analyzer was successful. 0 errors, 1 warning
    Info: Peak virtual memory: 217 megabytes
    Info: Processing ended: Fri Dec 08 19:02:00 2017
    Info: Elapsed time: 00:00:00
    Info: Total CPU time (on all processors): 00:00:01


