TimeQuest Timing Analyzer report for BCDma
Sat Oct 21 13:55:34 2017
Quartus II Version 9.1 Build 304 01/25/2010 Service Pack 1 SJ Web Edition


---------------------
; Table of Contents ;
---------------------
  1. Legal Notice
  2. TimeQuest Timing Analyzer Summary
  3. Parallel Compilation
  4. Clocks
  5. Slow 1200mV 85C Model Fmax Summary
  6. Slow 1200mV 85C Model Setup Summary
  7. Slow 1200mV 85C Model Hold Summary
  8. Slow 1200mV 85C Model Recovery Summary
  9. Slow 1200mV 85C Model Removal Summary
 10. Slow 1200mV 85C Model Minimum Pulse Width Summary
 11. Propagation Delay
 12. Minimum Propagation Delay
 13. Slow 1200mV 85C Model Metastability Report
 14. Slow 1200mV 0C Model Fmax Summary
 15. Slow 1200mV 0C Model Setup Summary
 16. Slow 1200mV 0C Model Hold Summary
 17. Slow 1200mV 0C Model Recovery Summary
 18. Slow 1200mV 0C Model Removal Summary
 19. Slow 1200mV 0C Model Minimum Pulse Width Summary
 20. Propagation Delay
 21. Minimum Propagation Delay
 22. Slow 1200mV 0C Model Metastability Report
 23. Fast 1200mV 0C Model Setup Summary
 24. Fast 1200mV 0C Model Hold Summary
 25. Fast 1200mV 0C Model Recovery Summary
 26. Fast 1200mV 0C Model Removal Summary
 27. Fast 1200mV 0C Model Minimum Pulse Width Summary
 28. Propagation Delay
 29. Minimum Propagation Delay
 30. Fast 1200mV 0C Model Metastability Report
 31. Multicorner Timing Analysis Summary
 32. Progagation Delay
 33. Minimum Progagation Delay
 34. Board Trace Model Assignments
 35. Input Transition Times
 36. Slow Corner Signal Integrity Metrics
 37. Fast Corner Signal Integrity Metrics
 38. Clock Transfers
 39. Report TCCS
 40. Report RSKM
 41. Unconstrained Paths
 42. TimeQuest Timing Analyzer Messages



----------------
; Legal Notice ;
----------------
Copyright (C) 1991-2010 Altera Corporation
Your use of Altera Corporation's design tools, logic functions 
and other software and tools, and its AMPP partner logic 
functions, and any output files from any of the foregoing 
(including device programming or simulation files), and any 
associated documentation or information are expressly subject 
to the terms and conditions of the Altera Program License 
Subscription Agreement, Altera MegaCore Function License 
Agreement, or other applicable license agreement, including, 
without limitation, that your use is for the sole purpose of 
programming logic devices manufactured by Altera and sold by 
Altera or its authorized distributors.  Please refer to the 
applicable agreement for further details.



+-------------------------------------------------------------------------------------+
; TimeQuest Timing Analyzer Summary                                                   ;
+--------------------+----------------------------------------------------------------+
; Quartus II Version ; Version 9.1 Build 304 01/25/2010 Service Pack 1 SJ Web Edition ;
; Revision Name      ; BCDma                                                          ;
; Device Family      ; Cyclone III                                                    ;
; Device Name        ; EP3C10E144C8                                                   ;
; Timing Models      ; Final                                                          ;
; Delay Model        ; Combined                                                       ;
; Rise/Fall Delays   ; Enabled                                                        ;
+--------------------+----------------------------------------------------------------+


Parallel compilation was disabled, but you have multiple processors available. Enable parallel compilation to reduce compilation time.
+-------------------------------------+
; Parallel Compilation                ;
+----------------------------+--------+
; Processors                 ; Number ;
+----------------------------+--------+
; Number detected on machine ; 4      ;
; Maximum allowed            ; 1      ;
+----------------------------+--------+


----------
; Clocks ;
----------
No clocks to report.


--------------------------------------
; Slow 1200mV 85C Model Fmax Summary ;
--------------------------------------
No paths to report.


---------------------------------------
; Slow 1200mV 85C Model Setup Summary ;
---------------------------------------
No paths to report.


--------------------------------------
; Slow 1200mV 85C Model Hold Summary ;
--------------------------------------
No paths to report.


------------------------------------------
; Slow 1200mV 85C Model Recovery Summary ;
------------------------------------------
No paths to report.


-----------------------------------------
; Slow 1200mV 85C Model Removal Summary ;
-----------------------------------------
No paths to report.


-----------------------------------------------------
; Slow 1200mV 85C Model Minimum Pulse Width Summary ;
-----------------------------------------------------
No paths to report.


+--------------------------------------------------------------+
; Propagation Delay                                            ;
+------------+-------------+--------+--------+--------+--------+
; Input Port ; Output Port ; RR     ; RF     ; FR     ; FF     ;
+------------+-------------+--------+--------+--------+--------+
; A[0]       ; D[0]        ; 11.153 ; 10.789 ; 11.270 ; 10.965 ;
; A[0]       ; D[1]        ; 12.456 ; 12.842 ; 12.465 ; 12.962 ;
; A[0]       ; D[2]        ; 11.155 ; 10.845 ; 11.222 ; 10.958 ;
; A[0]       ; D[3]        ; 10.318 ; 10.193 ; 10.232 ; 10.197 ;
; A[0]       ; D[4]        ; 13.975 ; 13.745 ; 13.827 ; 13.597 ;
; A[0]       ; D[5]        ; 14.921 ; 15.165 ; 14.835 ; 15.079 ;
; A[0]       ; D[6]        ; 15.550 ; 15.319 ; 15.402 ; 15.171 ;
; A[0]       ; D[7]        ; 15.332 ; 14.856 ; 15.184 ; 14.708 ;
; A[0]       ; D[8]        ; 15.355 ; 15.196 ; 15.207 ; 15.110 ;
; A[1]       ; D[1]        ; 11.588 ; 11.974 ; 11.944 ; 12.441 ;
; A[1]       ; D[2]        ; 10.287 ; 9.977  ; 10.701 ; 10.437 ;
; A[1]       ; D[3]        ; 9.450  ; 9.325  ; 9.711  ; 9.676  ;
; A[1]       ; D[4]        ; 13.107 ; 12.877 ; 13.306 ; 13.076 ;
; A[1]       ; D[5]        ; 14.053 ; 14.297 ; 14.314 ; 14.558 ;
; A[1]       ; D[6]        ; 14.682 ; 14.451 ; 14.881 ; 14.650 ;
; A[1]       ; D[7]        ; 14.464 ; 13.988 ; 14.663 ; 14.187 ;
; A[1]       ; D[8]        ; 14.487 ; 14.328 ; 14.686 ; 14.589 ;
; A[2]       ; D[1]        ; 12.339 ; 12.725 ; 12.338 ; 12.835 ;
; A[2]       ; D[2]        ; 11.038 ; 10.728 ; 11.095 ; 10.831 ;
; A[2]       ; D[3]        ; 10.201 ; 10.076 ; 10.105 ; 10.070 ;
; A[2]       ; D[4]        ; 13.858 ; 13.628 ; 13.700 ; 13.470 ;
; A[2]       ; D[5]        ; 14.804 ; 15.048 ; 14.708 ; 14.952 ;
; A[2]       ; D[6]        ; 15.433 ; 15.202 ; 15.275 ; 15.044 ;
; A[2]       ; D[7]        ; 15.215 ; 14.739 ; 15.057 ; 14.581 ;
; A[2]       ; D[8]        ; 15.238 ; 15.079 ; 15.080 ; 14.983 ;
; A[3]       ; D[1]        ; 11.416 ; 11.703 ; 11.810 ; 12.307 ;
; A[3]       ; D[2]        ; 10.078 ; 9.771  ; 10.567 ; 10.303 ;
; A[3]       ; D[3]        ; 9.201  ; 8.758  ; 9.048  ; 9.542  ;
; A[3]       ; D[4]        ; 12.423 ; 12.193 ; 12.718 ; 12.488 ;
; A[3]       ; D[5]        ; 13.486 ; 13.730 ; 13.624 ; 13.868 ;
; A[3]       ; D[6]        ; 13.998 ; 13.767 ; 14.293 ; 14.062 ;
; A[3]       ; D[7]        ; 13.780 ; 13.342 ; 14.075 ; 13.599 ;
; A[3]       ; D[8]        ; 13.803 ; 13.761 ; 14.098 ; 13.881 ;
; A[4]       ; D[4]        ; 10.317 ; 10.204 ; 10.563 ; 10.275 ;
; A[4]       ; D[5]        ; 11.769 ; 12.013 ; 12.225 ; 12.469 ;
; A[4]       ; D[6]        ; 12.438 ; 12.207 ; 12.468 ; 12.306 ;
; A[4]       ; D[7]        ; 12.220 ; 11.744 ; 12.285 ; 12.081 ;
; A[4]       ; D[8]        ; 12.243 ; 11.950 ; 12.225 ; 12.500 ;
; A[5]       ; D[5]        ; 9.454  ; 9.698  ; 9.756  ; 10.000 ;
; A[5]       ; D[6]        ; 10.123 ; 9.892  ; 9.989  ; 9.780  ;
; A[5]       ; D[7]        ; 9.905  ; 9.429  ; 9.659  ; 9.612  ;
; A[5]       ; D[8]        ; 9.928  ; 9.635  ; 9.619  ; 10.031 ;
; A[6]       ; D[5]        ; 11.656 ; 11.900 ; 12.115 ; 12.359 ;
; A[6]       ; D[6]        ; 12.325 ; 12.094 ; 12.348 ; 12.139 ;
; A[6]       ; D[7]        ; 12.107 ; 11.296 ; 11.985 ; 11.971 ;
; A[6]       ; D[8]        ; 12.130 ; 11.595 ; 11.947 ; 12.390 ;
; A[7]       ; D[5]        ; 11.246 ; 11.490 ; 11.369 ; 11.613 ;
; A[7]       ; D[6]        ; 12.348 ; 12.117 ; 12.108 ; 11.899 ;
; A[7]       ; D[7]        ; 12.130 ; 10.886 ; 11.239 ; 11.731 ;
; A[7]       ; D[8]        ; 12.153 ; 11.110 ; 11.201 ; 12.150 ;
; B[0]       ; D[0]        ; 10.967 ; 10.604 ; 11.224 ; 10.932 ;
; B[0]       ; D[1]        ; 12.270 ; 12.656 ; 12.431 ; 12.928 ;
; B[0]       ; D[2]        ; 10.969 ; 10.659 ; 11.188 ; 10.924 ;
; B[0]       ; D[3]        ; 10.132 ; 10.007 ; 10.198 ; 10.163 ;
; B[0]       ; D[4]        ; 13.789 ; 13.559 ; 13.793 ; 13.563 ;
; B[0]       ; D[5]        ; 14.735 ; 14.979 ; 14.801 ; 15.045 ;
; B[0]       ; D[6]        ; 15.364 ; 15.133 ; 15.368 ; 15.137 ;
; B[0]       ; D[7]        ; 15.146 ; 14.670 ; 15.150 ; 14.674 ;
; B[0]       ; D[8]        ; 15.169 ; 15.010 ; 15.173 ; 15.076 ;
; B[1]       ; D[1]        ; 12.012 ; 12.398 ; 12.448 ; 12.945 ;
; B[1]       ; D[2]        ; 10.711 ; 10.401 ; 11.205 ; 10.941 ;
; B[1]       ; D[3]        ; 9.874  ; 9.749  ; 10.215 ; 10.180 ;
; B[1]       ; D[4]        ; 13.531 ; 13.301 ; 13.810 ; 13.580 ;
; B[1]       ; D[5]        ; 14.477 ; 14.721 ; 14.818 ; 15.062 ;
; B[1]       ; D[6]        ; 15.106 ; 14.875 ; 15.385 ; 15.154 ;
; B[1]       ; D[7]        ; 14.888 ; 14.412 ; 15.167 ; 14.691 ;
; B[1]       ; D[8]        ; 14.911 ; 14.752 ; 15.190 ; 15.093 ;
; B[2]       ; D[1]        ; 11.413 ; 11.799 ; 11.540 ; 12.037 ;
; B[2]       ; D[2]        ; 10.112 ; 9.802  ; 10.297 ; 10.033 ;
; B[2]       ; D[3]        ; 9.275  ; 9.150  ; 9.307  ; 9.272  ;
; B[2]       ; D[4]        ; 12.932 ; 12.702 ; 12.902 ; 12.672 ;
; B[2]       ; D[5]        ; 13.878 ; 14.122 ; 13.910 ; 14.154 ;
; B[2]       ; D[6]        ; 14.507 ; 14.276 ; 14.477 ; 14.246 ;
; B[2]       ; D[7]        ; 14.289 ; 13.813 ; 14.259 ; 13.783 ;
; B[2]       ; D[8]        ; 14.312 ; 14.153 ; 14.282 ; 14.185 ;
; B[3]       ; D[1]        ; 11.454 ; 11.741 ; 11.841 ; 12.338 ;
; B[3]       ; D[2]        ; 10.116 ; 9.809  ; 10.598 ; 10.334 ;
; B[3]       ; D[3]        ; 9.239  ; 8.796  ; 9.079  ; 9.573  ;
; B[3]       ; D[4]        ; 12.459 ; 12.229 ; 12.749 ; 12.519 ;
; B[3]       ; D[5]        ; 13.524 ; 13.768 ; 13.655 ; 13.899 ;
; B[3]       ; D[6]        ; 14.034 ; 13.803 ; 14.324 ; 14.093 ;
; B[3]       ; D[7]        ; 13.816 ; 13.380 ; 14.106 ; 13.630 ;
; B[3]       ; D[8]        ; 13.839 ; 13.799 ; 14.129 ; 13.894 ;
; B[4]       ; D[4]        ; 10.591 ; 10.480 ; 10.842 ; 10.536 ;
; B[4]       ; D[5]        ; 12.045 ; 12.289 ; 12.504 ; 12.748 ;
; B[4]       ; D[6]        ; 12.714 ; 12.483 ; 12.747 ; 12.585 ;
; B[4]       ; D[7]        ; 12.496 ; 12.020 ; 12.564 ; 12.360 ;
; B[4]       ; D[8]        ; 12.519 ; 12.226 ; 12.504 ; 12.779 ;
; B[5]       ; D[5]        ; 11.212 ; 11.456 ; 11.500 ; 11.744 ;
; B[5]       ; D[6]        ; 11.881 ; 11.650 ; 11.733 ; 11.524 ;
; B[5]       ; D[7]        ; 11.663 ; 11.187 ; 11.403 ; 11.356 ;
; B[5]       ; D[8]        ; 11.686 ; 11.393 ; 11.363 ; 11.775 ;
; B[6]       ; D[5]        ; 11.662 ; 11.906 ; 12.113 ; 12.357 ;
; B[6]       ; D[6]        ; 12.331 ; 12.100 ; 12.346 ; 12.137 ;
; B[6]       ; D[7]        ; 12.113 ; 11.302 ; 11.983 ; 11.969 ;
; B[6]       ; D[8]        ; 12.136 ; 11.601 ; 11.945 ; 12.388 ;
; B[7]       ; D[5]        ; 8.944  ; 9.188  ; 9.169  ; 9.413  ;
; B[7]       ; D[6]        ; 10.051 ; 9.820  ; 9.898  ; 9.689  ;
; B[7]       ; D[7]        ; 9.833  ; 8.584  ; 9.039  ; 9.521  ;
; B[7]       ; D[8]        ; 9.856  ; 8.812  ; 9.001  ; 9.940  ;
+------------+-------------+--------+--------+--------+--------+


+--------------------------------------------------------------+
; Minimum Propagation Delay                                    ;
+------------+-------------+--------+--------+--------+--------+
; Input Port ; Output Port ; RR     ; RF     ; FR     ; FF     ;
+------------+-------------+--------+--------+--------+--------+
; A[0]       ; D[0]        ; 10.783 ; 10.468 ; 10.938 ; 10.541 ;
; A[0]       ; D[1]        ; 11.269 ; 11.651 ; 11.337 ; 11.717 ;
; A[0]       ; D[2]        ; 10.033 ; 9.722  ; 10.099 ; 9.791  ;
; A[0]       ; D[3]        ; 9.206  ; 9.052  ; 9.272  ; 9.120  ;
; A[0]       ; D[4]        ; 11.896 ; 11.688 ; 12.071 ; 11.899 ;
; A[0]       ; D[5]        ; 12.039 ; 12.332 ; 12.358 ; 12.634 ;
; A[0]       ; D[6]        ; 12.783 ; 12.676 ; 13.066 ; 12.977 ;
; A[0]       ; D[7]        ; 12.587 ; 12.357 ; 12.870 ; 12.640 ;
; A[0]       ; D[8]        ; 12.676 ; 12.771 ; 12.995 ; 13.054 ;
; A[1]       ; D[1]        ; 10.238 ; 10.618 ; 10.444 ; 10.832 ;
; A[1]       ; D[2]        ; 9.000  ; 8.692  ; 9.213  ; 8.897  ;
; A[1]       ; D[3]        ; 8.173  ; 8.021  ; 8.387  ; 8.227  ;
; A[1]       ; D[4]        ; 11.218 ; 11.010 ; 11.442 ; 11.270 ;
; A[1]       ; D[5]        ; 11.361 ; 11.654 ; 11.686 ; 11.979 ;
; A[1]       ; D[6]        ; 12.105 ; 11.998 ; 12.430 ; 12.323 ;
; A[1]       ; D[7]        ; 11.909 ; 11.679 ; 12.234 ; 12.004 ;
; A[1]       ; D[8]        ; 11.998 ; 12.093 ; 12.323 ; 12.418 ;
; A[2]       ; D[1]        ; 11.063 ; 11.480 ; 11.191 ; 11.556 ;
; A[2]       ; D[2]        ; 9.824  ; 9.516  ; 9.937  ; 9.644  ;
; A[2]       ; D[3]        ; 9.001  ; 8.846  ; 9.111  ; 8.974  ;
; A[2]       ; D[4]        ; 11.783 ; 11.575 ; 11.949 ; 11.777 ;
; A[2]       ; D[5]        ; 11.926 ; 12.219 ; 12.236 ; 12.512 ;
; A[2]       ; D[6]        ; 12.670 ; 12.563 ; 12.944 ; 12.855 ;
; A[2]       ; D[7]        ; 12.474 ; 12.244 ; 12.748 ; 12.518 ;
; A[2]       ; D[8]        ; 12.563 ; 12.658 ; 12.873 ; 12.932 ;
; A[3]       ; D[1]        ; 10.552 ; 10.886 ; 10.736 ; 11.104 ;
; A[3]       ; D[2]        ; 9.364  ; 9.022  ; 9.548  ; 9.240  ;
; A[3]       ; D[3]        ; 8.483  ; 8.323  ; 8.701  ; 8.541  ;
; A[3]       ; D[4]        ; 11.087 ; 10.879 ; 11.315 ; 11.143 ;
; A[3]       ; D[5]        ; 11.230 ; 11.523 ; 11.602 ; 11.878 ;
; A[3]       ; D[6]        ; 11.974 ; 11.867 ; 12.310 ; 12.221 ;
; A[3]       ; D[7]        ; 11.778 ; 11.548 ; 12.114 ; 11.884 ;
; A[3]       ; D[8]        ; 11.867 ; 11.962 ; 12.239 ; 12.298 ;
; A[4]       ; D[4]        ; 10.005 ; 9.825  ; 10.177 ; 9.963  ;
; A[4]       ; D[5]        ; 10.503 ; 10.796 ; 10.720 ; 10.996 ;
; A[4]       ; D[6]        ; 11.247 ; 11.140 ; 11.428 ; 11.339 ;
; A[4]       ; D[7]        ; 11.051 ; 10.821 ; 11.232 ; 11.002 ;
; A[4]       ; D[8]        ; 11.140 ; 11.235 ; 11.357 ; 11.416 ;
; A[5]       ; D[5]        ; 7.904  ; 8.197  ; 8.185  ; 8.448  ;
; A[5]       ; D[6]        ; 8.831  ; 8.562  ; 9.060  ; 8.791  ;
; A[5]       ; D[7]        ; 8.615  ; 8.454  ; 8.844  ; 8.721  ;
; A[5]       ; D[8]        ; 8.703  ; 8.794  ; 8.984  ; 9.023  ;
; A[6]       ; D[5]        ; 10.413 ; 10.722 ; 10.583 ; 10.858 ;
; A[6]       ; D[6]        ; 10.997 ; 10.804 ; 11.133 ; 10.940 ;
; A[6]       ; D[7]        ; 10.807 ; 10.626 ; 10.943 ; 10.762 ;
; A[6]       ; D[8]        ; 10.929 ; 10.987 ; 11.099 ; 11.123 ;
; A[7]       ; D[5]        ; 10.410 ; 10.703 ; 10.541 ; 10.842 ;
; A[7]       ; D[6]        ; 10.784 ; 10.674 ; 10.905 ; 10.847 ;
; A[7]       ; D[7]        ; 10.588 ; 10.358 ; 10.709 ; 10.479 ;
; A[7]       ; D[8]        ; 10.674 ; 10.772 ; 10.847 ; 10.893 ;
; B[0]       ; D[0]        ; 10.607 ; 10.289 ; 10.895 ; 10.509 ;
; B[0]       ; D[1]        ; 11.092 ; 11.474 ; 11.311 ; 11.691 ;
; B[0]       ; D[2]        ; 9.856  ; 9.545  ; 10.073 ; 9.765  ;
; B[0]       ; D[3]        ; 9.029  ; 8.875  ; 9.246  ; 9.094  ;
; B[0]       ; D[4]        ; 11.719 ; 11.511 ; 12.045 ; 11.873 ;
; B[0]       ; D[5]        ; 11.862 ; 12.155 ; 12.332 ; 12.608 ;
; B[0]       ; D[6]        ; 12.606 ; 12.499 ; 13.040 ; 12.951 ;
; B[0]       ; D[7]        ; 12.410 ; 12.180 ; 12.844 ; 12.614 ;
; B[0]       ; D[8]        ; 12.499 ; 12.594 ; 12.969 ; 13.028 ;
; B[1]       ; D[1]        ; 10.644 ; 11.024 ; 10.916 ; 11.304 ;
; B[1]       ; D[2]        ; 9.406  ; 9.098  ; 9.685  ; 9.369  ;
; B[1]       ; D[3]        ; 8.579  ; 8.427  ; 8.859  ; 8.699  ;
; B[1]       ; D[4]        ; 11.623 ; 11.415 ; 11.930 ; 11.758 ;
; B[1]       ; D[5]        ; 11.766 ; 12.059 ; 12.158 ; 12.451 ;
; B[1]       ; D[6]        ; 12.510 ; 12.403 ; 12.902 ; 12.795 ;
; B[1]       ; D[7]        ; 12.314 ; 12.084 ; 12.706 ; 12.476 ;
; B[1]       ; D[8]        ; 12.403 ; 12.498 ; 12.795 ; 12.890 ;
; B[2]       ; D[1]        ; 10.177 ; 10.594 ; 10.426 ; 10.791 ;
; B[2]       ; D[2]        ; 8.938  ; 8.630  ; 9.172  ; 8.879  ;
; B[2]       ; D[3]        ; 8.115  ; 7.960  ; 8.346  ; 8.209  ;
; B[2]       ; D[4]        ; 10.897 ; 10.689 ; 11.190 ; 11.018 ;
; B[2]       ; D[5]        ; 11.040 ; 11.333 ; 11.477 ; 11.753 ;
; B[2]       ; D[6]        ; 11.784 ; 11.677 ; 12.185 ; 12.096 ;
; B[2]       ; D[7]        ; 11.588 ; 11.358 ; 11.989 ; 11.759 ;
; B[2]       ; D[8]        ; 11.677 ; 11.772 ; 12.114 ; 12.173 ;
; B[3]       ; D[1]        ; 10.593 ; 10.921 ; 10.753 ; 11.121 ;
; B[3]       ; D[2]        ; 9.405  ; 9.057  ; 9.565  ; 9.257  ;
; B[3]       ; D[3]        ; 8.518  ; 8.358  ; 8.718  ; 8.558  ;
; B[3]       ; D[4]        ; 11.121 ; 10.913 ; 11.348 ; 11.176 ;
; B[3]       ; D[5]        ; 11.264 ; 11.557 ; 11.635 ; 11.911 ;
; B[3]       ; D[6]        ; 12.008 ; 11.901 ; 12.343 ; 12.254 ;
; B[3]       ; D[7]        ; 11.812 ; 11.582 ; 12.147 ; 11.917 ;
; B[3]       ; D[8]        ; 11.901 ; 11.996 ; 12.272 ; 12.331 ;
; B[4]       ; D[4]        ; 10.269 ; 10.095 ; 10.432 ; 10.218 ;
; B[4]       ; D[5]        ; 10.766 ; 11.059 ; 10.991 ; 11.267 ;
; B[4]       ; D[6]        ; 11.510 ; 11.403 ; 11.699 ; 11.610 ;
; B[4]       ; D[7]        ; 11.314 ; 11.084 ; 11.503 ; 11.273 ;
; B[4]       ; D[8]        ; 11.403 ; 11.498 ; 11.628 ; 11.687 ;
; B[5]       ; D[5]        ; 9.584  ; 9.877  ; 9.849  ; 10.112 ;
; B[5]       ; D[6]        ; 10.511 ; 10.242 ; 10.724 ; 10.455 ;
; B[5]       ; D[7]        ; 10.295 ; 10.134 ; 10.508 ; 10.385 ;
; B[5]       ; D[8]        ; 10.383 ; 10.474 ; 10.648 ; 10.687 ;
; B[6]       ; D[5]        ; 10.418 ; 10.733 ; 10.570 ; 10.845 ;
; B[6]       ; D[6]        ; 11.008 ; 10.815 ; 11.120 ; 10.927 ;
; B[6]       ; D[7]        ; 10.818 ; 10.637 ; 10.930 ; 10.749 ;
; B[6]       ; D[8]        ; 10.934 ; 10.998 ; 11.086 ; 11.110 ;
; B[7]       ; D[5]        ; 8.208  ; 8.501  ; 8.422  ; 8.723  ;
; B[7]       ; D[6]        ; 8.582  ; 8.472  ; 8.792  ; 8.734  ;
; B[7]       ; D[7]        ; 8.386  ; 8.156  ; 8.596  ; 8.366  ;
; B[7]       ; D[8]        ; 8.472  ; 8.570  ; 8.734  ; 8.780  ;
+------------+-------------+--------+--------+--------+--------+


----------------------------------------------
; Slow 1200mV 85C Model Metastability Report ;
----------------------------------------------
No synchronizer chains to report.


-------------------------------------
; Slow 1200mV 0C Model Fmax Summary ;
-------------------------------------
No paths to report.


--------------------------------------
; Slow 1200mV 0C Model Setup Summary ;
--------------------------------------
No paths to report.


-------------------------------------
; Slow 1200mV 0C Model Hold Summary ;
-------------------------------------
No paths to report.


-----------------------------------------
; Slow 1200mV 0C Model Recovery Summary ;
-----------------------------------------
No paths to report.


----------------------------------------
; Slow 1200mV 0C Model Removal Summary ;
----------------------------------------
No paths to report.


----------------------------------------------------
; Slow 1200mV 0C Model Minimum Pulse Width Summary ;
----------------------------------------------------
No paths to report.


+--------------------------------------------------------------+
; Propagation Delay                                            ;
+------------+-------------+--------+--------+--------+--------+
; Input Port ; Output Port ; RR     ; RF     ; FR     ; FF     ;
+------------+-------------+--------+--------+--------+--------+
; A[0]       ; D[0]        ; 10.581 ; 10.107 ; 10.484 ; 10.068 ;
; A[0]       ; D[1]        ; 11.634 ; 12.078 ; 11.391 ; 11.976 ;
; A[0]       ; D[2]        ; 10.519 ; 10.123 ; 10.375 ; 9.978  ;
; A[0]       ; D[3]        ; 9.715  ; 9.531  ; 9.410  ; 9.304  ;
; A[0]       ; D[4]        ; 13.129 ; 12.710 ; 12.798 ; 12.379 ;
; A[0]       ; D[5]        ; 13.926 ; 14.256 ; 13.648 ; 13.978 ;
; A[0]       ; D[6]        ; 14.592 ; 14.280 ; 14.261 ; 13.949 ;
; A[0]       ; D[7]        ; 14.410 ; 13.822 ; 14.079 ; 13.491 ;
; A[0]       ; D[8]        ; 14.304 ; 14.166 ; 13.973 ; 13.888 ;
; A[1]       ; D[1]        ; 10.797 ; 11.241 ; 10.935 ; 11.520 ;
; A[1]       ; D[2]        ; 9.682  ; 9.286  ; 9.919  ; 9.522  ;
; A[1]       ; D[3]        ; 8.878  ; 8.694  ; 8.954  ; 8.848  ;
; A[1]       ; D[4]        ; 12.292 ; 11.873 ; 12.342 ; 11.923 ;
; A[1]       ; D[5]        ; 13.089 ; 13.419 ; 13.192 ; 13.522 ;
; A[1]       ; D[6]        ; 13.755 ; 13.443 ; 13.805 ; 13.493 ;
; A[1]       ; D[7]        ; 13.573 ; 12.985 ; 13.623 ; 13.035 ;
; A[1]       ; D[8]        ; 13.467 ; 13.329 ; 13.517 ; 13.432 ;
; A[2]       ; D[1]        ; 11.532 ; 11.976 ; 11.293 ; 11.878 ;
; A[2]       ; D[2]        ; 10.417 ; 10.021 ; 10.277 ; 9.880  ;
; A[2]       ; D[3]        ; 9.613  ; 9.429  ; 9.312  ; 9.206  ;
; A[2]       ; D[4]        ; 13.027 ; 12.608 ; 12.700 ; 12.281 ;
; A[2]       ; D[5]        ; 13.824 ; 14.154 ; 13.550 ; 13.880 ;
; A[2]       ; D[6]        ; 14.490 ; 14.178 ; 14.163 ; 13.851 ;
; A[2]       ; D[7]        ; 14.308 ; 13.720 ; 13.981 ; 13.393 ;
; A[2]       ; D[8]        ; 14.202 ; 14.064 ; 13.875 ; 13.790 ;
; A[3]       ; D[1]        ; 10.635 ; 11.037 ; 10.829 ; 11.414 ;
; A[3]       ; D[2]        ; 9.536  ; 9.101  ; 9.813  ; 9.416  ;
; A[3]       ; D[3]        ; 8.668  ; 8.168  ; 8.414  ; 8.742  ;
; A[3]       ; D[4]        ; 11.687 ; 11.268 ; 11.828 ; 11.409 ;
; A[3]       ; D[5]        ; 12.588 ; 12.918 ; 12.577 ; 12.907 ;
; A[3]       ; D[6]        ; 13.150 ; 12.838 ; 13.291 ; 12.979 ;
; A[3]       ; D[7]        ; 12.968 ; 12.410 ; 13.109 ; 12.521 ;
; A[3]       ; D[8]        ; 12.862 ; 12.828 ; 13.003 ; 12.817 ;
; A[4]       ; D[4]        ; 9.815  ; 9.500  ; 9.853  ; 9.386  ;
; A[4]       ; D[5]        ; 11.037 ; 11.367 ; 11.269 ; 11.599 ;
; A[4]       ; D[6]        ; 11.764 ; 11.452 ; 11.619 ; 11.368 ;
; A[4]       ; D[7]        ; 11.582 ; 10.994 ; 11.469 ; 11.091 ;
; A[4]       ; D[8]        ; 11.476 ; 11.209 ; 11.298 ; 11.509 ;
; A[5]       ; D[5]        ; 8.914  ; 9.244  ; 9.363  ; 9.693  ;
; A[5]       ; D[6]        ; 9.641  ; 9.329  ; 9.585  ; 9.269  ;
; A[5]       ; D[7]        ; 9.459  ; 8.871  ; 9.421  ; 9.076  ;
; A[5]       ; D[8]        ; 9.353  ; 9.086  ; 9.259  ; 9.603  ;
; A[6]       ; D[5]        ; 10.922 ; 11.252 ; 11.194 ; 11.524 ;
; A[6]       ; D[6]        ; 11.649 ; 11.337 ; 11.392 ; 11.100 ;
; A[6]       ; D[7]        ; 11.467 ; 10.562 ; 11.208 ; 10.907 ;
; A[6]       ; D[8]        ; 11.361 ; 10.866 ; 11.047 ; 11.434 ;
; A[7]       ; D[5]        ; 10.559 ; 10.889 ; 10.530 ; 10.860 ;
; A[7]       ; D[6]        ; 11.667 ; 11.355 ; 11.184 ; 10.892 ;
; A[7]       ; D[7]        ; 11.485 ; 10.199 ; 10.544 ; 10.699 ;
; A[7]       ; D[8]        ; 11.379 ; 10.437 ; 10.383 ; 11.226 ;
; B[0]       ; D[0]        ; 10.382 ; 9.909  ; 10.461 ; 10.055 ;
; B[0]       ; D[1]        ; 11.435 ; 11.879 ; 11.378 ; 11.963 ;
; B[0]       ; D[2]        ; 10.320 ; 9.924  ; 10.362 ; 9.965  ;
; B[0]       ; D[3]        ; 9.516  ; 9.332  ; 9.397  ; 9.291  ;
; B[0]       ; D[4]        ; 12.930 ; 12.511 ; 12.785 ; 12.366 ;
; B[0]       ; D[5]        ; 13.727 ; 14.057 ; 13.635 ; 13.965 ;
; B[0]       ; D[6]        ; 14.393 ; 14.081 ; 14.248 ; 13.936 ;
; B[0]       ; D[7]        ; 14.211 ; 13.623 ; 14.066 ; 13.478 ;
; B[0]       ; D[8]        ; 14.105 ; 13.967 ; 13.960 ; 13.875 ;
; B[1]       ; D[1]        ; 11.210 ; 11.654 ; 11.391 ; 11.976 ;
; B[1]       ; D[2]        ; 10.095 ; 9.699  ; 10.375 ; 9.978  ;
; B[1]       ; D[3]        ; 9.291  ; 9.107  ; 9.410  ; 9.304  ;
; B[1]       ; D[4]        ; 12.705 ; 12.286 ; 12.798 ; 12.379 ;
; B[1]       ; D[5]        ; 13.502 ; 13.832 ; 13.648 ; 13.978 ;
; B[1]       ; D[6]        ; 14.168 ; 13.856 ; 14.261 ; 13.949 ;
; B[1]       ; D[7]        ; 13.986 ; 13.398 ; 14.079 ; 13.491 ;
; B[1]       ; D[8]        ; 13.880 ; 13.742 ; 13.973 ; 13.888 ;
; B[2]       ; D[1]        ; 10.613 ; 11.057 ; 10.585 ; 11.170 ;
; B[2]       ; D[2]        ; 9.498  ; 9.102  ; 9.569  ; 9.172  ;
; B[2]       ; D[3]        ; 8.694  ; 8.510  ; 8.604  ; 8.498  ;
; B[2]       ; D[4]        ; 12.108 ; 11.689 ; 11.992 ; 11.573 ;
; B[2]       ; D[5]        ; 12.905 ; 13.235 ; 12.842 ; 13.172 ;
; B[2]       ; D[6]        ; 13.571 ; 13.259 ; 13.455 ; 13.143 ;
; B[2]       ; D[7]        ; 13.389 ; 12.801 ; 13.273 ; 12.685 ;
; B[2]       ; D[8]        ; 13.283 ; 13.145 ; 13.167 ; 13.082 ;
; B[3]       ; D[1]        ; 10.672 ; 11.074 ; 10.858 ; 11.443 ;
; B[3]       ; D[2]        ; 9.573  ; 9.138  ; 9.842  ; 9.445  ;
; B[3]       ; D[3]        ; 8.705  ; 8.205  ; 8.442  ; 8.771  ;
; B[3]       ; D[4]        ; 11.720 ; 11.301 ; 11.856 ; 11.437 ;
; B[3]       ; D[5]        ; 12.625 ; 12.955 ; 12.592 ; 12.922 ;
; B[3]       ; D[6]        ; 13.183 ; 12.871 ; 13.319 ; 13.007 ;
; B[3]       ; D[7]        ; 13.001 ; 12.447 ; 13.137 ; 12.549 ;
; B[3]       ; D[8]        ; 12.895 ; 12.865 ; 13.031 ; 12.830 ;
; B[4]       ; D[4]        ; 10.073 ; 9.762  ; 10.105 ; 9.623  ;
; B[4]       ; D[5]        ; 11.299 ; 11.629 ; 11.522 ; 11.852 ;
; B[4]       ; D[6]        ; 12.026 ; 11.714 ; 11.872 ; 11.621 ;
; B[4]       ; D[7]        ; 11.844 ; 11.256 ; 11.722 ; 11.344 ;
; B[4]       ; D[8]        ; 11.738 ; 11.471 ; 11.551 ; 11.762 ;
; B[5]       ; D[5]        ; 10.461 ; 10.791 ; 10.635 ; 10.965 ;
; B[5]       ; D[6]        ; 11.188 ; 10.876 ; 10.857 ; 10.541 ;
; B[5]       ; D[7]        ; 11.006 ; 10.418 ; 10.693 ; 10.348 ;
; B[5]       ; D[8]        ; 10.900 ; 10.633 ; 10.531 ; 10.875 ;
; B[6]       ; D[5]        ; 10.932 ; 11.262 ; 11.198 ; 11.528 ;
; B[6]       ; D[6]        ; 11.659 ; 11.347 ; 11.396 ; 11.104 ;
; B[6]       ; D[7]        ; 11.477 ; 10.572 ; 11.212 ; 10.911 ;
; B[6]       ; D[8]        ; 11.371 ; 10.876 ; 11.051 ; 11.438 ;
; B[7]       ; D[5]        ; 8.509  ; 8.839  ; 8.819  ; 9.149  ;
; B[7]       ; D[6]        ; 9.622  ; 9.310  ; 9.463  ; 9.171  ;
; B[7]       ; D[7]        ; 9.440  ; 8.149  ; 8.833  ; 8.978  ;
; B[7]       ; D[8]        ; 9.334  ; 8.391  ; 8.672  ; 9.505  ;
+------------+-------------+--------+--------+--------+--------+


+--------------------------------------------------------------+
; Minimum Propagation Delay                                    ;
+------------+-------------+--------+--------+--------+--------+
; Input Port ; Output Port ; RR     ; RF     ; FR     ; FF     ;
+------------+-------------+--------+--------+--------+--------+
; A[0]       ; D[0]        ; 10.243 ; 9.812  ; 10.189 ; 9.690  ;
; A[0]       ; D[1]        ; 10.527 ; 11.016 ; 10.419 ; 10.903 ;
; A[0]       ; D[2]        ; 9.519  ; 9.077  ; 9.406  ; 8.969  ;
; A[0]       ; D[3]        ; 8.701  ; 8.485  ; 8.587  ; 8.376  ;
; A[0]       ; D[4]        ; 11.264 ; 10.872 ; 11.185 ; 10.824 ;
; A[0]       ; D[5]        ; 11.276 ; 11.641 ; 11.310 ; 11.653 ;
; A[0]       ; D[6]        ; 11.986 ; 11.805 ; 11.998 ; 11.817 ;
; A[0]       ; D[7]        ; 11.823 ; 11.457 ; 11.835 ; 11.469 ;
; A[0]       ; D[8]        ; 11.901 ; 11.981 ; 11.944 ; 11.993 ;
; A[1]       ; D[1]        ; 9.561  ; 10.045 ; 9.609  ; 10.098 ;
; A[1]       ; D[2]        ; 8.548  ; 8.111  ; 8.601  ; 8.159  ;
; A[1]       ; D[3]        ; 7.729  ; 7.518  ; 7.783  ; 7.567  ;
; A[1]       ; D[4]        ; 10.596 ; 10.204 ; 10.635 ; 10.274 ;
; A[1]       ; D[5]        ; 10.608 ; 10.973 ; 10.758 ; 11.103 ;
; A[1]       ; D[6]        ; 11.318 ; 11.137 ; 11.448 ; 11.267 ;
; A[1]       ; D[7]        ; 11.155 ; 10.789 ; 11.285 ; 10.919 ;
; A[1]       ; D[8]        ; 11.233 ; 11.313 ; 11.383 ; 11.443 ;
; A[2]       ; D[1]        ; 10.368 ; 10.868 ; 10.305 ; 10.755 ;
; A[2]       ; D[2]        ; 9.353  ; 8.918  ; 9.258  ; 8.855  ;
; A[2]       ; D[3]        ; 8.537  ; 8.326  ; 8.439  ; 8.263  ;
; A[2]       ; D[4]        ; 11.166 ; 10.774 ; 11.090 ; 10.729 ;
; A[2]       ; D[5]        ; 11.178 ; 11.543 ; 11.215 ; 11.558 ;
; A[2]       ; D[6]        ; 11.888 ; 11.707 ; 11.903 ; 11.722 ;
; A[2]       ; D[7]        ; 11.725 ; 11.359 ; 11.740 ; 11.374 ;
; A[2]       ; D[8]        ; 11.803 ; 11.883 ; 11.849 ; 11.898 ;
; A[3]       ; D[1]        ; 9.833  ; 10.301 ; 9.879  ; 10.386 ;
; A[3]       ; D[2]        ; 8.864  ; 8.434  ; 8.910  ; 8.519  ;
; A[3]       ; D[3]        ; 8.017  ; 7.804  ; 8.073  ; 7.889  ;
; A[3]       ; D[4]        ; 10.482 ; 10.090 ; 10.533 ; 10.172 ;
; A[3]       ; D[5]        ; 10.494 ; 10.859 ; 10.658 ; 11.001 ;
; A[3]       ; D[6]        ; 11.204 ; 11.023 ; 11.346 ; 11.165 ;
; A[3]       ; D[7]        ; 11.041 ; 10.675 ; 11.183 ; 10.817 ;
; A[3]       ; D[8]        ; 11.119 ; 11.199 ; 11.292 ; 11.341 ;
; A[4]       ; D[4]        ; 9.522  ; 9.166  ; 9.508  ; 9.113  ;
; A[4]       ; D[5]        ; 9.854  ; 10.219 ; 9.868  ; 10.211 ;
; A[4]       ; D[6]        ; 10.564 ; 10.383 ; 10.556 ; 10.375 ;
; A[4]       ; D[7]        ; 10.401 ; 10.035 ; 10.393 ; 10.027 ;
; A[4]       ; D[8]        ; 10.479 ; 10.559 ; 10.502 ; 10.551 ;
; A[5]       ; D[5]        ; 7.473  ; 7.841  ; 7.887  ; 8.220  ;
; A[5]       ; D[6]        ; 8.356  ; 8.013  ; 8.727  ; 8.384  ;
; A[5]       ; D[7]        ; 8.174  ; 7.869  ; 8.545  ; 8.283  ;
; A[5]       ; D[8]        ; 8.266  ; 8.327  ; 8.687  ; 8.698  ;
; A[6]       ; D[5]        ; 9.758  ; 10.112 ; 9.780  ; 10.095 ;
; A[6]       ; D[6]        ; 10.339 ; 10.059 ; 10.322 ; 10.042 ;
; A[6]       ; D[7]        ; 10.182 ; 9.859  ; 10.165 ; 9.842  ;
; A[6]       ; D[8]        ; 10.284 ; 10.336 ; 10.306 ; 10.319 ;
; A[7]       ; D[5]        ; 9.741  ; 10.111 ; 9.715  ; 10.090 ;
; A[7]       ; D[6]        ; 10.138 ; 10.041 ; 10.114 ; 10.068 ;
; A[7]       ; D[7]        ; 9.975  ; 9.609  ; 9.951  ; 9.585  ;
; A[7]       ; D[8]        ; 10.040 ; 10.133 ; 10.067 ; 10.109 ;
; B[0]       ; D[0]        ; 10.058 ; 9.623  ; 10.166 ; 9.677  ;
; B[0]       ; D[1]        ; 10.338 ; 10.827 ; 10.414 ; 10.898 ;
; B[0]       ; D[2]        ; 9.330  ; 8.888  ; 9.401  ; 8.964  ;
; B[0]       ; D[3]        ; 8.512  ; 8.296  ; 8.582  ; 8.371  ;
; B[0]       ; D[4]        ; 11.075 ; 10.683 ; 11.180 ; 10.819 ;
; B[0]       ; D[5]        ; 11.087 ; 11.452 ; 11.305 ; 11.648 ;
; B[0]       ; D[6]        ; 11.797 ; 11.616 ; 11.993 ; 11.812 ;
; B[0]       ; D[7]        ; 11.634 ; 11.268 ; 11.830 ; 11.464 ;
; B[0]       ; D[8]        ; 11.712 ; 11.792 ; 11.939 ; 11.988 ;
; B[1]       ; D[1]        ; 9.958  ; 10.442 ; 10.037 ; 10.526 ;
; B[1]       ; D[2]        ; 8.945  ; 8.508  ; 9.029  ; 8.587  ;
; B[1]       ; D[3]        ; 8.126  ; 7.915  ; 8.211  ; 7.995  ;
; B[1]       ; D[4]        ; 10.994 ; 10.602 ; 11.075 ; 10.714 ;
; B[1]       ; D[5]        ; 11.006 ; 11.371 ; 11.186 ; 11.543 ;
; B[1]       ; D[6]        ; 11.716 ; 11.535 ; 11.888 ; 11.707 ;
; B[1]       ; D[7]        ; 11.553 ; 11.187 ; 11.725 ; 11.359 ;
; B[1]       ; D[8]        ; 11.631 ; 11.711 ; 11.811 ; 11.883 ;
; B[2]       ; D[1]        ; 9.487  ; 9.989  ; 9.625  ; 10.076 ;
; B[2]       ; D[2]        ; 8.472  ; 8.037  ; 8.579  ; 8.175  ;
; B[2]       ; D[3]        ; 7.656  ; 7.445  ; 7.760  ; 7.583  ;
; B[2]       ; D[4]        ; 10.284 ; 9.892  ; 10.419 ; 10.058 ;
; B[2]       ; D[5]        ; 10.296 ; 10.661 ; 10.544 ; 10.887 ;
; B[2]       ; D[6]        ; 11.006 ; 10.825 ; 11.232 ; 11.051 ;
; B[2]       ; D[7]        ; 10.843 ; 10.477 ; 11.069 ; 10.703 ;
; B[2]       ; D[8]        ; 10.921 ; 11.001 ; 11.178 ; 11.227 ;
; B[3]       ; D[1]        ; 9.871  ; 10.336 ; 9.897  ; 10.404 ;
; B[3]       ; D[2]        ; 8.902  ; 8.469  ; 8.928  ; 8.537  ;
; B[3]       ; D[3]        ; 8.052  ; 7.839  ; 8.091  ; 7.907  ;
; B[3]       ; D[4]        ; 10.518 ; 10.126 ; 10.563 ; 10.202 ;
; B[3]       ; D[5]        ; 10.530 ; 10.895 ; 10.688 ; 11.031 ;
; B[3]       ; D[6]        ; 11.240 ; 11.059 ; 11.376 ; 11.195 ;
; B[3]       ; D[7]        ; 11.077 ; 10.711 ; 11.213 ; 10.847 ;
; B[3]       ; D[8]        ; 11.155 ; 11.235 ; 11.322 ; 11.371 ;
; B[4]       ; D[4]        ; 9.773  ; 9.420  ; 9.742  ; 9.347  ;
; B[4]       ; D[5]        ; 10.106 ; 10.471 ; 10.114 ; 10.457 ;
; B[4]       ; D[6]        ; 10.816 ; 10.635 ; 10.802 ; 10.621 ;
; B[4]       ; D[7]        ; 10.653 ; 10.287 ; 10.639 ; 10.273 ;
; B[4]       ; D[8]        ; 10.731 ; 10.811 ; 10.748 ; 10.797 ;
; B[5]       ; D[5]        ; 8.953  ; 9.321  ; 9.100  ; 9.433  ;
; B[5]       ; D[6]        ; 9.838  ; 9.495  ; 9.940  ; 9.597  ;
; B[5]       ; D[7]        ; 9.656  ; 9.348  ; 9.758  ; 9.496  ;
; B[5]       ; D[8]        ; 9.746  ; 9.809  ; 9.899  ; 9.911  ;
; B[6]       ; D[5]        ; 9.768  ; 10.125 ; 9.774  ; 10.089 ;
; B[6]       ; D[6]        ; 10.352 ; 10.072 ; 10.316 ; 10.036 ;
; B[6]       ; D[7]        ; 10.195 ; 9.872  ; 10.159 ; 9.836  ;
; B[6]       ; D[8]        ; 10.294 ; 10.349 ; 10.300 ; 10.313 ;
; B[7]       ; D[5]        ; 7.781  ; 8.151  ; 8.063  ; 8.438  ;
; B[7]       ; D[6]        ; 8.175  ; 8.080  ; 8.470  ; 8.425  ;
; B[7]       ; D[7]        ; 8.012  ; 7.646  ; 8.307  ; 7.941  ;
; B[7]       ; D[8]        ; 8.079  ; 8.170  ; 8.424  ; 8.465  ;
+------------+-------------+--------+--------+--------+--------+


---------------------------------------------
; Slow 1200mV 0C Model Metastability Report ;
---------------------------------------------
No synchronizer chains to report.


--------------------------------------
; Fast 1200mV 0C Model Setup Summary ;
--------------------------------------
No paths to report.


-------------------------------------
; Fast 1200mV 0C Model Hold Summary ;
-------------------------------------
No paths to report.


-----------------------------------------
; Fast 1200mV 0C Model Recovery Summary ;
-----------------------------------------
No paths to report.


----------------------------------------
; Fast 1200mV 0C Model Removal Summary ;
----------------------------------------
No paths to report.


----------------------------------------------------
; Fast 1200mV 0C Model Minimum Pulse Width Summary ;
----------------------------------------------------
No paths to report.


+----------------------------------------------------------+
; Propagation Delay                                        ;
+------------+-------------+-------+-------+-------+-------+
; Input Port ; Output Port ; RR    ; RF    ; FR    ; FF    ;
+------------+-------------+-------+-------+-------+-------+
; A[0]       ; D[0]        ; 5.134 ; 5.282 ; 5.741 ; 5.913 ;
; A[0]       ; D[1]        ; 5.977 ; 5.851 ; 6.555 ; 6.457 ;
; A[0]       ; D[2]        ; 5.080 ; 5.096 ; 5.660 ; 5.731 ;
; A[0]       ; D[3]        ; 4.778 ; 4.809 ; 5.301 ; 5.361 ;
; A[0]       ; D[4]        ; 6.307 ; 6.478 ; 6.805 ; 6.976 ;
; A[0]       ; D[5]        ; 7.029 ; 6.907 ; 7.527 ; 7.405 ;
; A[0]       ; D[6]        ; 6.980 ; 7.070 ; 7.478 ; 7.569 ;
; A[0]       ; D[7]        ; 6.839 ; 6.917 ; 7.337 ; 7.440 ;
; A[0]       ; D[8]        ; 7.088 ; 6.970 ; 7.586 ; 7.493 ;
; A[1]       ; D[1]        ; 5.618 ; 5.492 ; 6.299 ; 6.201 ;
; A[1]       ; D[2]        ; 4.721 ; 4.737 ; 5.404 ; 5.475 ;
; A[1]       ; D[3]        ; 4.419 ; 4.450 ; 5.045 ; 5.105 ;
; A[1]       ; D[4]        ; 5.948 ; 6.119 ; 6.549 ; 6.720 ;
; A[1]       ; D[5]        ; 6.670 ; 6.548 ; 7.271 ; 7.149 ;
; A[1]       ; D[6]        ; 6.621 ; 6.711 ; 7.222 ; 7.313 ;
; A[1]       ; D[7]        ; 6.480 ; 6.558 ; 7.081 ; 7.184 ;
; A[1]       ; D[8]        ; 6.729 ; 6.611 ; 7.330 ; 7.237 ;
; A[2]       ; D[1]        ; 5.919 ; 5.793 ; 6.503 ; 6.405 ;
; A[2]       ; D[2]        ; 5.022 ; 5.038 ; 5.608 ; 5.679 ;
; A[2]       ; D[3]        ; 4.720 ; 4.751 ; 5.249 ; 5.309 ;
; A[2]       ; D[4]        ; 6.249 ; 6.420 ; 6.753 ; 6.924 ;
; A[2]       ; D[5]        ; 6.971 ; 6.849 ; 7.475 ; 7.353 ;
; A[2]       ; D[6]        ; 6.922 ; 7.012 ; 7.426 ; 7.517 ;
; A[2]       ; D[7]        ; 6.781 ; 6.859 ; 7.285 ; 7.388 ;
; A[2]       ; D[8]        ; 7.030 ; 6.912 ; 7.534 ; 7.441 ;
; A[3]       ; D[1]        ; 5.559 ; 5.358 ; 6.245 ; 6.147 ;
; A[3]       ; D[2]        ; 4.616 ; 4.663 ; 5.350 ; 5.421 ;
; A[3]       ; D[3]        ; 4.293 ; 4.230 ; 4.744 ; 5.051 ;
; A[3]       ; D[4]        ; 5.678 ; 5.849 ; 6.305 ; 6.476 ;
; A[3]       ; D[5]        ; 6.401 ; 6.279 ; 7.027 ; 6.905 ;
; A[3]       ; D[6]        ; 6.368 ; 6.467 ; 6.978 ; 7.068 ;
; A[3]       ; D[7]        ; 6.210 ; 6.338 ; 6.837 ; 6.888 ;
; A[3]       ; D[8]        ; 6.459 ; 6.391 ; 7.086 ; 6.936 ;
; A[4]       ; D[4]        ; 4.757 ; 4.978 ; 5.395 ; 5.534 ;
; A[4]       ; D[5]        ; 5.696 ; 5.574 ; 6.392 ; 6.270 ;
; A[4]       ; D[6]        ; 5.647 ; 5.737 ; 6.359 ; 6.458 ;
; A[4]       ; D[7]        ; 5.506 ; 5.557 ; 6.144 ; 6.329 ;
; A[4]       ; D[8]        ; 5.755 ; 5.582 ; 6.270 ; 6.382 ;
; A[5]       ; D[5]        ; 4.668 ; 4.546 ; 4.931 ; 4.809 ;
; A[5]       ; D[6]        ; 4.619 ; 4.709 ; 4.898 ; 4.997 ;
; A[5]       ; D[7]        ; 4.478 ; 4.529 ; 4.629 ; 4.868 ;
; A[5]       ; D[8]        ; 4.727 ; 4.554 ; 4.757 ; 4.921 ;
; A[6]       ; D[5]        ; 5.644 ; 5.522 ; 6.339 ; 6.217 ;
; A[6]       ; D[6]        ; 5.595 ; 5.685 ; 6.306 ; 6.405 ;
; A[6]       ; D[7]        ; 5.454 ; 5.387 ; 6.002 ; 6.276 ;
; A[6]       ; D[8]        ; 5.703 ; 5.437 ; 6.158 ; 6.329 ;
; A[7]       ; D[5]        ; 5.447 ; 5.325 ; 6.043 ; 5.921 ;
; A[7]       ; D[6]        ; 5.614 ; 5.704 ; 6.188 ; 6.287 ;
; A[7]       ; D[7]        ; 5.473 ; 5.190 ; 5.706 ; 6.158 ;
; A[7]       ; D[8]        ; 5.722 ; 5.240 ; 5.847 ; 6.211 ;
; B[0]       ; D[0]        ; 5.107 ; 5.256 ; 5.766 ; 5.941 ;
; B[0]       ; D[1]        ; 5.951 ; 5.825 ; 6.582 ; 6.484 ;
; B[0]       ; D[2]        ; 5.054 ; 5.070 ; 5.687 ; 5.758 ;
; B[0]       ; D[3]        ; 4.752 ; 4.783 ; 5.328 ; 5.388 ;
; B[0]       ; D[4]        ; 6.281 ; 6.452 ; 6.832 ; 7.003 ;
; B[0]       ; D[5]        ; 7.003 ; 6.881 ; 7.554 ; 7.432 ;
; B[0]       ; D[6]        ; 6.954 ; 7.044 ; 7.505 ; 7.596 ;
; B[0]       ; D[7]        ; 6.813 ; 6.891 ; 7.364 ; 7.467 ;
; B[0]       ; D[8]        ; 7.062 ; 6.944 ; 7.613 ; 7.520 ;
; B[1]       ; D[1]        ; 5.815 ; 5.689 ; 6.563 ; 6.465 ;
; B[1]       ; D[2]        ; 4.918 ; 4.934 ; 5.668 ; 5.739 ;
; B[1]       ; D[3]        ; 4.616 ; 4.647 ; 5.309 ; 5.369 ;
; B[1]       ; D[4]        ; 6.145 ; 6.316 ; 6.813 ; 6.984 ;
; B[1]       ; D[5]        ; 6.867 ; 6.745 ; 7.535 ; 7.413 ;
; B[1]       ; D[6]        ; 6.818 ; 6.908 ; 7.486 ; 7.577 ;
; B[1]       ; D[7]        ; 6.677 ; 6.755 ; 7.345 ; 7.448 ;
; B[1]       ; D[8]        ; 6.926 ; 6.808 ; 7.594 ; 7.501 ;
; B[2]       ; D[1]        ; 5.558 ; 5.432 ; 6.103 ; 6.005 ;
; B[2]       ; D[2]        ; 4.661 ; 4.677 ; 5.208 ; 5.279 ;
; B[2]       ; D[3]        ; 4.359 ; 4.390 ; 4.849 ; 4.909 ;
; B[2]       ; D[4]        ; 5.888 ; 6.059 ; 6.353 ; 6.524 ;
; B[2]       ; D[5]        ; 6.610 ; 6.488 ; 7.075 ; 6.953 ;
; B[2]       ; D[6]        ; 6.561 ; 6.651 ; 7.026 ; 7.117 ;
; B[2]       ; D[7]        ; 6.420 ; 6.498 ; 6.885 ; 6.988 ;
; B[2]       ; D[8]        ; 6.669 ; 6.551 ; 7.134 ; 7.041 ;
; B[3]       ; D[1]        ; 5.569 ; 5.368 ; 6.263 ; 6.165 ;
; B[3]       ; D[2]        ; 4.626 ; 4.673 ; 5.368 ; 5.439 ;
; B[3]       ; D[3]        ; 4.303 ; 4.240 ; 4.756 ; 5.069 ;
; B[3]       ; D[4]        ; 5.687 ; 5.858 ; 6.322 ; 6.493 ;
; B[3]       ; D[5]        ; 6.411 ; 6.289 ; 7.044 ; 6.922 ;
; B[3]       ; D[6]        ; 6.378 ; 6.477 ; 6.995 ; 7.085 ;
; B[3]       ; D[7]        ; 6.219 ; 6.348 ; 6.854 ; 6.905 ;
; B[3]       ; D[8]        ; 6.468 ; 6.401 ; 7.103 ; 6.948 ;
; B[4]       ; D[4]        ; 4.873 ; 5.095 ; 5.544 ; 5.678 ;
; B[4]       ; D[5]        ; 5.813 ; 5.691 ; 6.542 ; 6.420 ;
; B[4]       ; D[6]        ; 5.764 ; 5.854 ; 6.509 ; 6.608 ;
; B[4]       ; D[7]        ; 5.623 ; 5.674 ; 6.294 ; 6.479 ;
; B[4]       ; D[8]        ; 5.872 ; 5.699 ; 6.420 ; 6.532 ;
; B[5]       ; D[5]        ; 5.493 ; 5.371 ; 6.038 ; 5.916 ;
; B[5]       ; D[6]        ; 5.444 ; 5.534 ; 6.005 ; 6.104 ;
; B[5]       ; D[7]        ; 5.303 ; 5.354 ; 5.736 ; 5.975 ;
; B[5]       ; D[8]        ; 5.552 ; 5.379 ; 5.864 ; 6.028 ;
; B[6]       ; D[5]        ; 5.646 ; 5.524 ; 6.333 ; 6.211 ;
; B[6]       ; D[6]        ; 5.597 ; 5.687 ; 6.300 ; 6.399 ;
; B[6]       ; D[7]        ; 5.456 ; 5.389 ; 5.996 ; 6.270 ;
; B[6]       ; D[8]        ; 5.705 ; 5.439 ; 6.152 ; 6.323 ;
; B[7]       ; D[5]        ; 4.444 ; 4.322 ; 4.741 ; 4.619 ;
; B[7]       ; D[6]        ; 4.611 ; 4.701 ; 4.890 ; 4.989 ;
; B[7]       ; D[7]        ; 4.470 ; 4.187 ; 4.404 ; 4.860 ;
; B[7]       ; D[8]        ; 4.719 ; 4.237 ; 4.550 ; 4.913 ;
+------------+-------------+-------+-------+-------+-------+


+----------------------------------------------------------+
; Minimum Propagation Delay                                ;
+------------+-------------+-------+-------+-------+-------+
; Input Port ; Output Port ; RR    ; RF    ; FR    ; FF    ;
+------------+-------------+-------+-------+-------+-------+
; A[0]       ; D[0]        ; 4.969 ; 5.130 ; 5.589 ; 5.706 ;
; A[0]       ; D[1]        ; 5.463 ; 5.312 ; 6.040 ; 5.889 ;
; A[0]       ; D[2]        ; 4.570 ; 4.623 ; 5.147 ; 5.200 ;
; A[0]       ; D[3]        ; 4.268 ; 4.298 ; 4.845 ; 4.875 ;
; A[0]       ; D[4]        ; 5.415 ; 5.585 ; 6.064 ; 6.249 ;
; A[0]       ; D[5]        ; 5.779 ; 5.648 ; 6.488 ; 6.357 ;
; A[0]       ; D[6]        ; 5.891 ; 5.941 ; 6.583 ; 6.650 ;
; A[0]       ; D[7]        ; 5.715 ; 5.800 ; 6.424 ; 6.509 ;
; A[0]       ; D[8]        ; 5.937 ; 5.931 ; 6.646 ; 6.625 ;
; A[1]       ; D[1]        ; 5.043 ; 4.892 ; 5.626 ; 5.475 ;
; A[1]       ; D[2]        ; 4.150 ; 4.203 ; 4.733 ; 4.786 ;
; A[1]       ; D[3]        ; 3.848 ; 3.878 ; 4.431 ; 4.461 ;
; A[1]       ; D[4]        ; 5.140 ; 5.310 ; 5.737 ; 5.922 ;
; A[1]       ; D[5]        ; 5.504 ; 5.373 ; 6.158 ; 6.027 ;
; A[1]       ; D[6]        ; 5.616 ; 5.666 ; 6.256 ; 6.320 ;
; A[1]       ; D[7]        ; 5.440 ; 5.525 ; 6.094 ; 6.179 ;
; A[1]       ; D[8]        ; 5.662 ; 5.656 ; 6.316 ; 6.298 ;
; A[2]       ; D[1]        ; 5.370 ; 5.249 ; 5.979 ; 5.840 ;
; A[2]       ; D[2]        ; 4.482 ; 4.530 ; 5.091 ; 5.139 ;
; A[2]       ; D[3]        ; 4.180 ; 4.205 ; 4.789 ; 4.814 ;
; A[2]       ; D[4]        ; 5.359 ; 5.529 ; 6.014 ; 6.199 ;
; A[2]       ; D[5]        ; 5.723 ; 5.592 ; 6.438 ; 6.307 ;
; A[2]       ; D[6]        ; 5.835 ; 5.885 ; 6.533 ; 6.600 ;
; A[2]       ; D[7]        ; 5.659 ; 5.744 ; 6.374 ; 6.459 ;
; A[2]       ; D[8]        ; 5.881 ; 5.875 ; 6.596 ; 6.575 ;
; A[3]       ; D[1]        ; 5.187 ; 5.017 ; 5.769 ; 5.599 ;
; A[3]       ; D[2]        ; 4.344 ; 4.348 ; 4.910 ; 4.930 ;
; A[3]       ; D[3]        ; 3.996 ; 4.014 ; 4.578 ; 4.596 ;
; A[3]       ; D[4]        ; 5.089 ; 5.259 ; 5.707 ; 5.892 ;
; A[3]       ; D[5]        ; 5.453 ; 5.322 ; 6.131 ; 6.000 ;
; A[3]       ; D[6]        ; 5.565 ; 5.615 ; 6.226 ; 6.293 ;
; A[3]       ; D[7]        ; 5.389 ; 5.474 ; 6.067 ; 6.152 ;
; A[3]       ; D[8]        ; 5.611 ; 5.605 ; 6.289 ; 6.268 ;
; A[4]       ; D[4]        ; 4.624 ; 4.800 ; 5.218 ; 5.378 ;
; A[4]       ; D[5]        ; 5.133 ; 5.002 ; 5.751 ; 5.620 ;
; A[4]       ; D[6]        ; 5.245 ; 5.295 ; 5.846 ; 5.913 ;
; A[4]       ; D[7]        ; 5.069 ; 5.154 ; 5.687 ; 5.772 ;
; A[4]       ; D[8]        ; 5.291 ; 5.285 ; 5.909 ; 5.888 ;
; A[5]       ; D[5]        ; 3.984 ; 3.853 ; 4.280 ; 4.148 ;
; A[5]       ; D[6]        ; 4.096 ; 4.206 ; 4.392 ; 4.502 ;
; A[5]       ; D[7]        ; 3.998 ; 4.062 ; 4.294 ; 4.358 ;
; A[5]       ; D[8]        ; 4.197 ; 4.197 ; 4.493 ; 4.475 ;
; A[6]       ; D[5]        ; 5.093 ; 4.997 ; 5.687 ; 5.575 ;
; A[6]       ; D[6]        ; 5.091 ; 5.180 ; 5.685 ; 5.774 ;
; A[6]       ; D[7]        ; 4.965 ; 5.046 ; 5.559 ; 5.640 ;
; A[6]       ; D[8]        ; 5.182 ; 5.168 ; 5.776 ; 5.746 ;
; A[7]       ; D[5]        ; 5.103 ; 4.967 ; 5.689 ; 5.560 ;
; A[7]       ; D[6]        ; 5.085 ; 5.095 ; 5.654 ; 5.683 ;
; A[7]       ; D[7]        ; 4.869 ; 4.954 ; 5.457 ; 5.542 ;
; A[7]       ; D[8]        ; 5.091 ; 5.079 ; 5.679 ; 5.648 ;
; B[0]       ; D[0]        ; 4.944 ; 5.104 ; 5.614 ; 5.737 ;
; B[0]       ; D[1]        ; 5.437 ; 5.286 ; 6.070 ; 5.919 ;
; B[0]       ; D[2]        ; 4.544 ; 4.597 ; 5.177 ; 5.230 ;
; B[0]       ; D[3]        ; 4.242 ; 4.272 ; 4.875 ; 4.905 ;
; B[0]       ; D[4]        ; 5.389 ; 5.559 ; 6.094 ; 6.279 ;
; B[0]       ; D[5]        ; 5.753 ; 5.622 ; 6.518 ; 6.387 ;
; B[0]       ; D[6]        ; 5.865 ; 5.915 ; 6.613 ; 6.680 ;
; B[0]       ; D[7]        ; 5.689 ; 5.774 ; 6.454 ; 6.539 ;
; B[0]       ; D[8]        ; 5.911 ; 5.905 ; 6.676 ; 6.655 ;
; B[1]       ; D[1]        ; 5.231 ; 5.080 ; 5.870 ; 5.719 ;
; B[1]       ; D[2]        ; 4.338 ; 4.391 ; 4.977 ; 5.030 ;
; B[1]       ; D[3]        ; 4.036 ; 4.066 ; 4.675 ; 4.705 ;
; B[1]       ; D[4]        ; 5.328 ; 5.498 ; 5.983 ; 6.168 ;
; B[1]       ; D[5]        ; 5.692 ; 5.561 ; 6.402 ; 6.271 ;
; B[1]       ; D[6]        ; 5.804 ; 5.854 ; 6.502 ; 6.564 ;
; B[1]       ; D[7]        ; 5.628 ; 5.713 ; 6.338 ; 6.423 ;
; B[1]       ; D[8]        ; 5.850 ; 5.844 ; 6.560 ; 6.544 ;
; B[2]       ; D[1]        ; 5.023 ; 4.902 ; 5.601 ; 5.461 ;
; B[2]       ; D[2]        ; 4.135 ; 4.183 ; 4.713 ; 4.761 ;
; B[2]       ; D[3]        ; 3.833 ; 3.858 ; 4.411 ; 4.436 ;
; B[2]       ; D[4]        ; 5.012 ; 5.182 ; 5.634 ; 5.819 ;
; B[2]       ; D[5]        ; 5.376 ; 5.245 ; 6.058 ; 5.927 ;
; B[2]       ; D[6]        ; 5.488 ; 5.538 ; 6.153 ; 6.220 ;
; B[2]       ; D[7]        ; 5.312 ; 5.397 ; 5.994 ; 6.079 ;
; B[2]       ; D[8]        ; 5.534 ; 5.528 ; 6.216 ; 6.195 ;
; B[3]       ; D[1]        ; 5.196 ; 5.026 ; 5.777 ; 5.607 ;
; B[3]       ; D[2]        ; 4.355 ; 4.357 ; 4.920 ; 4.938 ;
; B[3]       ; D[3]        ; 4.005 ; 4.023 ; 4.586 ; 4.604 ;
; B[3]       ; D[4]        ; 5.098 ; 5.268 ; 5.725 ; 5.910 ;
; B[3]       ; D[5]        ; 5.462 ; 5.331 ; 6.149 ; 6.018 ;
; B[3]       ; D[6]        ; 5.574 ; 5.624 ; 6.244 ; 6.311 ;
; B[3]       ; D[7]        ; 5.398 ; 5.483 ; 6.085 ; 6.170 ;
; B[3]       ; D[8]        ; 5.620 ; 5.614 ; 6.307 ; 6.286 ;
; B[4]       ; D[4]        ; 4.736 ; 4.914 ; 5.351 ; 5.513 ;
; B[4]       ; D[5]        ; 5.245 ; 5.114 ; 5.894 ; 5.763 ;
; B[4]       ; D[6]        ; 5.357 ; 5.407 ; 5.989 ; 6.056 ;
; B[4]       ; D[7]        ; 5.181 ; 5.266 ; 5.830 ; 5.915 ;
; B[4]       ; D[8]        ; 5.403 ; 5.397 ; 6.052 ; 6.031 ;
; B[5]       ; D[5]        ; 4.773 ; 4.642 ; 5.345 ; 5.212 ;
; B[5]       ; D[6]        ; 4.885 ; 4.995 ; 5.457 ; 5.567 ;
; B[5]       ; D[7]        ; 4.787 ; 4.851 ; 5.359 ; 5.423 ;
; B[5]       ; D[8]        ; 4.986 ; 4.986 ; 5.558 ; 5.539 ;
; B[6]       ; D[5]        ; 5.096 ; 5.002 ; 5.673 ; 5.563 ;
; B[6]       ; D[6]        ; 5.094 ; 5.183 ; 5.671 ; 5.760 ;
; B[6]       ; D[7]        ; 4.968 ; 5.049 ; 5.545 ; 5.626 ;
; B[6]       ; D[8]        ; 5.185 ; 5.173 ; 5.762 ; 5.734 ;
; B[7]       ; D[5]        ; 4.146 ; 4.010 ; 4.442 ; 4.313 ;
; B[7]       ; D[6]        ; 4.128 ; 4.138 ; 4.406 ; 4.434 ;
; B[7]       ; D[7]        ; 3.912 ; 3.997 ; 4.208 ; 4.293 ;
; B[7]       ; D[8]        ; 4.134 ; 4.122 ; 4.430 ; 4.400 ;
+------------+-------------+-------+-------+-------+-------+


---------------------------------------------
; Fast 1200mV 0C Model Metastability Report ;
---------------------------------------------
No synchronizer chains to report.


+----------------------------------------------------------------------------+
; Multicorner Timing Analysis Summary                                        ;
+------------------+-------+------+----------+---------+---------------------+
; Clock            ; Setup ; Hold ; Recovery ; Removal ; Minimum Pulse Width ;
+------------------+-------+------+----------+---------+---------------------+
; Worst-case Slack ; N/A   ; N/A  ; N/A      ; N/A     ; N/A                 ;
; Design-wide TNS  ; 0.0   ; 0.0  ; 0.0      ; 0.0     ; 0.0                 ;
+------------------+-------+------+----------+---------+---------------------+


+--------------------------------------------------------------+
; Progagation Delay                                            ;
+------------+-------------+--------+--------+--------+--------+
; Input Port ; Output Port ; RR     ; RF     ; FR     ; FF     ;
+------------+-------------+--------+--------+--------+--------+
; A[0]       ; D[0]        ; 11.153 ; 10.789 ; 11.270 ; 10.965 ;
; A[0]       ; D[1]        ; 12.456 ; 12.842 ; 12.465 ; 12.962 ;
; A[0]       ; D[2]        ; 11.155 ; 10.845 ; 11.222 ; 10.958 ;
; A[0]       ; D[3]        ; 10.318 ; 10.193 ; 10.232 ; 10.197 ;
; A[0]       ; D[4]        ; 13.975 ; 13.745 ; 13.827 ; 13.597 ;
; A[0]       ; D[5]        ; 14.921 ; 15.165 ; 14.835 ; 15.079 ;
; A[0]       ; D[6]        ; 15.550 ; 15.319 ; 15.402 ; 15.171 ;
; A[0]       ; D[7]        ; 15.332 ; 14.856 ; 15.184 ; 14.708 ;
; A[0]       ; D[8]        ; 15.355 ; 15.196 ; 15.207 ; 15.110 ;
; A[1]       ; D[1]        ; 11.588 ; 11.974 ; 11.944 ; 12.441 ;
; A[1]       ; D[2]        ; 10.287 ; 9.977  ; 10.701 ; 10.437 ;
; A[1]       ; D[3]        ; 9.450  ; 9.325  ; 9.711  ; 9.676  ;
; A[1]       ; D[4]        ; 13.107 ; 12.877 ; 13.306 ; 13.076 ;
; A[1]       ; D[5]        ; 14.053 ; 14.297 ; 14.314 ; 14.558 ;
; A[1]       ; D[6]        ; 14.682 ; 14.451 ; 14.881 ; 14.650 ;
; A[1]       ; D[7]        ; 14.464 ; 13.988 ; 14.663 ; 14.187 ;
; A[1]       ; D[8]        ; 14.487 ; 14.328 ; 14.686 ; 14.589 ;
; A[2]       ; D[1]        ; 12.339 ; 12.725 ; 12.338 ; 12.835 ;
; A[2]       ; D[2]        ; 11.038 ; 10.728 ; 11.095 ; 10.831 ;
; A[2]       ; D[3]        ; 10.201 ; 10.076 ; 10.105 ; 10.070 ;
; A[2]       ; D[4]        ; 13.858 ; 13.628 ; 13.700 ; 13.470 ;
; A[2]       ; D[5]        ; 14.804 ; 15.048 ; 14.708 ; 14.952 ;
; A[2]       ; D[6]        ; 15.433 ; 15.202 ; 15.275 ; 15.044 ;
; A[2]       ; D[7]        ; 15.215 ; 14.739 ; 15.057 ; 14.581 ;
; A[2]       ; D[8]        ; 15.238 ; 15.079 ; 15.080 ; 14.983 ;
; A[3]       ; D[1]        ; 11.416 ; 11.703 ; 11.810 ; 12.307 ;
; A[3]       ; D[2]        ; 10.078 ; 9.771  ; 10.567 ; 10.303 ;
; A[3]       ; D[3]        ; 9.201  ; 8.758  ; 9.048  ; 9.542  ;
; A[3]       ; D[4]        ; 12.423 ; 12.193 ; 12.718 ; 12.488 ;
; A[3]       ; D[5]        ; 13.486 ; 13.730 ; 13.624 ; 13.868 ;
; A[3]       ; D[6]        ; 13.998 ; 13.767 ; 14.293 ; 14.062 ;
; A[3]       ; D[7]        ; 13.780 ; 13.342 ; 14.075 ; 13.599 ;
; A[3]       ; D[8]        ; 13.803 ; 13.761 ; 14.098 ; 13.881 ;
; A[4]       ; D[4]        ; 10.317 ; 10.204 ; 10.563 ; 10.275 ;
; A[4]       ; D[5]        ; 11.769 ; 12.013 ; 12.225 ; 12.469 ;
; A[4]       ; D[6]        ; 12.438 ; 12.207 ; 12.468 ; 12.306 ;
; A[4]       ; D[7]        ; 12.220 ; 11.744 ; 12.285 ; 12.081 ;
; A[4]       ; D[8]        ; 12.243 ; 11.950 ; 12.225 ; 12.500 ;
; A[5]       ; D[5]        ; 9.454  ; 9.698  ; 9.756  ; 10.000 ;
; A[5]       ; D[6]        ; 10.123 ; 9.892  ; 9.989  ; 9.780  ;
; A[5]       ; D[7]        ; 9.905  ; 9.429  ; 9.659  ; 9.612  ;
; A[5]       ; D[8]        ; 9.928  ; 9.635  ; 9.619  ; 10.031 ;
; A[6]       ; D[5]        ; 11.656 ; 11.900 ; 12.115 ; 12.359 ;
; A[6]       ; D[6]        ; 12.325 ; 12.094 ; 12.348 ; 12.139 ;
; A[6]       ; D[7]        ; 12.107 ; 11.296 ; 11.985 ; 11.971 ;
; A[6]       ; D[8]        ; 12.130 ; 11.595 ; 11.947 ; 12.390 ;
; A[7]       ; D[5]        ; 11.246 ; 11.490 ; 11.369 ; 11.613 ;
; A[7]       ; D[6]        ; 12.348 ; 12.117 ; 12.108 ; 11.899 ;
; A[7]       ; D[7]        ; 12.130 ; 10.886 ; 11.239 ; 11.731 ;
; A[7]       ; D[8]        ; 12.153 ; 11.110 ; 11.201 ; 12.150 ;
; B[0]       ; D[0]        ; 10.967 ; 10.604 ; 11.224 ; 10.932 ;
; B[0]       ; D[1]        ; 12.270 ; 12.656 ; 12.431 ; 12.928 ;
; B[0]       ; D[2]        ; 10.969 ; 10.659 ; 11.188 ; 10.924 ;
; B[0]       ; D[3]        ; 10.132 ; 10.007 ; 10.198 ; 10.163 ;
; B[0]       ; D[4]        ; 13.789 ; 13.559 ; 13.793 ; 13.563 ;
; B[0]       ; D[5]        ; 14.735 ; 14.979 ; 14.801 ; 15.045 ;
; B[0]       ; D[6]        ; 15.364 ; 15.133 ; 15.368 ; 15.137 ;
; B[0]       ; D[7]        ; 15.146 ; 14.670 ; 15.150 ; 14.674 ;
; B[0]       ; D[8]        ; 15.169 ; 15.010 ; 15.173 ; 15.076 ;
; B[1]       ; D[1]        ; 12.012 ; 12.398 ; 12.448 ; 12.945 ;
; B[1]       ; D[2]        ; 10.711 ; 10.401 ; 11.205 ; 10.941 ;
; B[1]       ; D[3]        ; 9.874  ; 9.749  ; 10.215 ; 10.180 ;
; B[1]       ; D[4]        ; 13.531 ; 13.301 ; 13.810 ; 13.580 ;
; B[1]       ; D[5]        ; 14.477 ; 14.721 ; 14.818 ; 15.062 ;
; B[1]       ; D[6]        ; 15.106 ; 14.875 ; 15.385 ; 15.154 ;
; B[1]       ; D[7]        ; 14.888 ; 14.412 ; 15.167 ; 14.691 ;
; B[1]       ; D[8]        ; 14.911 ; 14.752 ; 15.190 ; 15.093 ;
; B[2]       ; D[1]        ; 11.413 ; 11.799 ; 11.540 ; 12.037 ;
; B[2]       ; D[2]        ; 10.112 ; 9.802  ; 10.297 ; 10.033 ;
; B[2]       ; D[3]        ; 9.275  ; 9.150  ; 9.307  ; 9.272  ;
; B[2]       ; D[4]        ; 12.932 ; 12.702 ; 12.902 ; 12.672 ;
; B[2]       ; D[5]        ; 13.878 ; 14.122 ; 13.910 ; 14.154 ;
; B[2]       ; D[6]        ; 14.507 ; 14.276 ; 14.477 ; 14.246 ;
; B[2]       ; D[7]        ; 14.289 ; 13.813 ; 14.259 ; 13.783 ;
; B[2]       ; D[8]        ; 14.312 ; 14.153 ; 14.282 ; 14.185 ;
; B[3]       ; D[1]        ; 11.454 ; 11.741 ; 11.841 ; 12.338 ;
; B[3]       ; D[2]        ; 10.116 ; 9.809  ; 10.598 ; 10.334 ;
; B[3]       ; D[3]        ; 9.239  ; 8.796  ; 9.079  ; 9.573  ;
; B[3]       ; D[4]        ; 12.459 ; 12.229 ; 12.749 ; 12.519 ;
; B[3]       ; D[5]        ; 13.524 ; 13.768 ; 13.655 ; 13.899 ;
; B[3]       ; D[6]        ; 14.034 ; 13.803 ; 14.324 ; 14.093 ;
; B[3]       ; D[7]        ; 13.816 ; 13.380 ; 14.106 ; 13.630 ;
; B[3]       ; D[8]        ; 13.839 ; 13.799 ; 14.129 ; 13.894 ;
; B[4]       ; D[4]        ; 10.591 ; 10.480 ; 10.842 ; 10.536 ;
; B[4]       ; D[5]        ; 12.045 ; 12.289 ; 12.504 ; 12.748 ;
; B[4]       ; D[6]        ; 12.714 ; 12.483 ; 12.747 ; 12.585 ;
; B[4]       ; D[7]        ; 12.496 ; 12.020 ; 12.564 ; 12.360 ;
; B[4]       ; D[8]        ; 12.519 ; 12.226 ; 12.504 ; 12.779 ;
; B[5]       ; D[5]        ; 11.212 ; 11.456 ; 11.500 ; 11.744 ;
; B[5]       ; D[6]        ; 11.881 ; 11.650 ; 11.733 ; 11.524 ;
; B[5]       ; D[7]        ; 11.663 ; 11.187 ; 11.403 ; 11.356 ;
; B[5]       ; D[8]        ; 11.686 ; 11.393 ; 11.363 ; 11.775 ;
; B[6]       ; D[5]        ; 11.662 ; 11.906 ; 12.113 ; 12.357 ;
; B[6]       ; D[6]        ; 12.331 ; 12.100 ; 12.346 ; 12.137 ;
; B[6]       ; D[7]        ; 12.113 ; 11.302 ; 11.983 ; 11.969 ;
; B[6]       ; D[8]        ; 12.136 ; 11.601 ; 11.945 ; 12.388 ;
; B[7]       ; D[5]        ; 8.944  ; 9.188  ; 9.169  ; 9.413  ;
; B[7]       ; D[6]        ; 10.051 ; 9.820  ; 9.898  ; 9.689  ;
; B[7]       ; D[7]        ; 9.833  ; 8.584  ; 9.039  ; 9.521  ;
; B[7]       ; D[8]        ; 9.856  ; 8.812  ; 9.001  ; 9.940  ;
+------------+-------------+--------+--------+--------+--------+


+----------------------------------------------------------+
; Minimum Progagation Delay                                ;
+------------+-------------+-------+-------+-------+-------+
; Input Port ; Output Port ; RR    ; RF    ; FR    ; FF    ;
+------------+-------------+-------+-------+-------+-------+
; A[0]       ; D[0]        ; 4.969 ; 5.130 ; 5.589 ; 5.706 ;
; A[0]       ; D[1]        ; 5.463 ; 5.312 ; 6.040 ; 5.889 ;
; A[0]       ; D[2]        ; 4.570 ; 4.623 ; 5.147 ; 5.200 ;
; A[0]       ; D[3]        ; 4.268 ; 4.298 ; 4.845 ; 4.875 ;
; A[0]       ; D[4]        ; 5.415 ; 5.585 ; 6.064 ; 6.249 ;
; A[0]       ; D[5]        ; 5.779 ; 5.648 ; 6.488 ; 6.357 ;
; A[0]       ; D[6]        ; 5.891 ; 5.941 ; 6.583 ; 6.650 ;
; A[0]       ; D[7]        ; 5.715 ; 5.800 ; 6.424 ; 6.509 ;
; A[0]       ; D[8]        ; 5.937 ; 5.931 ; 6.646 ; 6.625 ;
; A[1]       ; D[1]        ; 5.043 ; 4.892 ; 5.626 ; 5.475 ;
; A[1]       ; D[2]        ; 4.150 ; 4.203 ; 4.733 ; 4.786 ;
; A[1]       ; D[3]        ; 3.848 ; 3.878 ; 4.431 ; 4.461 ;
; A[1]       ; D[4]        ; 5.140 ; 5.310 ; 5.737 ; 5.922 ;
; A[1]       ; D[5]        ; 5.504 ; 5.373 ; 6.158 ; 6.027 ;
; A[1]       ; D[6]        ; 5.616 ; 5.666 ; 6.256 ; 6.320 ;
; A[1]       ; D[7]        ; 5.440 ; 5.525 ; 6.094 ; 6.179 ;
; A[1]       ; D[8]        ; 5.662 ; 5.656 ; 6.316 ; 6.298 ;
; A[2]       ; D[1]        ; 5.370 ; 5.249 ; 5.979 ; 5.840 ;
; A[2]       ; D[2]        ; 4.482 ; 4.530 ; 5.091 ; 5.139 ;
; A[2]       ; D[3]        ; 4.180 ; 4.205 ; 4.789 ; 4.814 ;
; A[2]       ; D[4]        ; 5.359 ; 5.529 ; 6.014 ; 6.199 ;
; A[2]       ; D[5]        ; 5.723 ; 5.592 ; 6.438 ; 6.307 ;
; A[2]       ; D[6]        ; 5.835 ; 5.885 ; 6.533 ; 6.600 ;
; A[2]       ; D[7]        ; 5.659 ; 5.744 ; 6.374 ; 6.459 ;
; A[2]       ; D[8]        ; 5.881 ; 5.875 ; 6.596 ; 6.575 ;
; A[3]       ; D[1]        ; 5.187 ; 5.017 ; 5.769 ; 5.599 ;
; A[3]       ; D[2]        ; 4.344 ; 4.348 ; 4.910 ; 4.930 ;
; A[3]       ; D[3]        ; 3.996 ; 4.014 ; 4.578 ; 4.596 ;
; A[3]       ; D[4]        ; 5.089 ; 5.259 ; 5.707 ; 5.892 ;
; A[3]       ; D[5]        ; 5.453 ; 5.322 ; 6.131 ; 6.000 ;
; A[3]       ; D[6]        ; 5.565 ; 5.615 ; 6.226 ; 6.293 ;
; A[3]       ; D[7]        ; 5.389 ; 5.474 ; 6.067 ; 6.152 ;
; A[3]       ; D[8]        ; 5.611 ; 5.605 ; 6.289 ; 6.268 ;
; A[4]       ; D[4]        ; 4.624 ; 4.800 ; 5.218 ; 5.378 ;
; A[4]       ; D[5]        ; 5.133 ; 5.002 ; 5.751 ; 5.620 ;
; A[4]       ; D[6]        ; 5.245 ; 5.295 ; 5.846 ; 5.913 ;
; A[4]       ; D[7]        ; 5.069 ; 5.154 ; 5.687 ; 5.772 ;
; A[4]       ; D[8]        ; 5.291 ; 5.285 ; 5.909 ; 5.888 ;
; A[5]       ; D[5]        ; 3.984 ; 3.853 ; 4.280 ; 4.148 ;
; A[5]       ; D[6]        ; 4.096 ; 4.206 ; 4.392 ; 4.502 ;
; A[5]       ; D[7]        ; 3.998 ; 4.062 ; 4.294 ; 4.358 ;
; A[5]       ; D[8]        ; 4.197 ; 4.197 ; 4.493 ; 4.475 ;
; A[6]       ; D[5]        ; 5.093 ; 4.997 ; 5.687 ; 5.575 ;
; A[6]       ; D[6]        ; 5.091 ; 5.180 ; 5.685 ; 5.774 ;
; A[6]       ; D[7]        ; 4.965 ; 5.046 ; 5.559 ; 5.640 ;
; A[6]       ; D[8]        ; 5.182 ; 5.168 ; 5.776 ; 5.746 ;
; A[7]       ; D[5]        ; 5.103 ; 4.967 ; 5.689 ; 5.560 ;
; A[7]       ; D[6]        ; 5.085 ; 5.095 ; 5.654 ; 5.683 ;
; A[7]       ; D[7]        ; 4.869 ; 4.954 ; 5.457 ; 5.542 ;
; A[7]       ; D[8]        ; 5.091 ; 5.079 ; 5.679 ; 5.648 ;
; B[0]       ; D[0]        ; 4.944 ; 5.104 ; 5.614 ; 5.737 ;
; B[0]       ; D[1]        ; 5.437 ; 5.286 ; 6.070 ; 5.919 ;
; B[0]       ; D[2]        ; 4.544 ; 4.597 ; 5.177 ; 5.230 ;
; B[0]       ; D[3]        ; 4.242 ; 4.272 ; 4.875 ; 4.905 ;
; B[0]       ; D[4]        ; 5.389 ; 5.559 ; 6.094 ; 6.279 ;
; B[0]       ; D[5]        ; 5.753 ; 5.622 ; 6.518 ; 6.387 ;
; B[0]       ; D[6]        ; 5.865 ; 5.915 ; 6.613 ; 6.680 ;
; B[0]       ; D[7]        ; 5.689 ; 5.774 ; 6.454 ; 6.539 ;
; B[0]       ; D[8]        ; 5.911 ; 5.905 ; 6.676 ; 6.655 ;
; B[1]       ; D[1]        ; 5.231 ; 5.080 ; 5.870 ; 5.719 ;
; B[1]       ; D[2]        ; 4.338 ; 4.391 ; 4.977 ; 5.030 ;
; B[1]       ; D[3]        ; 4.036 ; 4.066 ; 4.675 ; 4.705 ;
; B[1]       ; D[4]        ; 5.328 ; 5.498 ; 5.983 ; 6.168 ;
; B[1]       ; D[5]        ; 5.692 ; 5.561 ; 6.402 ; 6.271 ;
; B[1]       ; D[6]        ; 5.804 ; 5.854 ; 6.502 ; 6.564 ;
; B[1]       ; D[7]        ; 5.628 ; 5.713 ; 6.338 ; 6.423 ;
; B[1]       ; D[8]        ; 5.850 ; 5.844 ; 6.560 ; 6.544 ;
; B[2]       ; D[1]        ; 5.023 ; 4.902 ; 5.601 ; 5.461 ;
; B[2]       ; D[2]        ; 4.135 ; 4.183 ; 4.713 ; 4.761 ;
; B[2]       ; D[3]        ; 3.833 ; 3.858 ; 4.411 ; 4.436 ;
; B[2]       ; D[4]        ; 5.012 ; 5.182 ; 5.634 ; 5.819 ;
; B[2]       ; D[5]        ; 5.376 ; 5.245 ; 6.058 ; 5.927 ;
; B[2]       ; D[6]        ; 5.488 ; 5.538 ; 6.153 ; 6.220 ;
; B[2]       ; D[7]        ; 5.312 ; 5.397 ; 5.994 ; 6.079 ;
; B[2]       ; D[8]        ; 5.534 ; 5.528 ; 6.216 ; 6.195 ;
; B[3]       ; D[1]        ; 5.196 ; 5.026 ; 5.777 ; 5.607 ;
; B[3]       ; D[2]        ; 4.355 ; 4.357 ; 4.920 ; 4.938 ;
; B[3]       ; D[3]        ; 4.005 ; 4.023 ; 4.586 ; 4.604 ;
; B[3]       ; D[4]        ; 5.098 ; 5.268 ; 5.725 ; 5.910 ;
; B[3]       ; D[5]        ; 5.462 ; 5.331 ; 6.149 ; 6.018 ;
; B[3]       ; D[6]        ; 5.574 ; 5.624 ; 6.244 ; 6.311 ;
; B[3]       ; D[7]        ; 5.398 ; 5.483 ; 6.085 ; 6.170 ;
; B[3]       ; D[8]        ; 5.620 ; 5.614 ; 6.307 ; 6.286 ;
; B[4]       ; D[4]        ; 4.736 ; 4.914 ; 5.351 ; 5.513 ;
; B[4]       ; D[5]        ; 5.245 ; 5.114 ; 5.894 ; 5.763 ;
; B[4]       ; D[6]        ; 5.357 ; 5.407 ; 5.989 ; 6.056 ;
; B[4]       ; D[7]        ; 5.181 ; 5.266 ; 5.830 ; 5.915 ;
; B[4]       ; D[8]        ; 5.403 ; 5.397 ; 6.052 ; 6.031 ;
; B[5]       ; D[5]        ; 4.773 ; 4.642 ; 5.345 ; 5.212 ;
; B[5]       ; D[6]        ; 4.885 ; 4.995 ; 5.457 ; 5.567 ;
; B[5]       ; D[7]        ; 4.787 ; 4.851 ; 5.359 ; 5.423 ;
; B[5]       ; D[8]        ; 4.986 ; 4.986 ; 5.558 ; 5.539 ;
; B[6]       ; D[5]        ; 5.096 ; 5.002 ; 5.673 ; 5.563 ;
; B[6]       ; D[6]        ; 5.094 ; 5.183 ; 5.671 ; 5.760 ;
; B[6]       ; D[7]        ; 4.968 ; 5.049 ; 5.545 ; 5.626 ;
; B[6]       ; D[8]        ; 5.185 ; 5.173 ; 5.762 ; 5.734 ;
; B[7]       ; D[5]        ; 4.146 ; 4.010 ; 4.442 ; 4.313 ;
; B[7]       ; D[6]        ; 4.128 ; 4.138 ; 4.406 ; 4.434 ;
; B[7]       ; D[7]        ; 3.912 ; 3.997 ; 4.208 ; 4.293 ;
; B[7]       ; D[8]        ; 4.134 ; 4.122 ; 4.430 ; 4.400 ;
+------------+-------------+-------+-------+-------+-------+


+------------------------------------------------------------------------------------------------------------------------------------------------------------------------------------------------------------------------------------------------------------------------------------------------------------------------------------------------------------------+
; Board Trace Model Assignments                                                                                                                                                                                                                                                                                                                                    ;
+---------------+--------------+-------------------+-------------------------+-------------------------+---------------+---------------------+----------------+------------------+--------+------------------+------------------------+------------------------+--------------+---------------+-----------------+-------+---------------------+--------------------+
; Pin           ; I/O Standard ; Near Tline Length ; Near Tline L per Length ; Near Tline C per Length ; Near Series R ; Near Differential R ; Near Pull-up R ; Near Pull-down R ; Near C ; Far Tline Length ; Far Tline L per Length ; Far Tline C per Length ; Far Series R ; Far Pull-up R ; Far Pull-down R ; Far C ; Termination Voltage ; Far Differential R ;
+---------------+--------------+-------------------+-------------------------+-------------------------+---------------+---------------------+----------------+------------------+--------+------------------+------------------------+------------------------+--------------+---------------+-----------------+-------+---------------------+--------------------+
; D[0]          ; 2.5 V        ; 0 in              ; 0 H/in                  ; 0 F/in                  ; short         ; -                   ; open           ; open             ; open   ; 0 in             ; 0 H/in                 ; 0 F/in                 ; short        ; open          ; open            ; open  ; 0 V                 ; -                  ;
; D[1]          ; 2.5 V        ; 0 in              ; 0 H/in                  ; 0 F/in                  ; short         ; -                   ; open           ; open             ; open   ; 0 in             ; 0 H/in                 ; 0 F/in                 ; short        ; open          ; open            ; open  ; 0 V                 ; -                  ;
; D[2]          ; 2.5 V        ; 0 in              ; 0 H/in                  ; 0 F/in                  ; short         ; -                   ; open           ; open             ; open   ; 0 in             ; 0 H/in                 ; 0 F/in                 ; short        ; open          ; open            ; open  ; 0 V                 ; -                  ;
; D[3]          ; 2.5 V        ; 0 in              ; 0 H/in                  ; 0 F/in                  ; short         ; -                   ; open           ; open             ; open   ; 0 in             ; 0 H/in                 ; 0 F/in                 ; short        ; open          ; open            ; open  ; 0 V                 ; -                  ;
; D[4]          ; 2.5 V        ; 0 in              ; 0 H/in                  ; 0 F/in                  ; short         ; -                   ; open           ; open             ; open   ; 0 in             ; 0 H/in                 ; 0 F/in                 ; short        ; open          ; open            ; open  ; 0 V                 ; -                  ;
; D[5]          ; 2.5 V        ; 0 in              ; 0 H/in                  ; 0 F/in                  ; short         ; -                   ; open           ; open             ; open   ; 0 in             ; 0 H/in                 ; 0 F/in                 ; short        ; open          ; open            ; open  ; 0 V                 ; -                  ;
; D[6]          ; 2.5 V        ; 0 in              ; 0 H/in                  ; 0 F/in                  ; short         ; -                   ; open           ; open             ; open   ; 0 in             ; 0 H/in                 ; 0 F/in                 ; short        ; open          ; open            ; open  ; 0 V                 ; -                  ;
; D[7]          ; 2.5 V        ; 0 in              ; 0 H/in                  ; 0 F/in                  ; short         ; -                   ; open           ; open             ; open   ; 0 in             ; 0 H/in                 ; 0 F/in                 ; short        ; open          ; open            ; open  ; 0 V                 ; -                  ;
; D[8]          ; 2.5 V        ; 0 in              ; 0 H/in                  ; 0 F/in                  ; short         ; -                   ; open           ; open             ; open   ; 0 in             ; 0 H/in                 ; 0 F/in                 ; short        ; open          ; open            ; open  ; 0 V                 ; -                  ;
; ~ALTERA_DCLK~ ; 2.5 V        ; 0 in              ; 0 H/in                  ; 0 F/in                  ; short         ; -                   ; open           ; open             ; open   ; 0 in             ; 0 H/in                 ; 0 F/in                 ; short        ; open          ; open            ; open  ; 0 V                 ; -                  ;
; ~ALTERA_nCEO~ ; 2.5 V        ; 0 in              ; 0 H/in                  ; 0 F/in                  ; short         ; -                   ; open           ; open             ; open   ; 0 in             ; 0 H/in                 ; 0 F/in                 ; short        ; open          ; open            ; open  ; 0 V                 ; -                  ;
+---------------+--------------+-------------------+-------------------------+-------------------------+---------------+---------------------+----------------+------------------+--------+------------------+------------------------+------------------------+--------------+---------------+-----------------+-------+---------------------+--------------------+


+----------------------------------------------------------------------------+
; Input Transition Times                                                     ;
+-------------------------+--------------+-----------------+-----------------+
; Pin                     ; I/O Standard ; 10-90 Rise Time ; 90-10 Fall Time ;
+-------------------------+--------------+-----------------+-----------------+
; B[0]                    ; 2.5 V        ; 2000 ps         ; 2000 ps         ;
; A[0]                    ; 2.5 V        ; 2000 ps         ; 2000 ps         ;
; B[1]                    ; 2.5 V        ; 2000 ps         ; 2000 ps         ;
; A[1]                    ; 2.5 V        ; 2000 ps         ; 2000 ps         ;
; B[3]                    ; 2.5 V        ; 2000 ps         ; 2000 ps         ;
; A[3]                    ; 2.5 V        ; 2000 ps         ; 2000 ps         ;
; B[2]                    ; 2.5 V        ; 2000 ps         ; 2000 ps         ;
; A[2]                    ; 2.5 V        ; 2000 ps         ; 2000 ps         ;
; B[4]                    ; 2.5 V        ; 2000 ps         ; 2000 ps         ;
; A[4]                    ; 2.5 V        ; 2000 ps         ; 2000 ps         ;
; B[5]                    ; 2.5 V        ; 2000 ps         ; 2000 ps         ;
; A[5]                    ; 2.5 V        ; 2000 ps         ; 2000 ps         ;
; B[7]                    ; 2.5 V        ; 2000 ps         ; 2000 ps         ;
; A[7]                    ; 2.5 V        ; 2000 ps         ; 2000 ps         ;
; B[6]                    ; 2.5 V        ; 2000 ps         ; 2000 ps         ;
; A[6]                    ; 2.5 V        ; 2000 ps         ; 2000 ps         ;
; ~ALTERA_ASDO_DATA1~     ; 2.5 V        ; 2000 ps         ; 2000 ps         ;
; ~ALTERA_FLASH_nCE_nCSO~ ; 2.5 V        ; 2000 ps         ; 2000 ps         ;
; ~ALTERA_DATA0~          ; 2.5 V        ; 2000 ps         ; 2000 ps         ;
+-------------------------+--------------+-----------------+-----------------+


+--------------------------------------------------------------------------------------------------------------------------------------------------------------------------------------------------------------------------------------------------------------------------------------------------------------------------------------------------------------------------------------------------------------------------------------------------------------------------------------------------------------------------------------------------------------------------------------------------------------------------------------------------------------------------------------------+
; Slow Corner Signal Integrity Metrics                                                                                                                                                                                                                                                                                                                                                                                                                                                                                                                                                                                                                                                       ;
+---------------+--------------+---------------------+---------------------+------------------------------+------------------------------+---------------------+---------------------+--------------------------------------+--------------------------------------+-----------------------------+-----------------------------+----------------------------+----------------------------+-----------------------------+-----------------------------+--------------------+--------------------+-------------------------------------+-------------------------------------+----------------------------+----------------------------+---------------------------+---------------------------+
; Pin           ; I/O Standard ; Board Delay on Rise ; Board Delay on Fall ; Steady State Voh at FPGA Pin ; Steady State Vol at FPGA Pin ; Voh Max at FPGA Pin ; Vol Min at FPGA Pin ; Ringback Voltage on Rise at FPGA Pin ; Ringback Voltage on Fall at FPGA Pin ; 10-90 Rise Time at FPGA Pin ; 90-10 Fall Time at FPGA Pin ; Monotonic Rise at FPGA Pin ; Monotonic Fall at FPGA Pin ; Steady State Voh at Far-end ; Steady State Vol at Far-end ; Voh Max at Far-end ; Vol Min at Far-end ; Ringback Voltage on Rise at Far-end ; Ringback Voltage on Fall at Far-end ; 10-90 Rise Time at Far-end ; 90-10 Fall Time at Far-end ; Monotonic Rise at Far-end ; Monotonic Fall at Far-end ;
+---------------+--------------+---------------------+---------------------+------------------------------+------------------------------+---------------------+---------------------+--------------------------------------+--------------------------------------+-----------------------------+-----------------------------+----------------------------+----------------------------+-----------------------------+-----------------------------+--------------------+--------------------+-------------------------------------+-------------------------------------+----------------------------+----------------------------+---------------------------+---------------------------+
; D[0]          ; 2.5 V        ; 0 s                 ; 0 s                 ; 2.32 V                       ; 2.84e-007 V                  ; 2.35 V              ; -0.0105 V           ; 0.143 V                              ; 0.041 V                              ; 4.81e-010 s                 ; 4.81e-010 s                 ; Yes                        ; Yes                        ; 2.32 V                      ; 2.84e-007 V                 ; 2.35 V             ; -0.0105 V          ; 0.143 V                             ; 0.041 V                             ; 4.81e-010 s                ; 4.81e-010 s                ; Yes                       ; Yes                       ;
; D[1]          ; 2.5 V        ; 0 s                 ; 0 s                 ; 2.32 V                       ; 2.84e-007 V                  ; 2.35 V              ; -0.0105 V           ; 0.143 V                              ; 0.041 V                              ; 4.81e-010 s                 ; 4.81e-010 s                 ; Yes                        ; Yes                        ; 2.32 V                      ; 2.84e-007 V                 ; 2.35 V             ; -0.0105 V          ; 0.143 V                             ; 0.041 V                             ; 4.81e-010 s                ; 4.81e-010 s                ; Yes                       ; Yes                       ;
; D[2]          ; 2.5 V        ; 0 s                 ; 0 s                 ; 2.32 V                       ; 2.84e-007 V                  ; 2.35 V              ; -0.0105 V           ; 0.143 V                              ; 0.041 V                              ; 4.81e-010 s                 ; 4.81e-010 s                 ; Yes                        ; Yes                        ; 2.32 V                      ; 2.84e-007 V                 ; 2.35 V             ; -0.0105 V          ; 0.143 V                             ; 0.041 V                             ; 4.81e-010 s                ; 4.81e-010 s                ; Yes                       ; Yes                       ;
; D[3]          ; 2.5 V        ; 0 s                 ; 0 s                 ; 2.32 V                       ; 2.84e-007 V                  ; 2.35 V              ; -0.0105 V           ; 0.143 V                              ; 0.041 V                              ; 4.81e-010 s                 ; 4.81e-010 s                 ; Yes                        ; Yes                        ; 2.32 V                      ; 2.84e-007 V                 ; 2.35 V             ; -0.0105 V          ; 0.143 V                             ; 0.041 V                             ; 4.81e-010 s                ; 4.81e-010 s                ; Yes                       ; Yes                       ;
; D[4]          ; 2.5 V        ; 0 s                 ; 0 s                 ; 2.32 V                       ; 2.84e-007 V                  ; 2.35 V              ; -0.0105 V           ; 0.143 V                              ; 0.041 V                              ; 4.81e-010 s                 ; 4.81e-010 s                 ; Yes                        ; Yes                        ; 2.32 V                      ; 2.84e-007 V                 ; 2.35 V             ; -0.0105 V          ; 0.143 V                             ; 0.041 V                             ; 4.81e-010 s                ; 4.81e-010 s                ; Yes                       ; Yes                       ;
; D[5]          ; 2.5 V        ; 0 s                 ; 0 s                 ; 2.32 V                       ; 2.84e-007 V                  ; 2.35 V              ; -0.0105 V           ; 0.143 V                              ; 0.041 V                              ; 4.81e-010 s                 ; 4.81e-010 s                 ; Yes                        ; Yes                        ; 2.32 V                      ; 2.84e-007 V                 ; 2.35 V             ; -0.0105 V          ; 0.143 V                             ; 0.041 V                             ; 4.81e-010 s                ; 4.81e-010 s                ; Yes                       ; Yes                       ;
; D[6]          ; 2.5 V        ; 0 s                 ; 0 s                 ; 2.32 V                       ; 2.84e-007 V                  ; 2.35 V              ; -0.0105 V           ; 0.143 V                              ; 0.041 V                              ; 4.81e-010 s                 ; 4.81e-010 s                 ; Yes                        ; Yes                        ; 2.32 V                      ; 2.84e-007 V                 ; 2.35 V             ; -0.0105 V          ; 0.143 V                             ; 0.041 V                             ; 4.81e-010 s                ; 4.81e-010 s                ; Yes                       ; Yes                       ;
; D[7]          ; 2.5 V        ; 0 s                 ; 0 s                 ; 2.32 V                       ; 2.84e-007 V                  ; 2.35 V              ; -0.0105 V           ; 0.143 V                              ; 0.041 V                              ; 4.81e-010 s                 ; 4.81e-010 s                 ; Yes                        ; Yes                        ; 2.32 V                      ; 2.84e-007 V                 ; 2.35 V             ; -0.0105 V          ; 0.143 V                             ; 0.041 V                             ; 4.81e-010 s                ; 4.81e-010 s                ; Yes                       ; Yes                       ;
; D[8]          ; 2.5 V        ; 0 s                 ; 0 s                 ; 2.32 V                       ; 2.84e-007 V                  ; 2.35 V              ; -0.0105 V           ; 0.143 V                              ; 0.041 V                              ; 4.81e-010 s                 ; 4.81e-010 s                 ; Yes                        ; Yes                        ; 2.32 V                      ; 2.84e-007 V                 ; 2.35 V             ; -0.0105 V          ; 0.143 V                             ; 0.041 V                             ; 4.81e-010 s                ; 4.81e-010 s                ; Yes                       ; Yes                       ;
; ~ALTERA_DCLK~ ; 2.5 V        ; 0 s                 ; 0 s                 ; 2.32 V                       ; 1.53e-007 V                  ; 2.35 V              ; -0.00333 V          ; 0.096 V                              ; 0.006 V                              ; 4.5e-010 s                  ; 3.85e-010 s                 ; Yes                        ; Yes                        ; 2.32 V                      ; 1.53e-007 V                 ; 2.35 V             ; -0.00333 V         ; 0.096 V                             ; 0.006 V                             ; 4.5e-010 s                 ; 3.85e-010 s                ; Yes                       ; Yes                       ;
; ~ALTERA_nCEO~ ; 2.5 V        ; 0 s                 ; 0 s                 ; 2.32 V                       ; 2.51e-007 V                  ; 2.34 V              ; -0.00726 V          ; 0.108 V                              ; 0.026 V                              ; 6.58e-010 s                 ; 8.2e-010 s                  ; Yes                        ; Yes                        ; 2.32 V                      ; 2.51e-007 V                 ; 2.34 V             ; -0.00726 V         ; 0.108 V                             ; 0.026 V                             ; 6.58e-010 s                ; 8.2e-010 s                 ; Yes                       ; Yes                       ;
+---------------+--------------+---------------------+---------------------+------------------------------+------------------------------+---------------------+---------------------+--------------------------------------+--------------------------------------+-----------------------------+-----------------------------+----------------------------+----------------------------+-----------------------------+-----------------------------+--------------------+--------------------+-------------------------------------+-------------------------------------+----------------------------+----------------------------+---------------------------+---------------------------+


+--------------------------------------------------------------------------------------------------------------------------------------------------------------------------------------------------------------------------------------------------------------------------------------------------------------------------------------------------------------------------------------------------------------------------------------------------------------------------------------------------------------------------------------------------------------------------------------------------------------------------------------------------------------------------------------------+
; Fast Corner Signal Integrity Metrics                                                                                                                                                                                                                                                                                                                                                                                                                                                                                                                                                                                                                                                       ;
+---------------+--------------+---------------------+---------------------+------------------------------+------------------------------+---------------------+---------------------+--------------------------------------+--------------------------------------+-----------------------------+-----------------------------+----------------------------+----------------------------+-----------------------------+-----------------------------+--------------------+--------------------+-------------------------------------+-------------------------------------+----------------------------+----------------------------+---------------------------+---------------------------+
; Pin           ; I/O Standard ; Board Delay on Rise ; Board Delay on Fall ; Steady State Voh at FPGA Pin ; Steady State Vol at FPGA Pin ; Voh Max at FPGA Pin ; Vol Min at FPGA Pin ; Ringback Voltage on Rise at FPGA Pin ; Ringback Voltage on Fall at FPGA Pin ; 10-90 Rise Time at FPGA Pin ; 90-10 Fall Time at FPGA Pin ; Monotonic Rise at FPGA Pin ; Monotonic Fall at FPGA Pin ; Steady State Voh at Far-end ; Steady State Vol at Far-end ; Voh Max at Far-end ; Vol Min at Far-end ; Ringback Voltage on Rise at Far-end ; Ringback Voltage on Fall at Far-end ; 10-90 Rise Time at Far-end ; 90-10 Fall Time at Far-end ; Monotonic Rise at Far-end ; Monotonic Fall at Far-end ;
+---------------+--------------+---------------------+---------------------+------------------------------+------------------------------+---------------------+---------------------+--------------------------------------+--------------------------------------+-----------------------------+-----------------------------+----------------------------+----------------------------+-----------------------------+-----------------------------+--------------------+--------------------+-------------------------------------+-------------------------------------+----------------------------+----------------------------+---------------------------+---------------------------+
; D[0]          ; 2.5 V        ; 0 s                 ; 0 s                 ; 2.62 V                       ; 4.02e-008 V                  ; 2.71 V              ; -0.0351 V           ; 0.173 V                              ; 0.098 V                              ; 2.73e-010 s                 ; 2.69e-010 s                 ; Yes                        ; Yes                        ; 2.62 V                      ; 4.02e-008 V                 ; 2.71 V             ; -0.0351 V          ; 0.173 V                             ; 0.098 V                             ; 2.73e-010 s                ; 2.69e-010 s                ; Yes                       ; Yes                       ;
; D[1]          ; 2.5 V        ; 0 s                 ; 0 s                 ; 2.62 V                       ; 4.02e-008 V                  ; 2.71 V              ; -0.0351 V           ; 0.173 V                              ; 0.098 V                              ; 2.73e-010 s                 ; 2.69e-010 s                 ; Yes                        ; Yes                        ; 2.62 V                      ; 4.02e-008 V                 ; 2.71 V             ; -0.0351 V          ; 0.173 V                             ; 0.098 V                             ; 2.73e-010 s                ; 2.69e-010 s                ; Yes                       ; Yes                       ;
; D[2]          ; 2.5 V        ; 0 s                 ; 0 s                 ; 2.62 V                       ; 4.02e-008 V                  ; 2.71 V              ; -0.0351 V           ; 0.173 V                              ; 0.098 V                              ; 2.73e-010 s                 ; 2.69e-010 s                 ; Yes                        ; Yes                        ; 2.62 V                      ; 4.02e-008 V                 ; 2.71 V             ; -0.0351 V          ; 0.173 V                             ; 0.098 V                             ; 2.73e-010 s                ; 2.69e-010 s                ; Yes                       ; Yes                       ;
; D[3]          ; 2.5 V        ; 0 s                 ; 0 s                 ; 2.62 V                       ; 4.02e-008 V                  ; 2.71 V              ; -0.0351 V           ; 0.173 V                              ; 0.098 V                              ; 2.73e-010 s                 ; 2.69e-010 s                 ; Yes                        ; Yes                        ; 2.62 V                      ; 4.02e-008 V                 ; 2.71 V             ; -0.0351 V          ; 0.173 V                             ; 0.098 V                             ; 2.73e-010 s                ; 2.69e-010 s                ; Yes                       ; Yes                       ;
; D[4]          ; 2.5 V        ; 0 s                 ; 0 s                 ; 2.62 V                       ; 4.02e-008 V                  ; 2.71 V              ; -0.0351 V           ; 0.173 V                              ; 0.098 V                              ; 2.73e-010 s                 ; 2.69e-010 s                 ; Yes                        ; Yes                        ; 2.62 V                      ; 4.02e-008 V                 ; 2.71 V             ; -0.0351 V          ; 0.173 V                             ; 0.098 V                             ; 2.73e-010 s                ; 2.69e-010 s                ; Yes                       ; Yes                       ;
; D[5]          ; 2.5 V        ; 0 s                 ; 0 s                 ; 2.62 V                       ; 4.02e-008 V                  ; 2.71 V              ; -0.0351 V           ; 0.173 V                              ; 0.098 V                              ; 2.73e-010 s                 ; 2.69e-010 s                 ; Yes                        ; Yes                        ; 2.62 V                      ; 4.02e-008 V                 ; 2.71 V             ; -0.0351 V          ; 0.173 V                             ; 0.098 V                             ; 2.73e-010 s                ; 2.69e-010 s                ; Yes                       ; Yes                       ;
; D[6]          ; 2.5 V        ; 0 s                 ; 0 s                 ; 2.62 V                       ; 4.02e-008 V                  ; 2.71 V              ; -0.0351 V           ; 0.173 V                              ; 0.098 V                              ; 2.73e-010 s                 ; 2.69e-010 s                 ; Yes                        ; Yes                        ; 2.62 V                      ; 4.02e-008 V                 ; 2.71 V             ; -0.0351 V          ; 0.173 V                             ; 0.098 V                             ; 2.73e-010 s                ; 2.69e-010 s                ; Yes                       ; Yes                       ;
; D[7]          ; 2.5 V        ; 0 s                 ; 0 s                 ; 2.62 V                       ; 4.02e-008 V                  ; 2.71 V              ; -0.0351 V           ; 0.173 V                              ; 0.098 V                              ; 2.73e-010 s                 ; 2.69e-010 s                 ; Yes                        ; Yes                        ; 2.62 V                      ; 4.02e-008 V                 ; 2.71 V             ; -0.0351 V          ; 0.173 V                             ; 0.098 V                             ; 2.73e-010 s                ; 2.69e-010 s                ; Yes                       ; Yes                       ;
; D[8]          ; 2.5 V        ; 0 s                 ; 0 s                 ; 2.62 V                       ; 4.02e-008 V                  ; 2.71 V              ; -0.0351 V           ; 0.173 V                              ; 0.098 V                              ; 2.73e-010 s                 ; 2.69e-010 s                 ; Yes                        ; Yes                        ; 2.62 V                      ; 4.02e-008 V                 ; 2.71 V             ; -0.0351 V          ; 0.173 V                             ; 0.098 V                             ; 2.73e-010 s                ; 2.69e-010 s                ; Yes                       ; Yes                       ;
; ~ALTERA_DCLK~ ; 2.5 V        ; 0 s                 ; 0 s                 ; 2.62 V                       ; 2.2e-008 V                   ; 2.74 V              ; -0.061 V            ; 0.159 V                              ; 0.078 V                              ; 2.7e-010 s                  ; 2.2e-010 s                  ; No                         ; Yes                        ; 2.62 V                      ; 2.2e-008 V                  ; 2.74 V             ; -0.061 V           ; 0.159 V                             ; 0.078 V                             ; 2.7e-010 s                 ; 2.2e-010 s                 ; No                        ; Yes                       ;
; ~ALTERA_nCEO~ ; 2.5 V        ; 0 s                 ; 0 s                 ; 2.62 V                       ; 3.52e-008 V                  ; 2.7 V               ; -0.012 V            ; 0.274 V                              ; 0.034 V                              ; 3.18e-010 s                 ; 4.96e-010 s                 ; No                         ; Yes                        ; 2.62 V                      ; 3.52e-008 V                 ; 2.7 V              ; -0.012 V           ; 0.274 V                             ; 0.034 V                             ; 3.18e-010 s                ; 4.96e-010 s                ; No                        ; Yes                       ;
+---------------+--------------+---------------------+---------------------+------------------------------+------------------------------+---------------------+---------------------+--------------------------------------+--------------------------------------+-----------------------------+-----------------------------+----------------------------+----------------------------+-----------------------------+-----------------------------+--------------------+--------------------+-------------------------------------+-------------------------------------+----------------------------+----------------------------+---------------------------+---------------------------+


-------------------
; Clock Transfers ;
-------------------
Nothing to report.


---------------
; Report TCCS ;
---------------
No dedicated SERDES Transmitter circuitry present in device or used in design


---------------
; Report RSKM ;
---------------
No dedicated SERDES Receiver circuitry present in device or used in design


+------------------------------------------------+
; Unconstrained Paths                            ;
+---------------------------------+-------+------+
; Property                        ; Setup ; Hold ;
+---------------------------------+-------+------+
; Illegal Clocks                  ; 0     ; 0    ;
; Unconstrained Clocks            ; 0     ; 0    ;
; Unconstrained Input Ports       ; 16    ; 16   ;
; Unconstrained Input Port Paths  ; 100   ; 100  ;
; Unconstrained Output Ports      ; 9     ; 9    ;
; Unconstrained Output Port Paths ; 100   ; 100  ;
+---------------------------------+-------+------+


+------------------------------------+
; TimeQuest Timing Analyzer Messages ;
+------------------------------------+
Info: *******************************************************************
Info: Running Quartus II TimeQuest Timing Analyzer
    Info: Version 9.1 Build 304 01/25/2010 Service Pack 1 SJ Web Edition
    Info: Processing started: Sat Oct 21 13:55:31 2017
Info: Command: quartus_sta BCDma -c BCDma
Info: qsta_default_script.tcl version: #1
Info: Core supply voltage is 1.2V
Info: Low junction temperature is 0 degrees C
Info: High junction temperature is 85 degrees C
Critical Warning: Synopsys Design Constraints File file not found: 'BCDma.sdc'. A Synopsys Design Constraints File is required by the TimeQuest Timing Analyzer to get proper timing constraints. Without it, the Compiler will not properly optimize the design.
Info: No user constrained base clocks found in the design. Calling "derive_clocks -period 1.0"
Info: The command derive_clocks did not find any clocks to derive.  No clocks were created or changed.
Warning: No clocks defined in design.
Info: No user constrained clock uncertainty found in the design. Calling "derive_clock_uncertainty"
Info: The derive_clock_uncertainty command did not apply clock uncertainty to any clock-to-clock transfers.
Info: No clocks to report
Info: Analyzing Slow 1200mV 85C Model
Info: No fmax paths to report
Info: No Setup paths to report
Info: No Hold paths to report
Info: No Recovery paths to report
Info: No Removal paths to report
Info: No Minimum Pulse Width paths to report
Info: Analyzing Slow 1200mV 0C Model
Info: Started post-fitting delay annotation
Info: Delay annotation completed successfully
Info: No user constrained base clocks found in the design. Calling "derive_clocks -period 1.0"
Info: The command derive_clocks did not find any clocks to derive.  No clocks were created or changed.
Warning: No clocks defined in design.
Info: The derive_clock_uncertainty command did not apply clock uncertainty to any clock-to-clock transfers.
Info: No fmax paths to report
Info: No Setup paths to report
Info: No Hold paths to report
Info: No Recovery paths to report
Info: No Removal paths to report
Info: No Minimum Pulse Width paths to report
Info: Analyzing Fast 1200mV 0C Model
Info: Started post-fitting delay annotation
Info: Delay annotation completed successfully
Info: No user constrained base clocks found in the design. Calling "derive_clocks -period 1.0"
Info: The command derive_clocks did not find any clocks to derive.  No clocks were created or changed.
Warning: No clocks defined in design.
Info: The derive_clock_uncertainty command did not apply clock uncertainty to any clock-to-clock transfers.
Info: No Setup paths to report
Info: No Hold paths to report
Info: No Recovery paths to report
Info: No Removal paths to report
Info: No Minimum Pulse Width paths to report
Info: Design is not fully constrained for setup requirements
Info: Design is not fully constrained for hold requirements
Info: Quartus II TimeQuest Timing Analyzer was successful. 0 errors, 4 warnings
    Info: Peak virtual memory: 239 megabytes
    Info: Processing ended: Sat Oct 21 13:55:34 2017
    Info: Elapsed time: 00:00:03
    Info: Total CPU time (on all processors): 00:00:02


